[2024/7/3 18:2:56:781]-[INFO]: =========== Begin ===========
[2024/7/3 18:2:56:782]-[INFO]: 清除历史代码文件
[2024/7/3 18:2:59:281]-[INFO]: generate font config file:
[2024/7/3 18:2:59:282]-[INFO]: the numbers of font is: 0.
[2024/7/3 18:2:59:282]-[INFO]: generate font config done.
[2024/7/3 18:2:59:283]-[INFO]: 开始生成图片资源
[2024/7/3 18:2:59:346]-[INFO]: start copy img files
[2024/7/3 18:2:59:346]-[INFO]: img length:1
[2024/7/3 18:2:59:453]-[INFO]: end copy img files
[2024/7/3 18:2:59:453]-[INFO]: start cvt img files
[2024/7/3 18:3:0:664]-[INFO]: end cvt img files
[2024/7/3 18:3:0:664]-[INFO]: 开始生成代码
[2024/7/3 18:3:0:767]-[INFO]: start create code
[2024/7/3 18:3:0:772]-[INFO]: end create code
[2024/7/3 18:3:0:773]-[INFO]: start create gt_ui.c
[2024/7/3 18:3:0:775]-[INFO]: end create gt_ui.c
[2024/7/3 18:3:0:775]-[INFO]: start create gt_ui.h
[2024/7/3 18:3:0:776]-[INFO]: end create gt_ui.h
[2024/7/3 18:3:0:776]-[INFO]: start create gt_ui.mk
[2024/7/3 18:3:0:777]-[INFO]: end create gt_ui.mk
[2024/7/3 18:3:0:777]-[INFO]: start create gt_conf.h
[2024/7/3 18:3:0:778]-[INFO]: end create gt_conf.h
[2024/7/3 18:3:0:778]-[INFO]: start create code
[2024/7/3 18:3:0:780]-[INFO]: end create code
[2024/7/3 18:3:0:781]-[INFO]: start create gt_ui.c
[2024/7/3 18:3:0:782]-[INFO]: end create gt_ui.c
[2024/7/3 18:3:0:782]-[INFO]: start create gt_ui.h
[2024/7/3 18:3:0:783]-[INFO]: end create gt_ui.h
[2024/7/3 18:3:0:783]-[INFO]: 开始编译
[2024/7/3 18:3:2:527]-[INFO]: "Compiling ./Makefile/../drivers/display/monitor.c"
[2024/7/3 18:3:3:95]-[INFO]: "Compiling ./Makefile/../drivers/display/icon.c"
[2024/7/3 18:3:3:556]-[INFO]: "Compiling ./Makefile/../drivers/indev/keyboard.c"
[2024/7/3 18:3:4:49]-[INFO]: "Compiling ./Makefile/../drivers/indev/mouse.c"
[2024/7/3 18:3:4:176]-[INFO]: "Compiling ./Makefile/../drivers/indev/mousewheel.c"
[2024/7/3 18:3:4:645]-[INFO]: "Compiling ./Makefile/../drivers/indev/evdev.c"
[2024/7/3 18:3:4:850]-[INFO]: "Compiling ./Makefile/../drivers/indev/libinput.c"
[2024/7/3 18:3:5:334]-[INFO]: "Compiling ./Makefile/../drivers/win_drv.c"
[2024/7/3 18:3:5:633]-[INFO]: "Compiling ./Makefile/../../GT-HMI-Engine/driver/gt_port_disp.c"
[2024/7/3 18:3:5:963]-[INFO]: "Compiling ./Makefile/../../GT-HMI-Engine/driver/gt_port_indev.c"
[2024/7/3 18:3:6:154]-[INFO]: "Compiling ./Makefile/../../GT-HMI-Engine/driver/gt_port_src.c"
[2024/7/3 18:3:6:550]-[INFO]: "Compiling ./Makefile/../../GT-HMI-Engine/driver/gt_port_vf.c"
[2024/7/3 18:3:6:732]-[INFO]: "Compiling ./Makefile/../../GT-HMI-Engine/src/core/gt_draw.c"
[2024/7/3 18:3:7:61]-[INFO]: "Compiling ./Makefile/../../GT-HMI-Engine/src/core/gt_disp.c"
[2024/7/3 18:3:7:243]-[INFO]: "Compiling ./Makefile/../../GT-HMI-Engine/src/core/gt_event.c"
[2024/7/3 18:3:7:584]-[INFO]: "Compiling ./Makefile/../../GT-HMI-Engine/src/core/gt_fs.c"
[2024/7/3 18:3:7:967]-[INFO]: "Compiling ./Makefile/../../GT-HMI-Engine/src/core/gt_graph_base.c"
[2024/7/3 18:3:8:263]-[INFO]: "Compiling ./Makefile/../../GT-HMI-Engine/src/core/gt_handler.c"
[2024/7/3 18:3:8:585]-[INFO]: "Compiling ./Makefile/../../GT-HMI-Engine/src/core/gt_img_decoder.c"
[2024/7/3 18:3:8:782]-[INFO]: "Compiling ./Makefile/../../GT-HMI-Engine/src/core/gt_indev.c"
[2024/7/3 18:3:8:994]-[INFO]: "Compiling ./Makefile/../../GT-HMI-Engine/src/core/gt_layout.c"
[2024/7/3 18:3:9:286]-[INFO]: "Compiling ./Makefile/../../GT-HMI-Engine/src/core/gt_mem.c"
[2024/7/3 18:3:9:486]-[INFO]: "Compiling ./Makefile/../../GT-HMI-Engine/src/core/gt_obj_pos.c"
[2024/7/3 18:3:9:814]-[INFO]: "Compiling ./Makefile/../../GT-HMI-Engine/src/core/gt_obj_scroll.c"
[2024/7/3 18:3:10:616]-[INFO]: "Compiling ./Makefile/../../GT-HMI-Engine/src/core/gt_refr.c"
[2024/7/3 18:3:11:546]-[INFO]: "Compiling ./Makefile/../../GT-HMI-Engine/src/core/gt_scr_stack.c"
[2024/7/3 18:3:12:62]-[INFO]: "Compiling ./Makefile/../../GT-HMI-Engine/src/core/gt_style.c"
[2024/7/3 18:3:13:324]-[INFO]: "Compiling ./Makefile/../../GT-HMI-Engine/src/core/gt_timer.c"
[2024/7/3 18:3:14:152]-[INFO]: "Compiling ./Makefile/../../GT-HMI-Engine/src/extra/gt_extra.c"
[2024/7/3 18:3:16:286]-[INFO]: "Compiling ./Makefile/../../GT-HMI-Engine/src/font/gt_font.c"
[2024/7/3 18:3:17:88]-[INFO]: "Compiling ./Makefile/../../GT-HMI-Engine/src/font/gt_symbol.c"
[2024/7/3 18:3:17:502]-[INFO]: "Compiling ./Makefile/../../GT-HMI-Engine/src/hal/gt_hal_disp.c"
[2024/7/3 18:3:18:630]-[INFO]: "Compiling ./Makefile/../../GT-HMI-Engine/src/hal/gt_hal_file_header.c"
[2024/7/3 18:3:19:154]-[INFO]: "Compiling ./Makefile/../../GT-HMI-Engine/src/hal/gt_hal_fs.c"
[2024/7/3 18:3:19:582]-[INFO]: "Compiling ./Makefile/../../GT-HMI-Engine/src/hal/gt_hal_indev.c"
[2024/7/3 18:3:20:586]-[INFO]: "Compiling ./Makefile/../../GT-HMI-Engine/src/hal/gt_hal_src.c"
[2024/7/3 18:3:20:999]-[INFO]: "Compiling ./Makefile/../../GT-HMI-Engine/src/hal/gt_hal_tick.c"
[2024/7/3 18:3:21:401]-[INFO]: "Compiling ./Makefile/../../GT-HMI-Engine/src/hal/gt_hal_vf.c"
[2024/7/3 18:3:22:112]-[INFO]: "Compiling ./Makefile/../../GT-HMI-Engine/src/widgets/gt_barcode.c"
[2024/7/3 18:3:22:515]-[INFO]: "Compiling ./Makefile/../../GT-HMI-Engine/src/widgets/gt_btn.c"
[2024/7/3 18:3:22:842]-[INFO]: "Compiling ./Makefile/../../GT-HMI-Engine/src/widgets/gt_btnmap.c"
[2024/7/3 18:3:23:168]-[INFO]: "Compiling ./Makefile/../../GT-HMI-Engine/src/widgets/gt_chat.c"
[2024/7/3 18:3:23:431]-[INFO]: "Compiling ./Makefile/../../GT-HMI-Engine/src/widgets/gt_checkbox.c"
[2024/7/3 18:3:23:741]-[INFO]: "Compiling ./Makefile/../../GT-HMI-Engine/src/widgets/gt_clock.c"
[2024/7/3 18:3:24:39]-[INFO]: "Compiling ./Makefile/../../GT-HMI-Engine/src/widgets/gt_dialog.c"
[2024/7/3 18:3:24:368]-[INFO]: "Compiling ./Makefile/../../GT-HMI-Engine/src/widgets/gt_gif.c"
[2024/7/3 18:3:24:666]-[INFO]: "Compiling ./Makefile/../../GT-HMI-Engine/src/widgets/gt_group.c"
[2024/7/3 18:3:24:982]-[INFO]: "Compiling ./Makefile/../../GT-HMI-Engine/src/widgets/gt_img.c"
[2024/7/3 18:3:25:288]-[INFO]: "Compiling ./Makefile/../../GT-HMI-Engine/src/widgets/gt_imgbtn.c"
[2024/7/3 18:3:25:589]-[INFO]: "Compiling ./Makefile/../../GT-HMI-Engine/src/widgets/gt_input_number.c"
[2024/7/3 18:3:25:877]-[INFO]: "Compiling ./Makefile/../../GT-HMI-Engine/src/widgets/gt_input.c"
[2024/7/3 18:3:26:85]-[INFO]: "Compiling ./Makefile/../../GT-HMI-Engine/src/widgets/gt_keypad.c"
[2024/7/3 18:3:26:411]-[INFO]: "Compiling ./Makefile/../../GT-HMI-Engine/src/widgets/gt_label.c"
[2024/7/3 18:3:26:598]-[INFO]: "Compiling ./Makefile/../../GT-HMI-Engine/src/widgets/gt_line.c"
[2024/7/3 18:3:26:925]-[INFO]: "Compiling ./Makefile/../../GT-HMI-Engine/src/widgets/gt_listview.c"
[2024/7/3 18:3:27:110]-[INFO]: "Compiling ./Makefile/../../GT-HMI-Engine/src/widgets/gt_obj_class.c"
[2024/7/3 18:3:27:358]-[INFO]: "Compiling ./Makefile/../../GT-HMI-Engine/src/widgets/gt_obj.c"
[2024/7/3 18:3:27:518]-[INFO]: "Compiling ./Makefile/../../GT-HMI-Engine/src/widgets/gt_option.c"
[2024/7/3 18:3:27:724]-[INFO]: "Compiling ./Makefile/../../GT-HMI-Engine/src/widgets/gt_player.c"
[2024/7/3 18:3:27:943]-[INFO]: "Compiling ./Makefile/../../GT-HMI-Engine/src/widgets/gt_progress_bar.c"
[2024/7/3 18:3:28:141]-[INFO]: "Compiling ./Makefile/../../GT-HMI-Engine/src/widgets/gt_qrcode.c"
[2024/7/3 18:3:28:449]-[INFO]: "Compiling ./Makefile/../../GT-HMI-Engine/src/widgets/gt_radio.c"
[2024/7/3 18:3:28:757]-[INFO]: "Compiling ./Makefile/../../GT-HMI-Engine/src/widgets/gt_rect.c"
[2024/7/3 18:3:28:967]-[INFO]: "Compiling ./Makefile/../../GT-HMI-Engine/src/widgets/gt_roller.c"
[2024/7/3 18:3:29:273]-[INFO]: "Compiling ./Makefile/../../GT-HMI-Engine/src/widgets/gt_slider.c"
[2024/7/3 18:3:29:471]-[INFO]: "Compiling ./Makefile/../../GT-HMI-Engine/src/widgets/gt_status_bar.c"
[2024/7/3 18:3:29:672]-[INFO]: "Compiling ./Makefile/../../GT-HMI-Engine/src/widgets/gt_switch.c"
[2024/7/3 18:3:29:972]-[INFO]: "Compiling ./Makefile/../../GT-HMI-Engine/src/widgets/gt_template.c"
[2024/7/3 18:3:30:179]-[INFO]: "Compiling ./Makefile/../../GT-HMI-Engine/src/widgets/gt_textarea.c"
[2024/7/3 18:3:30:494]-[INFO]: "Compiling ./Makefile/../../GT-HMI-Engine/src/widgets/gt_wordart.c"
[2024/7/3 18:3:30:802]-[INFO]: "Compiling ./Makefile/../../GT-HMI-Engine/src/widgets/gt_view_pager.c"
[2024/7/3 18:3:31:101]-[INFO]: "Compiling ./Makefile/../../GT-HMI-Engine/src/others/gt_anim.c"
[2024/7/3 18:3:31:411]-[INFO]: "Compiling ./Makefile/../../GT-HMI-Engine/src/others/gt_area.c"
[2024/7/3 18:3:31:512]-[INFO]: "Compiling ./Makefile/../../GT-HMI-Engine/src/others/gt_color.c"
[2024/7/3 18:3:31:828]-[INFO]: "Compiling ./Makefile/../../GT-HMI-Engine/src/others/gt_effects.c"
[2024/7/3 18:3:32:126]-[INFO]: "Compiling ./Makefile/../../GT-HMI-Engine/src/others/gt_gc.c"
[2024/7/3 18:3:32:354]-[INFO]: "Compiling ./Makefile/../../GT-HMI-Engine/src/others/gt_ll.c"
[2024/7/3 18:3:32:541]-[INFO]: "Compiling ./Makefile/../../GT-HMI-Engine/src/others/gt_math.c"
[2024/7/3 18:3:32:855]-[INFO]: "Compiling ./Makefile/../../GT-HMI-Engine/src/others/gt_tlsf.c"
[2024/7/3 18:3:33:315]-[INFO]: "Compiling ./Makefile/../../GT-HMI-Engine/src/others/gt_txt.c""Compiling ./Makefile/../../GT-HMI-Engine/src/utils/gt_stack.c"
[2024/7/3 18:3:33:461]-[INFO]: "Compiling ./Makefile/../../GT-HMI-Engine/src/utils/gt_vector.c"
[2024/7/3 18:3:33:773]-[INFO]: "Compiling ./Makefile/../../GT-HMI-Engine/src/extra/draw/gt_draw_blend_with_argb888.c"
[2024/7/3 18:3:34:69]-[INFO]: "Compiling ./Makefile/../../GT-HMI-Engine/src/extra/draw/gt_draw_blend_with_rgb565.c"
[2024/7/3 18:3:34:283]-[INFO]: "Compiling ./Makefile/../../GT-HMI-Engine/src/extra/draw/gt_draw_blend_with_rgb888.c"
[2024/7/3 18:3:34:487]-[INFO]: "Compiling ./Makefile/../../GT-HMI-Engine/src/extra/draw/gt_draw_blend.c"
[2024/7/3 18:3:34:799]-[INFO]: "Compiling ./Makefile/../../GT-HMI-Engine/src/extra/png/gt_png.c"
[2024/7/3 18:3:35:106]-[INFO]: "Compiling ./Makefile/../../GT-HMI-Engine/src/extra/png/lodepng.c"
[2024/7/3 18:3:35:415]-[INFO]: "Compiling ./Makefile/../../GT-HMI-Engine/src/extra/jpeg/gt_sjpg.c"
[2024/7/3 18:3:35:610]-[INFO]: "Compiling ./Makefile/../../GT-HMI-Engine/src/extra/jpeg/tjpgd.c"
[2024/7/3 18:3:35:921]-[INFO]: "Compiling ./Makefile/../../GT-HMI-Engine/src/extra/gif/gifdec.c"
[2024/7/3 18:3:36:125]-[INFO]: "Compiling ./Makefile/../../app/ui/gt_ui.c"
[2024/7/3 18:3:36:436]-[INFO]: "Compiling ./Makefile/../../app/ui/gt_init_screen_home.c"
[2024/7/3 18:3:36:744]-[INFO]: "Compiling ./Makefile/../../app/imgs/img_src_0.c"
[2024/7/3 18:3:36:941]-[INFO]: "Compiling ./Makefile/../../app/imgs/img_src_10.c"
[2024/7/3 18:3:37:255]-[INFO]: "Compiling ./Makefile/../../app/imgs/gt_src.c"
[2024/7/3 18:3:37:564]-[INFO]: "Compiling ./Makefile/../../app/imgs/img_src_40.c"
[2024/7/3 18:3:37:763]-[INFO]: "Compiling ./Makefile/../../app/imgs/img_src_50.c"
[2024/7/3 18:3:37:965]-[INFO]: "Compiling ./Makefile/../../app/imgs/img_src_30.c"
[2024/7/3 18:3:38:275]-[INFO]: "Compiling ./Makefile/../../app/imgs/img_src_20.c"
[2024/7/3 18:3:38:680]-[INFO]: "Compiling ./Makefile/../main.c"
[2024/7/3 18:3:41:555]-[INFO]: "Linking app.exe"
[2024/7/3 18:3:42:120]-[INFO]: 编译完成, 正在启动中...
[2024/7/3 18:3:42:846]-[INFO]: 开始运行
[2024/7/3 18:3:43:396]-[INFO]: Added 78300 bytes from img_100x261_wdl_0.png, offset: 0
[2024/7/3 18:3:43:397]-[INFO]: Added 78300 bytes from img_100x261_wdl_1.png, offset: 78300
[2024/7/3 18:3:43:397]-[INFO]: Added 78300 bytes from img_100x261_wdl_2.png, offset: 156600
[2024/7/3 18:3:43:398]-[INFO]: Added 78300 bytes from img_100x261_wdl_3.png, offset: 234900
[2024/7/3 18:3:43:398]-[INFO]: Added 78300 bytes from img_100x261_wdl_4.png, offset: 313200
[2024/7/3 18:3:43:398]-[INFO]: Added 78300 bytes from img_100x261_wdl_5.png, offset: 391500
[2024/7/3 18:3:43:399]-[INFO]: Added 81300 bytes from img_100x271_wdr_0.png, offset: 469800
[2024/7/3 18:3:43:399]-[INFO]: Added 81300 bytes from img_100x271_wdr_1.png, offset: 551100
[2024/7/3 18:3:43:399]-[INFO]: Added 81300 bytes from img_100x271_wdr_2.png, offset: 632400
[2024/7/3 18:3:43:400]-[INFO]: Added 81300 bytes from img_100x271_wdr_3.png, offset: 713700
[2024/7/3 18:3:43:400]-[INFO]: Added 81300 bytes from img_100x271_wdr_4.png, offset: 795000
[2024/7/3 18:3:43:400]-[INFO]: Added 81300 bytes from img_100x271_wdr_5.png, offset: 876300
[2024/7/3 18:3:43:401]-[INFO]: Added 134676 bytes from img_174x258_zyl_1.png, offset: 957600
[2024/7/3 18:3:43:401]-[INFO]: Added 134676 bytes from img_174x258_zyl_2.png, offset: 1092276
[2024/7/3 18:3:43:401]-[INFO]: Added 134676 bytes from img_174x258_zyr_1.png, offset: 1226952
[2024/7/3 18:3:43:402]-[INFO]: Added 134676 bytes from img_174x258_zyr_2.png, offset: 1361628
[2024/7/3 18:3:43:402]-[INFO]: Added 1088 bytes from img_32x17_10_32x17.png, offset: 1496304
[2024/7/3 18:3:43:402]-[INFO]: Added 1088 bytes from img_32x17_11_32x17.png, offset: 1497392
[2024/7/3 18:3:43:403]-[INFO]: Added 1088 bytes from img_32x17_1_32x17.png, offset: 1498480
[2024/7/3 18:3:43:403]-[INFO]: Added 1088 bytes from img_32x17_2_32x17.png, offset: 1499568
[2024/7/3 18:3:43:403]-[INFO]: Added 1088 bytes from img_32x17_3_32x17.png, offset: 1500656
[2024/7/3 18:3:43:403]-[INFO]: Added 1088 bytes from img_32x17_4_32x17.png, offset: 1501744
[2024/7/3 18:3:43:404]-[INFO]: Added 1088 bytes from img_32x17_5_32x17.png, offset: 1502832
[2024/7/3 18:3:43:404]-[INFO]: Added 1088 bytes from img_32x17_6_32x17.png, offset: 1503920
[2024/7/3 18:3:43:404]-[INFO]: Added 1088 bytes from img_32x17_7_32x17.png, offset: 1505008
[2024/7/3 18:3:43:404]-[INFO]: Added 1088 bytes from img_32x17_8_32x17.png, offset: 1506096
[2024/7/3 18:3:43:405]-[INFO]: Added 1088 bytes from img_32x17_9_32x17.png, offset: 1507184
[2024/7/3 18:3:43:405]-[INFO]: Added 2312 bytes from img_34x34_19_34x3453x95.png, offset: 1508272
[2024/7/3 18:3:43:405]-[INFO]: Added 2312 bytes from img_34x34_19_p.png, offset: 1510584
[2024/7/3 18:3:43:405]-[INFO]: Added 2312 bytes from img_34x34_20_34x3453x382.png, offset: 1512896
[2024/7/3 18:3:43:406]-[INFO]: Added 2312 bytes from img_34x34_20_p.png, offset: 1515208
[2024/7/3 18:3:43:406]-[INFO]: Added 2312 bytes from img_34x34_26_34x34383x167.png, offset: 1517520
[2024/7/3 18:3:43:406]-[INFO]: Added 2312 bytes from img_34x34_26_p.png, offset: 1519832
[2024/7/3 18:3:43:406]-[INFO]: Added 2312 bytes from img_34x34_27_34x34383x277.png, offset: 1522144
[2024/7/3 18:3:43:407]-[INFO]: Added 2312 bytes from img_34x34_27_p.png, offset: 1524456
[2024/7/3 18:3:43:407]-[INFO]: Added 3540 bytes from img_59x30_18_59x3045x33.png, offset: 1526768
[2024/7/3 18:3:43:407]-[INFO]: Added 3540 bytes from img_59x30_20_59x3045x33.png, offset: 1530308
[2024/7/3 18:3:43:407]-[INFO]: Added 3540 bytes from img_59x30_23_59x3045x33.png, offset: 1533848
[2024/7/3 18:3:43:408]-[INFO]: Added 3540 bytes from img_59x30_26_59x3045x33.png, offset: 1537388
[2024/7/3 18:3:43:408]-[INFO]: Added 3540 bytes from img_59x30_29_59x3045x33.png, offset: 1540928
[2024/7/3 18:3:43:408]-[INFO]: Added 3540 bytes from img_59x30_32_59x3045x33.png, offset: 1544468
[2024/7/3 18:3:43:409]-[INFO]: Added 768000 bytes from img_800x480_bjcz.png, offset: 1548008
[2024/7/3 18:3:43:409]-[INFO]: Added 10584 bytes from img_84x63_1_84x63122x417.png, offset: 2316008
[2024/7/3 18:3:43:409]-[INFO]: Added 10584 bytes from img_84x63_1_p.png, offset: 2326592
[2024/7/3 18:3:43:409]-[INFO]: Added 10584 bytes from img_84x63_2_84x63219x417.png, offset: 2337176
[2024/7/3 18:3:43:410]-[INFO]: Added 10584 bytes from img_84x63_2_p.png, offset: 2347760
[2024/7/3 18:3:43:410]-[INFO]: Added 10584 bytes from img_84x63_3_84x63316x417.png, offset: 2358344
[2024/7/3 18:3:43:410]-[INFO]: Added 10584 bytes from img_84x63_3_p.png, offset: 2368928
[2024/7/3 18:3:43:411]-[INFO]: Added 10584 bytes from img_84x63_4_84x63412x417.png, offset: 2379512
[2024/7/3 18:3:43:411]-[INFO]: Added 10584 bytes from img_84x63_4_p.png, offset: 2390096
[2024/7/3 18:3:43:411]-[INFO]: Added 10584 bytes from img_84x63_5_84x63507x417.png, offset: 2400680
[2024/7/3 18:3:43:412]-[INFO]: Added 10584 bytes from img_84x63_5_p.png, offset: 2411264
[2024/7/3 18:3:43:412]-[INFO]: Added 10584 bytes from img_84x63_6_83x63603x417.png, offset: 2421848
[2024/7/3 18:3:43:412]-[INFO]: Added 10584 bytes from img_84x63_6_p.png, offset: 2432432
[2024/7/3 18:3:43:412]-[INFO]: Added 162 bytes from img_9x9_15_9x9752x28.png, offset: 2443016
[2024/7/3 18:3:43:413]-[INFO]: Added 162 bytes from img_9x9_17_9x9109x28.png, offset: 2443178
[2024/7/3 18:3:43:427]-[INFO]: Total size of binary data: 2443340 bytes
[2024/7/3 18:3:43:436]-[INFO]: Begin to compound the font and source bin file.
[2024/7/3 18:3:43:436]-[INFO]: Begin to export the font bin.
[2024/7/3 18:3:43:723]-[INFO]: create lib source file failed.
[2024/7/3 18:3:43:724]-[INFO]: Begin to export the whole resource bin file.
[2024/7/3 18:3:43:726]-[INFO]: Begin to export images driver code.
[2024/7/3 18:3:43:739]-[INFO]: Begin to compound the font and source bin file.
[2024/7/3 18:3:43:740]-[INFO]: Begin to export the font bin.
[2024/7/3 18:3:44:27]-[INFO]: create lib source file failed.
[2024/7/3 18:3:44:28]-[INFO]: Begin to export the whole resource bin file.
[2024/7/3 18:3:44:30]-[INFO]: Begin to export images driver code.
[2024/7/3 18:3:44:609]-[INFO]: 素材bin文件路径: C:\Users\Z\Desktop\HMI 测试文件\7c_vehicle\board.
[2024/7/3 18:3:44:614]-[INFO]: 素材bin文件路径: C:\Users\Z\Desktop\HMI 测试文件\7c_vehicle\out.
[2024/7/3 18:3:44:721]-[INFO]: 素材数组调用代码路径: C:\Users\Z\Desktop\HMI 测试文件\7c_vehicle\sources\ui.
[2024/7/3 18:3:44:721]-[INFO]: 素材flash调用代码路径: C:\Users\Z\Desktop\HMI 测试文件\7c_vehicle\screen.
