[2024/8/6 11:37:23:490]-[INFO]: =========== Begin ===========
[2024/8/6 11:37:23:491]-[INFO]: 清除历史代码文件
[2024/8/6 11:37:26:516]-[INFO]: generate font config file:
[2024/8/6 11:37:26:519]-[INFO]: the numbers of font is: 5.
[2024/8/6 11:37:26:519]-[INFO]: generate font config done.
[2024/8/6 11:37:26:520]-[INFO]: 开始生成图片资源
[2024/8/6 11:37:26:585]-[INFO]: start copy img files
[2024/8/6 11:37:26:585]-[INFO]: img length:14
[2024/8/6 11:37:27:276]-[INFO]: end copy img files
[2024/8/6 11:37:27:277]-[INFO]: start cvt img files
[2024/8/6 11:37:27:523]-[INFO]: 转码图片资源中, 请稍后...
[2024/8/6 11:37:27:668]-[INFO]: end cvt img files
[2024/8/6 11:37:27:669]-[INFO]: 开始生成代码
[2024/8/6 11:37:27:773]-[INFO]: start create code
[2024/8/6 11:37:27:794]-[INFO]: end create code
[2024/8/6 11:37:27:795]-[INFO]: start create gt_ui.c
[2024/8/6 11:37:27:796]-[INFO]: end create gt_ui.c
[2024/8/6 11:37:27:796]-[INFO]: start create gt_ui.h
[2024/8/6 11:37:27:797]-[INFO]: end create gt_ui.h
[2024/8/6 11:37:27:798]-[INFO]: start create gt_ui.mk
[2024/8/6 11:37:27:798]-[INFO]: end create gt_ui.mk
[2024/8/6 11:37:27:799]-[INFO]: start create gt_conf.h
[2024/8/6 11:37:27:799]-[INFO]: end create gt_conf.h
[2024/8/6 11:37:27:800]-[INFO]: start create code
[2024/8/6 11:37:27:821]-[INFO]: end create code
[2024/8/6 11:37:27:821]-[INFO]: start create gt_ui.c
[2024/8/6 11:37:27:822]-[INFO]: end create gt_ui.c
[2024/8/6 11:37:27:823]-[INFO]: start create gt_ui.h
[2024/8/6 11:37:27:824]-[INFO]: end create gt_ui.h
[2024/8/6 11:37:27:825]-[INFO]: 开始编译
[2024/8/6 11:37:29:870]-[INFO]: "Compiling ./Makefile/../drivers/display/monitor.c"
[2024/8/6 11:37:30:234]-[INFO]: "Compiling ./Makefile/../drivers/display/icon.c"
[2024/8/6 11:37:30:392]-[INFO]: "Compiling ./Makefile/../drivers/indev/keyboard.c"
[2024/8/6 11:37:30:913]-[INFO]: "Compiling ./Makefile/../drivers/indev/mouse.c"
[2024/8/6 11:37:31:127]-[INFO]: "Compiling ./Makefile/../drivers/indev/mousewheel.c"
[2024/8/6 11:37:31:818]-[INFO]: "Compiling ./Makefile/../drivers/indev/evdev.c"
[2024/8/6 11:37:32:32]-[INFO]: "Compiling ./Makefile/../drivers/indev/libinput.c"
[2024/8/6 11:37:32:433]-[INFO]: "Compiling ./Makefile/../drivers/win_drv.c"
[2024/8/6 11:37:32:652]-[INFO]: "Compiling ./Makefile/../../GT-HMI-Engine/driver/gt_port_disp.c"
[2024/8/6 11:37:33:82]-[INFO]: "Compiling ./Makefile/../../GT-HMI-Engine/driver/gt_port_indev.c"
[2024/8/6 11:37:33:375]-[INFO]: "Compiling ./Makefile/../../GT-HMI-Engine/driver/gt_port_src.c"
[2024/8/6 11:37:33:578]-[INFO]: "Compiling ./Makefile/../../GT-HMI-Engine/driver/gt_port_vf.c"
[2024/8/6 11:37:34:111]-[INFO]: "Compiling ./Makefile/../../GT-HMI-Engine/src/core/gt_draw.c"
[2024/8/6 11:37:34:318]-[INFO]: "Compiling ./Makefile/../../GT-HMI-Engine/src/core/gt_disp.c"
[2024/8/6 11:37:34:826]-[INFO]: "Compiling ./Makefile/../../GT-HMI-Engine/src/core/gt_event.c"
[2024/8/6 11:37:35:56]-[INFO]: "Compiling ./Makefile/../../GT-HMI-Engine/src/core/gt_fs.c"
[2024/8/6 11:37:35:285]-[INFO]: "Compiling ./Makefile/../../GT-HMI-Engine/src/core/gt_graph_base.c"
[2024/8/6 11:37:35:785]-[INFO]: "Compiling ./Makefile/../../GT-HMI-Engine/src/core/gt_handler.c"
[2024/8/6 11:37:36:242]-[INFO]: "Compiling ./Makefile/../../GT-HMI-Engine/src/core/gt_img_decoder.c"
[2024/8/6 11:37:36:530]-[INFO]: "Compiling ./Makefile/../../GT-HMI-Engine/src/core/gt_indev.c"
[2024/8/6 11:37:36:704]-[INFO]: "Compiling ./Makefile/../../GT-HMI-Engine/src/core/gt_layout.c"
[2024/8/6 11:37:36:860]-[INFO]: "Compiling ./Makefile/../../GT-HMI-Engine/src/core/gt_mem.c"
[2024/8/6 11:37:37:88]-[INFO]: "Compiling ./Makefile/../../GT-HMI-Engine/src/core/gt_obj_pos.c"
[2024/8/6 11:37:37:255]-[INFO]: "Compiling ./Makefile/../../GT-HMI-Engine/src/core/gt_obj_scroll.c"
[2024/8/6 11:37:37:425]-[INFO]: "Compiling ./Makefile/../../GT-HMI-Engine/src/core/gt_refr.c"
[2024/8/6 11:37:37:553]-[INFO]: "Compiling ./Makefile/../../GT-HMI-Engine/src/core/gt_scr_stack.c"
[2024/8/6 11:37:37:704]-[INFO]: "Compiling ./Makefile/../../GT-HMI-Engine/src/core/gt_style.c"
[2024/8/6 11:37:37:866]-[INFO]: "Compiling ./Makefile/../../GT-HMI-Engine/src/core/gt_timer.c"
[2024/8/6 11:37:38:38]-[INFO]: "Compiling ./Makefile/../../GT-HMI-Engine/src/extra/gt_extra.c"
[2024/8/6 11:37:38:149]-[INFO]: "Compiling ./Makefile/../../GT-HMI-Engine/src/font/gt_font.c"
[2024/8/6 11:37:38:298]-[INFO]: "Compiling ./Makefile/../../GT-HMI-Engine/src/font/gt_symbol.c"
[2024/8/6 11:37:38:464]-[INFO]: "Compiling ./Makefile/../../GT-HMI-Engine/src/hal/gt_hal_disp.c"
[2024/8/6 11:37:38:592]-[INFO]: "Compiling ./Makefile/../../GT-HMI-Engine/src/hal/gt_hal_file_header.c"
[2024/8/6 11:37:38:767]-[INFO]: "Compiling ./Makefile/../../GT-HMI-Engine/src/hal/gt_hal_fs.c"
[2024/8/6 11:37:38:912]-[INFO]: "Compiling ./Makefile/../../GT-HMI-Engine/src/hal/gt_hal_indev.c"
[2024/8/6 11:37:39:37]-[INFO]: "Compiling ./Makefile/../../GT-HMI-Engine/src/hal/gt_hal_src.c"
[2024/8/6 11:37:39:180]-[INFO]: "Compiling ./Makefile/../../GT-HMI-Engine/src/hal/gt_hal_tick.c"
[2024/8/6 11:37:39:321]-[INFO]: "Compiling ./Makefile/../../GT-HMI-Engine/src/hal/gt_hal_vf.c"
[2024/8/6 11:37:39:461]-[INFO]: "Compiling ./Makefile/../../GT-HMI-Engine/src/widgets/gt_barcode.c"
[2024/8/6 11:37:39:619]-[INFO]: "Compiling ./Makefile/../../GT-HMI-Engine/src/widgets/gt_btn.c"
[2024/8/6 11:37:39:828]-[INFO]: "Compiling ./Makefile/../../GT-HMI-Engine/src/widgets/gt_btnmap.c"
[2024/8/6 11:37:39:970]-[INFO]: "Compiling ./Makefile/../../GT-HMI-Engine/src/widgets/gt_chat.c"
[2024/8/6 11:37:40:138]-[INFO]: "Compiling ./Makefile/../../GT-HMI-Engine/src/widgets/gt_checkbox.c"
[2024/8/6 11:37:40:269]-[INFO]: "Compiling ./Makefile/../../GT-HMI-Engine/src/widgets/gt_clock.c"
[2024/8/6 11:37:40:425]-[INFO]: "Compiling ./Makefile/../../GT-HMI-Engine/src/widgets/gt_dialog.c"
[2024/8/6 11:37:40:575]-[INFO]: "Compiling ./Makefile/../../GT-HMI-Engine/src/widgets/gt_gif.c"
[2024/8/6 11:37:40:719]-[INFO]: "Compiling ./Makefile/../../GT-HMI-Engine/src/widgets/gt_group.c"
[2024/8/6 11:37:40:862]-[INFO]: "Compiling ./Makefile/../../GT-HMI-Engine/src/widgets/gt_img.c"
[2024/8/6 11:37:41:9]-[INFO]: "Compiling ./Makefile/../../GT-HMI-Engine/src/widgets/gt_imgbtn.c"
[2024/8/6 11:37:41:162]-[INFO]: "Compiling ./Makefile/../../GT-HMI-Engine/src/widgets/gt_input_number.c"
[2024/8/6 11:37:41:296]-[INFO]: "Compiling ./Makefile/../../GT-HMI-Engine/src/widgets/gt_input.c"
[2024/8/6 11:37:41:442]-[INFO]: "Compiling ./Makefile/../../GT-HMI-Engine/src/widgets/gt_keypad.c"
[2024/8/6 11:37:41:630]-[INFO]: "Compiling ./Makefile/../../GT-HMI-Engine/src/widgets/gt_label.c"
[2024/8/6 11:37:41:761]-[INFO]: "Compiling ./Makefile/../../GT-HMI-Engine/src/widgets/gt_line.c"
[2024/8/6 11:37:41:947]-[INFO]: "Compiling ./Makefile/../../GT-HMI-Engine/src/widgets/gt_listview.c"
[2024/8/6 11:37:42:98]-[INFO]: "Compiling ./Makefile/../../GT-HMI-Engine/src/widgets/gt_obj_class.c"
[2024/8/6 11:37:42:246]-[INFO]: "Compiling ./Makefile/../../GT-HMI-Engine/src/widgets/gt_obj.c"
[2024/8/6 11:37:42:401]-[INFO]: "Compiling ./Makefile/../../GT-HMI-Engine/src/widgets/gt_option.c"
[2024/8/6 11:37:42:571]-[INFO]: "Compiling ./Makefile/../../GT-HMI-Engine/src/widgets/gt_player.c"
[2024/8/6 11:37:42:718]-[INFO]: "Compiling ./Makefile/../../GT-HMI-Engine/src/widgets/gt_progress_bar.c"
[2024/8/6 11:37:42:854]-[INFO]: "Compiling ./Makefile/../../GT-HMI-Engine/src/widgets/gt_qrcode.c"
[2024/8/6 11:37:42:993]-[INFO]: "Compiling ./Makefile/../../GT-HMI-Engine/src/widgets/gt_radio.c"
[2024/8/6 11:37:43:116]-[INFO]: "Compiling ./Makefile/../../GT-HMI-Engine/src/widgets/gt_rect.c"
[2024/8/6 11:37:43:249]-[INFO]: "Compiling ./Makefile/../../GT-HMI-Engine/src/widgets/gt_roller.c"
[2024/8/6 11:37:43:414]-[INFO]: "Compiling ./Makefile/../../GT-HMI-Engine/src/widgets/gt_slider.c"
[2024/8/6 11:37:43:570]-[INFO]: "Compiling ./Makefile/../../GT-HMI-Engine/src/widgets/gt_status_bar.c"
[2024/8/6 11:37:43:700]-[INFO]: "Compiling ./Makefile/../../GT-HMI-Engine/src/widgets/gt_switch.c"
[2024/8/6 11:37:43:846]-[INFO]: "Compiling ./Makefile/../../GT-HMI-Engine/src/widgets/gt_template.c"
[2024/8/6 11:37:43:992]-[INFO]: "Compiling ./Makefile/../../GT-HMI-Engine/src/widgets/gt_textarea.c"
[2024/8/6 11:37:44:124]-[INFO]: "Compiling ./Makefile/../../GT-HMI-Engine/src/widgets/gt_wordart.c"
[2024/8/6 11:37:44:293]-[INFO]: "Compiling ./Makefile/../../GT-HMI-Engine/src/widgets/gt_view_pager.c"
[2024/8/6 11:37:44:435]-[INFO]: "Compiling ./Makefile/../../GT-HMI-Engine/src/others/gt_anim.c"
[2024/8/6 11:37:44:921]-[INFO]: "Compiling ./Makefile/../../GT-HMI-Engine/src/others/gt_area.c"
[2024/8/6 11:37:45:74]-[INFO]: "Compiling ./Makefile/../../GT-HMI-Engine/src/others/gt_color.c"
[2024/8/6 11:37:45:228]-[INFO]: "Compiling ./Makefile/../../GT-HMI-Engine/src/others/gt_effects.c"
[2024/8/6 11:37:45:381]-[INFO]: "Compiling ./Makefile/../../GT-HMI-Engine/src/others/gt_gc.c"
[2024/8/6 11:37:45:515]-[INFO]: "Compiling ./Makefile/../../GT-HMI-Engine/src/others/gt_ll.c"
[2024/8/6 11:37:45:671]-[INFO]: "Compiling ./Makefile/../../GT-HMI-Engine/src/others/gt_math.c"
[2024/8/6 11:37:45:813]-[INFO]: "Compiling ./Makefile/../../GT-HMI-Engine/src/others/gt_tlsf.c"
[2024/8/6 11:37:45:950]-[INFO]: "Compiling ./Makefile/../../GT-HMI-Engine/src/others/gt_txt.c"
[2024/8/6 11:37:46:94]-[INFO]: "Compiling ./Makefile/../../GT-HMI-Engine/src/utils/gt_stack.c"
[2024/8/6 11:37:46:224]-[INFO]: "Compiling ./Makefile/../../GT-HMI-Engine/src/utils/gt_vector.c"
[2024/8/6 11:37:46:358]-[INFO]: "Compiling ./Makefile/../../GT-HMI-Engine/src/extra/draw/gt_draw_blend_with_argb888.c"
[2024/8/6 11:37:46:469]-[INFO]: "Compiling ./Makefile/../../GT-HMI-Engine/src/extra/draw/gt_draw_blend_with_rgb565.c"
[2024/8/6 11:37:46:650]-[INFO]: "Compiling ./Makefile/../../GT-HMI-Engine/src/extra/draw/gt_draw_blend_with_rgb888.c"
[2024/8/6 11:37:46:788]-[INFO]: "Compiling ./Makefile/../../GT-HMI-Engine/src/extra/draw/gt_draw_blend.c"
[2024/8/6 11:37:46:933]-[INFO]: "Compiling ./Makefile/../../GT-HMI-Engine/src/extra/png/gt_png.c"
[2024/8/6 11:37:47:71]-[INFO]: "Compiling ./Makefile/../../GT-HMI-Engine/src/extra/png/lodepng.c"
[2024/8/6 11:37:47:202]-[INFO]: "Compiling ./Makefile/../../GT-HMI-Engine/src/extra/jpeg/gt_sjpg.c"
[2024/8/6 11:37:47:374]-[INFO]: "Compiling ./Makefile/../../GT-HMI-Engine/src/extra/jpeg/tjpgd.c"
[2024/8/6 11:37:47:521]-[INFO]: "Compiling ./Makefile/../../GT-HMI-Engine/src/extra/gif/gifdec.c"
[2024/8/6 11:37:47:698]-[INFO]: "Compiling ./Makefile/../../app/ui/gt_init_screen_1.c"
[2024/8/6 11:37:47:846]-[INFO]: "Compiling ./Makefile/../../app/ui/gt_init_screen_6.c"
[2024/8/6 11:37:47:974]-[INFO]: "Compiling ./Makefile/../../app/ui/gt_init_screen_13.c"
[2024/8/6 11:37:48:114]-[INFO]: "Compiling ./Makefile/../../app/ui/gt_init_screen_8.c"
[2024/8/6 11:37:48:259]-[INFO]: "Compiling ./Makefile/../../app/ui/gt_ui.c"
[2024/8/6 11:37:48:401]-[INFO]: "Compiling ./Makefile/../../app/ui/gt_init_screen_5.c"
[2024/8/6 11:37:48:518]-[INFO]: "Compiling ./Makefile/../../app/ui/gt_init_screen_9.c"
[2024/8/6 11:37:48:635]-[INFO]: "Compiling ./Makefile/../../app/ui/gt_init_screen_10.c"
[2024/8/6 11:37:48:759]-[INFO]: "Compiling ./Makefile/../../app/ui/gt_init_screen_4.c"
[2024/8/6 11:37:48:880]-[INFO]: "Compiling ./Makefile/../../app/ui/gt_init_screen_3.c"
[2024/8/6 11:37:49:31]-[INFO]: "Compiling ./Makefile/../../app/ui/gt_init_screen_2.c"
[2024/8/6 11:37:49:234]-[INFO]: "Compiling ./Makefile/../../app/ui/gt_init_screen_7.c"
[2024/8/6 11:37:49:370]-[INFO]: "Compiling ./Makefile/../../app/ui/gt_init_screen_12.c"
[2024/8/6 11:37:49:527]-[INFO]: "Compiling ./Makefile/../../app/ui/gt_init_screen_11.c"
[2024/8/6 11:37:49:675]-[INFO]: "Compiling ./Makefile/../../app/ui/gt_init_screen_home.c"
[2024/8/6 11:37:49:828]-[INFO]: "Compiling ./Makefile/../../app/imgs/img_src_0.c"
[2024/8/6 11:37:49:968]-[INFO]: "Compiling ./Makefile/../../app/imgs/img_src_10.c"
[2024/8/6 11:37:50:125]-[INFO]: "Compiling ./Makefile/../../app/imgs/gt_src.c"
[2024/8/6 11:37:50:241]-[INFO]: "Compiling ./Makefile/../../app/imgs/img_src_20.c"
[2024/8/6 11:37:50:366]-[INFO]: "Compiling ./Makefile/../main.c"
[2024/8/6 11:37:51:393]-[INFO]: "Linking app.exe"
[2024/8/6 11:37:52:316]-[INFO]: 编译完成, 正在启动中...
[2024/8/6 11:37:53:241]-[INFO]: 开始运行
[2024/8/6 11:37:53:403]-[INFO]: Added 28482 bytes from img_101x94_6_c.png, offset: 0
[2024/8/6 11:37:53:404]-[INFO]: Added 720 bytes from img_12x20__images_arrow_right.png, offset: 28482
[2024/8/6 11:37:53:405]-[INFO]: Added 768 bytes from img_16x16_icon_left.png, offset: 29202
[2024/8/6 11:37:53:406]-[INFO]: Added 867 bytes from img_17x17_s1_c.png, offset: 29970
[2024/8/6 11:37:53:406]-[INFO]: Added 867 bytes from img_17x17_s2_c.png, offset: 30837
[2024/8/6 11:37:53:407]-[INFO]: Added 810 bytes from img_18x15_4_c.png, offset: 31704
[2024/8/6 11:37:53:408]-[INFO]: Added 1425 bytes from img_19x25_7_c.png, offset: 32514
[2024/8/6 11:37:53:408]-[INFO]: Added 54027 bytes from img_207x87_5_c.png, offset: 33939
[2024/8/6 11:37:53:409]-[INFO]: Added 1200 bytes from img_20x20_61_chevron_down.png, offset: 87966
[2024/8/6 11:37:53:409]-[INFO]: Added 1200 bytes from img_20x20_65_chevron.png, offset: 89166
[2024/8/6 11:37:53:410]-[INFO]: Added 1200 bytes from img_20x20_v1_icon.png, offset: 90366
[2024/8/6 11:37:53:411]-[INFO]: Added 1200 bytes from img_20x20_v2_icon.png, offset: 91566
[2024/8/6 11:37:53:411]-[INFO]: Added 1200 bytes from img_20x20_v3_icon.png, offset: 92766
[2024/8/6 11:37:53:412]-[INFO]: Added 1200 bytes from img_20x20_v4_icon.png, offset: 93966
[2024/8/6 11:37:53:413]-[INFO]: Added 1200 bytes from img_20x20_v5_icon.png, offset: 95166
[2024/8/6 11:37:53:414]-[INFO]: Added 1200 bytes from img_20x20_v6_icon.png, offset: 96366
[2024/8/6 11:37:53:414]-[INFO]: Added 1197 bytes from img_21x19_9_c.png, offset: 97566
[2024/8/6 11:37:53:415]-[INFO]: Added 1323 bytes from img_21x21_8_c.png, offset: 98763
[2024/8/6 11:37:53:416]-[INFO]: Added 1728 bytes from img_24x24_85_volume_notice.png, offset: 100086
[2024/8/6 11:37:53:416]-[INFO]: Added 2028 bytes from img_26x26_2_battery_regular.png, offset: 101814
[2024/8/6 11:37:53:417]-[INFO]: Added 2352 bytes from img_28x28_7_ic.png, offset: 103842
[2024/8/6 11:37:53:418]-[INFO]: Added 2700 bytes from img_30x30_70_wifi_medium.png, offset: 106194
[2024/8/6 11:37:53:418]-[INFO]: Added 3888 bytes from img_36x36_45_next.png, offset: 108894
[2024/8/6 11:37:53:419]-[INFO]: Added 3888 bytes from img_36x36_54_previous.png, offset: 112782
[2024/8/6 11:37:53:420]-[INFO]: Added 13872 bytes from img_68x68_2060.png, offset: 116670
[2024/8/6 11:37:53:420]-[INFO]: Added 13872 bytes from img_68x68_2372.png, offset: 130542
[2024/8/6 11:37:53:421]-[INFO]: Added 21168 bytes from img_84x84_0_c.png, offset: 144414
[2024/8/6 11:37:53:422]-[INFO]: Added 21168 bytes from img_84x84_1_c.png, offset: 165582
[2024/8/6 11:37:53:422]-[INFO]: Added 21168 bytes from img_84x84_2_c.png, offset: 186750
[2024/8/6 11:37:53:431]-[INFO]: Total size of binary data: 207918 bytes
[2024/8/6 11:37:53:442]-[INFO]: Begin to compound the font and source bin file.
[2024/8/6 11:37:53:443]-[INFO]: Begin to export the font bin.
[2024/8/6 11:37:53:731]-[INFO]: Begin to create lib source file...
[2024/8/6 11:37:54:611]-[INFO]: Begin to export the whole resource bin file.
[2024/8/6 11:37:54:614]-[INFO]: Begin to export images driver code.
[2024/8/6 11:37:54:615]-[INFO]: Begin to build the font library.
[2024/8/6 11:37:54:622]-[INFO]: Begin to exec keil5 cmd to build lib file...
[2024/8/6 11:37:59:73]-[INFO]: 字库lib文件路径: C:\Program Files\GT-HMI Designer\gui-hmi-tools\gui-win\app\build\board.
[2024/8/6 11:37:59:77]-[INFO]: build font lib or static lib by keil5.
[2024/8/6 11:37:59:92]-[INFO]: Begin to compound the font and source bin file.
[2024/8/6 11:37:59:93]-[INFO]: Begin to export the font bin.
[2024/8/6 11:37:59:401]-[INFO]: Begin to create lib source file...
[2024/8/6 11:38:0:16]-[INFO]: Begin to export the whole resource bin file.
[2024/8/6 11:38:0:19]-[INFO]: Begin to export images driver code.
[2024/8/6 11:38:0:23]-[INFO]: Begin to build the font library.
[2024/8/6 11:38:0:30]-[INFO]: Begin to exec keil5 cmd to build lib file...
[2024/8/6 11:38:3:543]-[INFO]: 字库lib文件路径: C:\Program Files\GT-HMI Designer\gui-hmi-tools\gui-win\app\build\out.
[2024/8/6 11:38:3:548]-[INFO]: build font lib or static lib by keil5.
[2024/8/6 11:38:4:123]-[INFO]: =========== Done ===========
[2024/8/6 11:38:4:491]-[INFO]: 素材bin文件路径: C:\Users\Z\Desktop\HMI 测试文件\1_97_wand\board.
[2024/8/6 11:38:5:166]-[INFO]: 素材bin文件路径: C:\Users\Z\Desktop\HMI 测试文件\1_97_wand\out.
[2024/8/6 11:38:5:168]-[INFO]: 素材数组调用代码路径: C:\Users\Z\Desktop\HMI 测试文件\1_97_wand\sources\ui.
[2024/8/6 11:38:5:169]-[INFO]: 素材flash调用代码路径: C:\Users\Z\Desktop\HMI 测试文件\1_97_wand\screen.
