[2024/7/3 18:4:23:885]-[INFO]: =========== Begin ===========
[2024/7/3 18:4:23:886]-[INFO]: 清除历史代码文件
[2024/7/3 18:4:26:106]-[INFO]: generate font config file:
[2024/7/3 18:4:26:108]-[INFO]: the numbers of font is: 1.
[2024/7/3 18:4:26:108]-[INFO]: generate font config done.
[2024/7/3 18:4:26:109]-[INFO]: 开始生成图片资源
[2024/7/3 18:4:26:163]-[INFO]: start copy img files
[2024/7/3 18:4:26:164]-[INFO]: img length:3
[2024/7/3 18:4:26:212]-[INFO]: end copy img files
[2024/7/3 18:4:26:212]-[INFO]: start cvt img files
[2024/7/3 18:4:26:857]-[INFO]: end cvt img files
[2024/7/3 18:4:26:857]-[INFO]: 开始生成代码
[2024/7/3 18:4:26:966]-[INFO]: start create code
[2024/7/3 18:4:26:980]-[INFO]: end create code
[2024/7/3 18:4:26:980]-[INFO]: start create gt_ui.c
[2024/7/3 18:4:26:982]-[INFO]: end create gt_ui.c
[2024/7/3 18:4:26:982]-[INFO]: start create gt_ui.h
[2024/7/3 18:4:26:983]-[INFO]: end create gt_ui.h
[2024/7/3 18:4:26:984]-[INFO]: start create gt_ui.mk
[2024/7/3 18:4:26:984]-[INFO]: end create gt_ui.mk
[2024/7/3 18:4:26:985]-[INFO]: start create gt_conf.h
[2024/7/3 18:4:26:985]-[INFO]: end create gt_conf.h
[2024/7/3 18:4:26:986]-[INFO]: start create code
[2024/7/3 18:4:26:990]-[INFO]: end create code
[2024/7/3 18:4:26:990]-[INFO]: start create gt_ui.c
[2024/7/3 18:4:26:991]-[INFO]: end create gt_ui.c
[2024/7/3 18:4:26:992]-[INFO]: start create gt_ui.h
[2024/7/3 18:4:26:992]-[INFO]: end create gt_ui.h
[2024/7/3 18:4:26:993]-[INFO]: 开始编译
[2024/7/3 18:4:28:865]-[INFO]: "Compiling ./Makefile/../drivers/display/monitor.c"
[2024/7/3 18:4:29:382]-[INFO]: "Compiling ./Makefile/../drivers/display/icon.c"
[2024/7/3 18:4:29:588]-[INFO]: "Compiling ./Makefile/../drivers/indev/keyboard.c"
[2024/7/3 18:4:29:775]-[INFO]: "Compiling ./Makefile/../drivers/indev/mouse.c"
[2024/7/3 18:4:30:110]-[INFO]: "Compiling ./Makefile/../drivers/indev/mousewheel.c"
[2024/7/3 18:4:30:297]-[INFO]: "Compiling ./Makefile/../drivers/indev/evdev.c"
[2024/7/3 18:4:30:612]-[INFO]: "Compiling ./Makefile/../drivers/indev/libinput.c"
[2024/7/3 18:4:30:906]-[INFO]: "Compiling ./Makefile/../drivers/win_drv.c"
[2024/7/3 18:4:31:214]-[INFO]: "Compiling ./Makefile/../../GT-HMI-Engine/driver/gt_port_disp.c"
[2024/7/3 18:4:31:424]-[INFO]: "Compiling ./Makefile/../../GT-HMI-Engine/driver/gt_port_indev.c"
[2024/7/3 18:4:31:621]-[INFO]: "Compiling ./Makefile/../../GT-HMI-Engine/driver/gt_port_src.c"
[2024/7/3 18:4:31:935]-[INFO]: "Compiling ./Makefile/../../GT-HMI-Engine/driver/gt_port_vf.c"
[2024/7/3 18:4:32:242]-[INFO]: "Compiling ./Makefile/../../GT-HMI-Engine/src/core/gt_draw.c"
[2024/7/3 18:4:32:447]-[INFO]: "Compiling ./Makefile/../../GT-HMI-Engine/src/core/gt_disp.c"
[2024/7/3 18:4:32:755]-[INFO]: "Compiling ./Makefile/../../GT-HMI-Engine/src/core/gt_event.c"
[2024/7/3 18:4:32:968]-[INFO]: "Compiling ./Makefile/../../GT-HMI-Engine/src/core/gt_fs.c"
[2024/7/3 18:4:33:269]-[INFO]: "Compiling ./Makefile/../../GT-HMI-Engine/src/core/gt_graph_base.c"
[2024/7/3 18:4:33:482]-[INFO]: "Compiling ./Makefile/../../GT-HMI-Engine/src/core/gt_handler.c"
[2024/7/3 18:4:33:672]-[INFO]: "Compiling ./Makefile/../../GT-HMI-Engine/src/core/gt_img_decoder.c"
[2024/7/3 18:4:33:871]-[INFO]: "Compiling ./Makefile/../../GT-HMI-Engine/src/core/gt_indev.c"
[2024/7/3 18:4:34:92]-[INFO]: "Compiling ./Makefile/../../GT-HMI-Engine/src/core/gt_layout.c"
[2024/7/3 18:4:34:285]-[INFO]: "Compiling ./Makefile/../../GT-HMI-Engine/src/core/gt_mem.c"
[2024/7/3 18:4:34:483]-[INFO]: "Compiling ./Makefile/../../GT-HMI-Engine/src/core/gt_obj_pos.c"
[2024/7/3 18:4:34:609]-[INFO]: "Compiling ./Makefile/../../GT-HMI-Engine/src/core/gt_obj_scroll.c"
[2024/7/3 18:4:34:792]-[INFO]: "Compiling ./Makefile/../../GT-HMI-Engine/src/core/gt_refr.c"
[2024/7/3 18:4:34:899]-[INFO]: "Compiling ./Makefile/../../GT-HMI-Engine/src/core/gt_scr_stack.c"
[2024/7/3 18:4:35:100]-[INFO]: "Compiling ./Makefile/../../GT-HMI-Engine/src/core/gt_style.c"
[2024/7/3 18:4:35:315]-[INFO]: "Compiling ./Makefile/../../GT-HMI-Engine/src/core/gt_timer.c"
[2024/7/3 18:4:35:513]-[INFO]: "Compiling ./Makefile/../../GT-HMI-Engine/src/extra/gt_extra.c"
[2024/7/3 18:4:35:624]-[INFO]: "Compiling ./Makefile/../../GT-HMI-Engine/src/font/gt_font.c"
[2024/7/3 18:4:36:43]-[INFO]: "Compiling ./Makefile/../../GT-HMI-Engine/src/font/gt_symbol.c"
[2024/7/3 18:4:36:350]-[INFO]: "Compiling ./Makefile/../../GT-HMI-Engine/src/hal/gt_hal_disp.c"
[2024/7/3 18:4:36:543]-[INFO]: "Compiling ./Makefile/../../GT-HMI-Engine/src/hal/gt_hal_file_header.c"
[2024/7/3 18:4:36:767]-[INFO]: "Compiling ./Makefile/../../GT-HMI-Engine/src/hal/gt_hal_fs.c"
[2024/7/3 18:4:36:939]-[INFO]: "Compiling ./Makefile/../../GT-HMI-Engine/src/hal/gt_hal_indev.c"
[2024/7/3 18:4:37:64]-[INFO]: "Compiling ./Makefile/../../GT-HMI-Engine/src/hal/gt_hal_src.c"
[2024/7/3 18:4:37:254]-[INFO]: "Compiling ./Makefile/../../GT-HMI-Engine/src/hal/gt_hal_tick.c"
[2024/7/3 18:4:37:474]-[INFO]: "Compiling ./Makefile/../../GT-HMI-Engine/src/hal/gt_hal_vf.c"
[2024/7/3 18:4:37:657]-[INFO]: "Compiling ./Makefile/../../GT-HMI-Engine/src/widgets/gt_barcode.c"
[2024/7/3 18:4:37:777]-[INFO]: "Compiling ./Makefile/../../GT-HMI-Engine/src/widgets/gt_btn.c"
[2024/7/3 18:4:38:67]-[INFO]: "Compiling ./Makefile/../../GT-HMI-Engine/src/widgets/gt_btnmap.c"
[2024/7/3 18:4:38:393]-[INFO]: "Compiling ./Makefile/../../GT-HMI-Engine/src/widgets/gt_chat.c"
[2024/7/3 18:4:38:600]-[INFO]: "Compiling ./Makefile/../../GT-HMI-Engine/src/widgets/gt_checkbox.c"
[2024/7/3 18:4:38:910]-[INFO]: "Compiling ./Makefile/../../GT-HMI-Engine/src/widgets/gt_clock.c"
[2024/7/3 18:4:39:96]-[INFO]: "Compiling ./Makefile/../../GT-HMI-Engine/src/widgets/gt_dialog.c"
[2024/7/3 18:4:39:313]-[INFO]: "Compiling ./Makefile/../../GT-HMI-Engine/src/widgets/gt_gif.c"
[2024/7/3 18:4:39:510]-[INFO]: "Compiling ./Makefile/../../GT-HMI-Engine/src/widgets/gt_group.c"
[2024/7/3 18:4:39:924]-[INFO]: "Compiling ./Makefile/../../GT-HMI-Engine/src/widgets/gt_img.c"
[2024/7/3 18:4:40:121]-[INFO]: "Compiling ./Makefile/../../GT-HMI-Engine/src/widgets/gt_imgbtn.c"
[2024/7/3 18:4:40:339]-[INFO]: "Compiling ./Makefile/../../GT-HMI-Engine/src/widgets/gt_input_number.c"
[2024/7/3 18:4:40:531]-[INFO]: "Compiling ./Makefile/../../GT-HMI-Engine/src/widgets/gt_input.c"
[2024/7/3 18:4:40:847]-[INFO]: "Compiling ./Makefile/../../GT-HMI-Engine/src/widgets/gt_keypad.c"
[2024/7/3 18:4:41:38]-[INFO]: "Compiling ./Makefile/../../GT-HMI-Engine/src/widgets/gt_label.c"
[2024/7/3 18:4:41:256]-[INFO]: "Compiling ./Makefile/../../GT-HMI-Engine/src/widgets/gt_line.c"
[2024/7/3 18:4:41:562]-[INFO]: "Compiling ./Makefile/../../GT-HMI-Engine/src/widgets/gt_listview.c"
[2024/7/3 18:4:41:771]-[INFO]: "Compiling ./Makefile/../../GT-HMI-Engine/src/widgets/gt_obj_class.c"
[2024/7/3 18:4:42:60]-[INFO]: "Compiling ./Makefile/../../GT-HMI-Engine/src/widgets/gt_obj.c"
[2024/7/3 18:4:42:376]-[INFO]: "Compiling ./Makefile/../../GT-HMI-Engine/src/widgets/gt_option.c"
[2024/7/3 18:4:42:688]-[INFO]: "Compiling ./Makefile/../../GT-HMI-Engine/src/widgets/gt_player.c"
[2024/7/3 18:4:42:880]-[INFO]: "Compiling ./Makefile/../../GT-HMI-Engine/src/widgets/gt_progress_bar.c"
[2024/7/3 18:4:42:996]-[INFO]: "Compiling ./Makefile/../../GT-HMI-Engine/src/widgets/gt_qrcode.c"
[2024/7/3 18:4:43:309]-[INFO]: "Compiling ./Makefile/../../GT-HMI-Engine/src/widgets/gt_radio.c"
[2024/7/3 18:4:43:516]-[INFO]: "Compiling ./Makefile/../../GT-HMI-Engine/src/widgets/gt_rect.c"
[2024/7/3 18:4:43:804]-[INFO]: "Compiling ./Makefile/../../GT-HMI-Engine/src/widgets/gt_roller.c"
[2024/7/3 18:4:44:32]-[INFO]: "Compiling ./Makefile/../../GT-HMI-Engine/src/widgets/gt_slider.c"
[2024/7/3 18:4:44:324]-[INFO]: "Compiling ./Makefile/../../GT-HMI-Engine/src/widgets/gt_status_bar.c"
[2024/7/3 18:4:44:638]-[INFO]: "Compiling ./Makefile/../../GT-HMI-Engine/src/widgets/gt_switch.c"
[2024/7/3 18:4:45:41]-[INFO]: "Compiling ./Makefile/../../GT-HMI-Engine/src/widgets/gt_template.c"
[2024/7/3 18:4:45:357]-[INFO]: "Compiling ./Makefile/../../GT-HMI-Engine/src/widgets/gt_textarea.c"
[2024/7/3 18:4:45:553]-[INFO]: "Compiling ./Makefile/../../GT-HMI-Engine/src/widgets/gt_wordart.c"
[2024/7/3 18:4:45:868]-[INFO]: "Compiling ./Makefile/../../GT-HMI-Engine/src/widgets/gt_view_pager.c"
[2024/7/3 18:4:46:175]-[INFO]: "Compiling ./Makefile/../../GT-HMI-Engine/src/others/gt_anim.c"
[2024/7/3 18:4:46:469]-[INFO]: "Compiling ./Makefile/../../GT-HMI-Engine/src/others/gt_area.c"
[2024/7/3 18:4:46:791]-[INFO]: "Compiling ./Makefile/../../GT-HMI-Engine/src/others/gt_color.c"
[2024/7/3 18:4:46:991]-[INFO]: "Compiling ./Makefile/../../GT-HMI-Engine/src/others/gt_effects.c"
[2024/7/3 18:4:47:180]-[INFO]: "Compiling ./Makefile/../../GT-HMI-Engine/src/others/gt_gc.c"
[2024/7/3 18:4:47:402]-[INFO]: "Compiling ./Makefile/../../GT-HMI-Engine/src/others/gt_ll.c"
[2024/7/3 18:4:47:711]-[INFO]: "Compiling ./Makefile/../../GT-HMI-Engine/src/others/gt_math.c"
[2024/7/3 18:4:48:16]-[INFO]: "Compiling ./Makefile/../../GT-HMI-Engine/src/others/gt_tlsf.c"
[2024/7/3 18:4:48:206]-[INFO]: "Compiling ./Makefile/../../GT-HMI-Engine/src/others/gt_txt.c"
[2024/7/3 18:4:48:425]-[INFO]: "Compiling ./Makefile/../../GT-HMI-Engine/src/utils/gt_stack.c"
[2024/7/3 18:4:48:618]-[INFO]: "Compiling ./Makefile/../../GT-HMI-Engine/src/utils/gt_vector.c"
[2024/7/3 18:4:48:945]-[INFO]: "Compiling ./Makefile/../../GT-HMI-Engine/src/extra/draw/gt_draw_blend_with_argb888.c"
[2024/7/3 18:4:49:137]-[INFO]: "Compiling ./Makefile/../../GT-HMI-Engine/src/extra/draw/gt_draw_blend_with_rgb565.c"
[2024/7/3 18:4:49:333]-[INFO]: "Compiling ./Makefile/../../GT-HMI-Engine/src/extra/draw/gt_draw_blend_with_rgb888.c"
[2024/7/3 18:4:49:437]-[INFO]: "Compiling ./Makefile/../../GT-HMI-Engine/src/extra/draw/gt_draw_blend.c"
[2024/7/3 18:4:49:749]-[INFO]: "Compiling ./Makefile/../../GT-HMI-Engine/src/extra/png/gt_png.c"
[2024/7/3 18:4:49:841]-[INFO]: "Compiling ./Makefile/../../GT-HMI-Engine/src/extra/png/lodepng.c"
[2024/7/3 18:4:50:160]-[INFO]: "Compiling ./Makefile/../../GT-HMI-Engine/src/extra/jpeg/gt_sjpg.c"
[2024/7/3 18:4:50:459]-[INFO]: "Compiling ./Makefile/../../GT-HMI-Engine/src/extra/jpeg/tjpgd.c"
[2024/7/3 18:4:50:770]-[INFO]: "Compiling ./Makefile/../../GT-HMI-Engine/src/extra/gif/gifdec.c"
[2024/7/3 18:4:51:85]-[INFO]: "Compiling ./Makefile/../../app/ui/gt_init_screen_home2.c"
[2024/7/3 18:4:51:384]-[INFO]: "Compiling ./Makefile/../../app/ui/gt_init_screen_home3.c"
[2024/7/3 18:4:51:591]-[INFO]: "Compiling ./Makefile/../../app/ui/gt_ui.c"
[2024/7/3 18:4:51:909]-[INFO]: "Compiling ./Makefile/../../app/ui/gt_init_screen_home.c"
[2024/7/3 18:4:52:114]-[INFO]: "Compiling ./Makefile/../../app/imgs/img_src_0.c"
[2024/7/3 18:4:52:412]-[INFO]: "Compiling ./Makefile/../../app/imgs/gt_src.c"
[2024/7/3 18:4:52:618]-[INFO]: "Compiling ./Makefile/../main.c"
[2024/7/3 18:4:57:28]-[INFO]: "Linking app.exe"
[2024/7/3 18:4:57:543]-[INFO]: 编译完成, 正在启动中...
[2024/7/3 18:4:58:130]-[INFO]: 开始运行
[2024/7/3 18:4:58:376]-[INFO]: Added 13120 bytes from img_160x41_sy_n_160x410x231.png, offset: 0
[2024/7/3 18:4:58:377]-[INFO]: Added 19680 bytes from img_160x41_sy_p_160x410x231.png, offset: 13120
[2024/7/3 18:4:58:377]-[INFO]: Added 19680 bytes from img_160x41_xy.png, offset: 32800
[2024/7/3 18:4:58:378]-[INFO]: Added 19680 bytes from img_160x41_xy_n_160x41160x231.png, offset: 52480
[2024/7/3 18:4:58:378]-[INFO]: Added 13120 bytes from img_160x41_yyzx.png, offset: 72160
[2024/7/3 18:4:58:378]-[INFO]: Added 19680 bytes from img_160x41_yyzx_p_160x41320x231.png, offset: 85280
[2024/7/3 18:4:58:378]-[INFO]: Added 391680 bytes from img_480x272_hjzx1.png, offset: 104960
[2024/7/3 18:4:58:379]-[INFO]: Added 391680 bytes from img_480x272_hjzx3.png, offset: 496640
[2024/7/3 18:4:58:379]-[INFO]: Added 391680 bytes from img_480x272_hjzx4.png, offset: 888320
[2024/7/3 18:4:58:382]-[INFO]: Total size of binary data: 1280000 bytes
[2024/7/3 18:4:58:385]-[INFO]: Begin to compound the font and source bin file.
[2024/7/3 18:4:58:385]-[INFO]: Begin to export the font bin.
[2024/7/3 18:4:58:585]-[INFO]: Begin to create lib source file...
[2024/7/3 18:4:59:470]-[INFO]: Begin to export the whole resource bin file.
[2024/7/3 18:4:59:472]-[INFO]: Begin to export images driver code.
[2024/7/3 18:4:59:473]-[INFO]: Begin to build the font library.
[2024/7/3 18:4:59:480]-[INFO]: Begin to exec keil5 cmd to build lib file...
[2024/7/3 18:5:2:871]-[INFO]: 字库lib文件路径: C:\Program Files\GT-HMI Designer\gui-hmi-tools\gui-win\app\build\board.
[2024/7/3 18:5:2:875]-[INFO]: build font lib or static lib by keil5.
[2024/7/3 18:5:2:886]-[INFO]: Begin to compound the font and source bin file.
[2024/7/3 18:5:2:888]-[INFO]: Begin to export the font bin.
[2024/7/3 18:5:3:123]-[INFO]: Begin to create lib source file...
[2024/7/3 18:5:3:493]-[INFO]: Begin to export the whole resource bin file.
[2024/7/3 18:5:3:495]-[INFO]: Begin to export images driver code.
[2024/7/3 18:5:3:496]-[INFO]: Begin to build the font library.
[2024/7/3 18:5:3:499]-[INFO]: Begin to exec keil5 cmd to build lib file...
[2024/7/3 18:5:5:974]-[INFO]: 字库lib文件路径: C:\Program Files\GT-HMI Designer\gui-hmi-tools\gui-win\app\build\out.
[2024/7/3 18:5:5:979]-[INFO]: build font lib or static lib by keil5.
[2024/7/3 18:5:6:427]-[INFO]: =========== Done ===========
[2024/7/3 18:5:6:641]-[INFO]: 素材bin文件路径: C:\Users\Z\Desktop\HMI 测试文件\4_3c_bed_call\board.
[2024/7/3 18:5:6:647]-[INFO]: 素材bin文件路径: C:\Users\Z\Desktop\HMI 测试文件\4_3c_bed_call\out.
[2024/7/3 18:5:6:733]-[INFO]: 素材数组调用代码路径: C:\Users\Z\Desktop\HMI 测试文件\4_3c_bed_call\sources\ui.
[2024/7/3 18:5:6:735]-[INFO]: 素材flash调用代码路径: C:\Users\Z\Desktop\HMI 测试文件\4_3c_bed_call\screen.
