[2024/10/10 12:18:18:78]-[INFO]: =========== Begin ===========
[2024/10/10 12:18:18:79]-[INFO]: 清除历史代码文件
[2024/10/10 12:18:19:766]-[INFO]: generate font config file:
[2024/10/10 12:18:19:767]-[INFO]: the numbers of font is: 4.
[2024/10/10 12:18:19:768]-[INFO]: generate font config done.
[2024/10/10 12:18:19:768]-[INFO]: 开始生成图片资源
[2024/10/10 12:18:19:819]-[INFO]: start copy img files
[2024/10/10 12:18:19:820]-[INFO]: img length:1
[2024/10/10 12:18:20:107]-[INFO]: end copy img files
[2024/10/10 12:18:20:107]-[INFO]: start cvt img files
[2024/10/10 12:18:20:338]-[INFO]: end cvt img files
[2024/10/10 12:18:20:338]-[INFO]: 开始生成代码
[2024/10/10 12:18:20:448]-[INFO]: start create code
[2024/10/10 12:18:20:454]-[INFO]: end create code
[2024/10/10 12:18:20:455]-[INFO]: start create gt_ui.c
[2024/10/10 12:18:20:456]-[INFO]: end create gt_ui.c
[2024/10/10 12:18:20:456]-[INFO]: start create gt_ui.h
[2024/10/10 12:18:20:457]-[INFO]: end create gt_ui.h
[2024/10/10 12:18:20:457]-[INFO]: start create gt_ui.mk
[2024/10/10 12:18:20:458]-[INFO]: end create gt_ui.mk
[2024/10/10 12:18:20:458]-[INFO]: start create gt_conf.h
[2024/10/10 12:18:20:459]-[INFO]: end create gt_conf.h
[2024/10/10 12:18:20:460]-[INFO]: start create code
[2024/10/10 12:18:20:463]-[INFO]: end create code
[2024/10/10 12:18:20:463]-[INFO]: start create gt_ui.c
[2024/10/10 12:18:20:464]-[INFO]: end create gt_ui.c
[2024/10/10 12:18:20:464]-[INFO]: start create gt_ui.h
[2024/10/10 12:18:20:465]-[INFO]: end create gt_ui.h
[2024/10/10 12:18:20:465]-[INFO]: 开始编译
[2024/10/10 12:18:21:897]-[INFO]: "Compiling ./Makefile/../drivers/display/monitor.c"
[2024/10/10 12:18:22:34]-[INFO]: "Compiling ./Makefile/../drivers/display/icon.c"
[2024/10/10 12:18:22:123]-[INFO]: "Compiling ./Makefile/../drivers/indev/keyboard.c"
[2024/10/10 12:18:22:188]-[INFO]: "Compiling ./Makefile/../drivers/indev/mouse.c"
[2024/10/10 12:18:22:300]-[INFO]: "Compiling ./Makefile/../drivers/indev/mousewheel.c"
[2024/10/10 12:18:22:368]-[INFO]: "Compiling ./Makefile/../drivers/indev/evdev.c"
[2024/10/10 12:18:22:466]-[INFO]: "Compiling ./Makefile/../drivers/indev/libinput.c"
[2024/10/10 12:18:22:599]-[INFO]: "Compiling ./Makefile/../drivers/win_drv.c"
[2024/10/10 12:18:22:648]-[INFO]: "Compiling ./Makefile/../ui/gt_ui.c"
[2024/10/10 12:18:22:935]-[INFO]: "Compiling ./Makefile/../ui/gt_init_screen_home.c"
[2024/10/10 12:18:22:983]-[INFO]: "Compiling ./Makefile/../imgs/img_src_0.c"
[2024/10/10 12:18:23:86]-[INFO]: "Compiling ./Makefile/../imgs/gt_src.c"
[2024/10/10 12:18:23:228]-[INFO]: "Compiling ./Makefile/../../GT-HMI-Engine/driver/gt_port_indev.c"
[2024/10/10 12:18:23:303]-[INFO]: "Compiling ./Makefile/../../GT-HMI-Engine/driver/gt_port_disp.c"
[2024/10/10 12:18:23:408]-[INFO]: "Compiling ./Makefile/../../GT-HMI-Engine/driver/gt_port_src.c"
[2024/10/10 12:18:23:478]-[INFO]: "Compiling ./Makefile/../../GT-HMI-Engine/driver/gt_font_config.c"
[2024/10/10 12:18:23:577]-[INFO]: "Compiling ./Makefile/../../GT-HMI-Engine/driver/gt_port_vf.c"
[2024/10/10 12:18:23:691]-[INFO]: "Compiling ./Makefile/../../GT-HMI-Engine/src/core/gt_mem.c"
[2024/10/10 12:18:23:741]-[INFO]: "Compiling ./Makefile/../../GT-HMI-Engine/src/core/gt_handler.c"
[2024/10/10 12:18:23:867]-[INFO]: "Compiling ./Makefile/../../GT-HMI-Engine/src/core/gt_style.c"
[2024/10/10 12:18:23:918]-[INFO]: "Compiling ./Makefile/../../GT-HMI-Engine/src/core/gt_obj_scroll.c"
[2024/10/10 12:18:24:41]-[INFO]: "Compiling ./Makefile/../../GT-HMI-Engine/src/core/gt_draw.c"
[2024/10/10 12:18:24:173]-[INFO]: "Compiling ./Makefile/../../GT-HMI-Engine/src/core/gt_fs.c"
[2024/10/10 12:18:24:242]-[INFO]: "Compiling ./Makefile/../../GT-HMI-Engine/src/core/gt_event.c"
[2024/10/10 12:18:24:380]-[INFO]: "Compiling ./Makefile/../../GT-HMI-Engine/src/core/gt_layout.c"
[2024/10/10 12:18:24:459]-[INFO]: "Compiling ./Makefile/../../GT-HMI-Engine/src/core/gt_graph_base.c"
[2024/10/10 12:18:24:557]-[INFO]: "Compiling ./Makefile/../../GT-HMI-Engine/src/core/gt_obj_pos.c"
[2024/10/10 12:18:24:688]-[INFO]: "Compiling ./Makefile/../../GT-HMI-Engine/src/core/gt_refr.c"
[2024/10/10 12:18:24:773]-[INFO]: "Compiling ./Makefile/../../GT-HMI-Engine/src/core/gt_img_decoder.c"
[2024/10/10 12:18:24:909]-[INFO]: "Compiling ./Makefile/../../GT-HMI-Engine/src/core/gt_indev.c"
[2024/10/10 12:18:24:979]-[INFO]: "Compiling ./Makefile/../../GT-HMI-Engine/src/core/gt_timer.c"
[2024/10/10 12:18:25:79]-[INFO]: "Compiling ./Makefile/../../GT-HMI-Engine/src/core/gt_disp.c"
[2024/10/10 12:18:25:211]-[INFO]: "Compiling ./Makefile/../../GT-HMI-Engine/src/core/gt_scr_stack.c"
[2024/10/10 12:18:25:271]-[INFO]: "Compiling ./Makefile/../../GT-HMI-Engine/src/extra/gt_extra.c"
[2024/10/10 12:18:25:384]-[INFO]: "Compiling ./Makefile/../../GT-HMI-Engine/src/font/gt_font.c"
[2024/10/10 12:18:25:439]-[INFO]: "Compiling ./Makefile/../../GT-HMI-Engine/src/font/gt_symbol.c"
[2024/10/10 12:18:25:563]-[INFO]: "Compiling ./Makefile/../../GT-HMI-Engine/src/hal/gt_hal_fs.c"
[2024/10/10 12:18:25:660]-[INFO]: "Compiling ./Makefile/../../GT-HMI-Engine/src/hal/gt_hal_vf.c"
[2024/10/10 12:18:25:728]-[INFO]: "Compiling ./Makefile/../../GT-HMI-Engine/src/hal/gt_hal_indev.c"
[2024/10/10 12:18:25:830]-[INFO]: "Compiling ./Makefile/../../GT-HMI-Engine/src/hal/gt_hal_disp.c"
[2024/10/10 12:18:25:907]-[INFO]: "Compiling ./Makefile/../../GT-HMI-Engine/src/hal/gt_hal_file_header.c"
[2024/10/10 12:18:26:5]-[INFO]: "Compiling ./Makefile/../../GT-HMI-Engine/src/hal/gt_hal_tick.c"
[2024/10/10 12:18:26:125]-[INFO]: "Compiling ./Makefile/../../GT-HMI-Engine/src/hal/gt_hal_src.c"
[2024/10/10 12:18:26:199]-[INFO]: "Compiling ./Makefile/../../GT-HMI-Engine/src/widgets/gt_input.c"
[2024/10/10 12:18:26:308]-[INFO]: "Compiling ./Makefile/../../GT-HMI-Engine/src/widgets/gt_gif.c"
[2024/10/10 12:18:26:357]-[INFO]: "Compiling ./Makefile/../../GT-HMI-Engine/src/widgets/gt_dialog.c"
[2024/10/10 12:18:26:458]-[INFO]: "Compiling ./Makefile/../../GT-HMI-Engine/src/widgets/gt_obj.c"
[2024/10/10 12:18:26:563]-[INFO]: "Compiling ./Makefile/../../GT-HMI-Engine/src/widgets/gt_barcode.c"
[2024/10/10 12:18:26:640]-[INFO]: "Compiling ./Makefile/../../GT-HMI-Engine/src/widgets/gt_template.c"
[2024/10/10 12:18:26:946]-[INFO]: "Compiling ./Makefile/../../GT-HMI-Engine/src/widgets/gt_rect.c"
[2024/10/10 12:18:26:989]-[INFO]: "Compiling ./Makefile/../../GT-HMI-Engine/src/widgets/gt_wordart.c"
[2024/10/10 12:18:27:90]-[INFO]: "Compiling ./Makefile/../../GT-HMI-Engine/src/widgets/gt_keypad.c"
[2024/10/10 12:18:27:178]-[INFO]: "Compiling ./Makefile/../../GT-HMI-Engine/src/widgets/gt_checkbox.c"
[2024/10/10 12:18:27:249]-[INFO]: "Compiling ./Makefile/../../GT-HMI-Engine/src/widgets/gt_btnmap.c"
[2024/10/10 12:18:27:348]-[INFO]: "Compiling ./Makefile/../../GT-HMI-Engine/src/widgets/gt_chat.c"
[2024/10/10 12:18:27:421]-[INFO]: "Compiling ./Makefile/../../GT-HMI-Engine/src/widgets/gt_player.c"
[2024/10/10 12:18:27:513]-[INFO]: "Compiling ./Makefile/../../GT-HMI-Engine/src/widgets/gt_slider.c"
[2024/10/10 12:18:27:630]-[INFO]: "Compiling ./Makefile/../../GT-HMI-Engine/src/widgets/gt_option.c"
[2024/10/10 12:18:27:689]-[INFO]: "Compiling ./Makefile/../../GT-HMI-Engine/src/widgets/gt_clock.c"
[2024/10/10 12:18:27:831]-[INFO]: "Compiling ./Makefile/../../GT-HMI-Engine/src/widgets/gt_group.c"
[2024/10/10 12:18:27:898]-[INFO]: "Compiling ./Makefile/../../GT-HMI-Engine/src/widgets/gt_progress_bar.c"
[2024/10/10 12:18:28:42]-[INFO]: "Compiling ./Makefile/../../GT-HMI-Engine/src/widgets/gt_img.c"
[2024/10/10 12:18:28:166]-[INFO]: "Compiling ./Makefile/../../GT-HMI-Engine/src/widgets/gt_qrcode.c"
[2024/10/10 12:18:28:237]-[INFO]: "Compiling ./Makefile/../../GT-HMI-Engine/src/widgets/gt_media_player.c"
[2024/10/10 12:18:28:384]-[INFO]: "Compiling ./Makefile/../../GT-HMI-Engine/src/widgets/gt_line.c"
[2024/10/10 12:18:28:444]-[INFO]: "Compiling ./Makefile/../../GT-HMI-Engine/src/widgets/gt_status_bar.c"
[2024/10/10 12:18:28:541]-[INFO]: "Compiling ./Makefile/../../GT-HMI-Engine/src/widgets/gt_roller.c"
[2024/10/10 12:18:28:651]-[INFO]: "Compiling ./Makefile/../../GT-HMI-Engine/src/widgets/gt_view_pager.c"
[2024/10/10 12:18:28:699]-[INFO]: "Compiling ./Makefile/../../GT-HMI-Engine/src/widgets/gt_listview.c"
[2024/10/10 12:18:28:839]-[INFO]: "Compiling ./Makefile/../../GT-HMI-Engine/src/widgets/gt_btn.c"
[2024/10/10 12:18:28:902]-[INFO]: "Compiling ./Makefile/../../GT-HMI-Engine/src/widgets/gt_graphs.c"
[2024/10/10 12:18:29:34]-[INFO]: "Compiling ./Makefile/../../GT-HMI-Engine/src/widgets/gt_switch.c"
[2024/10/10 12:18:29:147]-[INFO]: "Compiling ./Makefile/../../GT-HMI-Engine/src/widgets/gt_radio.c"
[2024/10/10 12:18:29:238]-[INFO]: "Compiling ./Makefile/../../GT-HMI-Engine/src/widgets/gt_obj_class.c"
[2024/10/10 12:18:29:349]-[INFO]: "Compiling ./Makefile/../../GT-HMI-Engine/src/widgets/gt_input_number.c"
[2024/10/10 12:18:29:440]-[INFO]: "Compiling ./Makefile/../../GT-HMI-Engine/src/widgets/gt_textarea.c"
[2024/10/10 12:18:29:662]-[INFO]: "Compiling ./Makefile/../../GT-HMI-Engine/src/widgets/gt_label.c"
[2024/10/10 12:18:29:768]-[INFO]: "Compiling ./Makefile/../../GT-HMI-Engine/src/widgets/gt_imgbtn.c"
[2024/10/10 12:18:29:816]-[INFO]: "Compiling ./Makefile/../../GT-HMI-Engine/src/others/gt_anim.c"
[2024/10/10 12:18:29:948]-[INFO]: "Compiling ./Makefile/../../GT-HMI-Engine/src/others/gt_area.c"
[2024/10/10 12:18:30:38]-[INFO]: "Compiling ./Makefile/../../GT-HMI-Engine/src/others/gt_effects.c"
[2024/10/10 12:18:30:136]-[INFO]: "Compiling ./Makefile/../../GT-HMI-Engine/src/others/gt_math.c"
[2024/10/10 12:18:30:247]-[INFO]: "Compiling ./Makefile/../../GT-HMI-Engine/src/others/gt_txt.c"
[2024/10/10 12:18:30:298]-[INFO]: "Compiling ./Makefile/../../GT-HMI-Engine/src/others/gt_ll.c"
[2024/10/10 12:18:30:413]-[INFO]: "Compiling ./Makefile/../../GT-HMI-Engine/src/others/gt_tlsf.c"
[2024/10/10 12:18:30:456]-[INFO]: "Compiling ./Makefile/../../GT-HMI-Engine/src/others/gt_crc.c"
[2024/10/10 12:18:30:560]-[INFO]: "Compiling ./Makefile/../../GT-HMI-Engine/src/others/gt_color.c"
[2024/10/10 12:18:30:669]-[INFO]: "Compiling ./Makefile/../../GT-HMI-Engine/src/others/gt_gc.c"
[2024/10/10 12:18:30:723]-[INFO]: "Compiling ./Makefile/../../GT-HMI-Engine/src/utils/gt_vector.c"
[2024/10/10 12:18:30:889]-[INFO]: "Compiling ./Makefile/../../GT-HMI-Engine/src/utils/gt_stack.c"
[2024/10/10 12:18:30:937]-[INFO]: "Compiling ./Makefile/../../GT-HMI-Engine/src/extra/draw/gt_draw_blend.c"
[2024/10/10 12:18:31:39]-[INFO]: "Compiling ./Makefile/../../GT-HMI-Engine/src/extra/draw/gt_draw_blend_with_rgb888.c"
[2024/10/10 12:18:31:140]-[INFO]: "Compiling ./Makefile/../../GT-HMI-Engine/src/extra/draw/gt_draw_blend_with_rgb565.c"
[2024/10/10 12:18:31:215]-[INFO]: "Compiling ./Makefile/../../GT-HMI-Engine/src/extra/draw/gt_draw_blend_with_argb888.c"
[2024/10/10 12:18:31:332]-[INFO]: "Compiling ./Makefile/../../GT-HMI-Engine/src/extra/png/gt_png.c"
[2024/10/10 12:18:31:397]-[INFO]: "Compiling ./Makefile/../../GT-HMI-Engine/src/extra/png/lodepng.c"
[2024/10/10 12:18:31:493]-[INFO]: "Compiling ./Makefile/../../GT-HMI-Engine/src/extra/jpeg/gt_sjpg.c"
[2024/10/10 12:18:31:617]-[INFO]: "Compiling ./Makefile/../../GT-HMI-Engine/src/extra/jpeg/tjpgd.c"
[2024/10/10 12:18:31:670]-[INFO]: "Compiling ./Makefile/../../GT-HMI-Engine/src/extra/gif/gifdec.c"
[2024/10/10 12:18:31:791]-[INFO]: "Compiling ./Makefile/../main.c"
[2024/10/10 12:18:33:227]-[INFO]: "Linking app.exe"
[2024/10/10 12:18:33:796]-[INFO]: 编译完成, 正在启动中...
[2024/10/10 12:18:34:859]-[INFO]: 开始运行
[2024/10/10 12:18:34:947]-[INFO]: Added 1020 bytes from img_1_20x17.png, offset: 0
[2024/10/10 12:18:34:948]-[INFO]: Added 1020 bytes from img_2_20x17.png, offset: 1020
[2024/10/10 12:18:34:952]-[INFO]: Total size of binary data: 2040 bytes
[2024/10/10 12:18:34:962]-[INFO]: Begin to compound the font and source bin file.
[2024/10/10 12:18:34:963]-[INFO]: Begin to export the font bin.
[2024/10/10 12:18:35:423]-[INFO]: Begin to create lib source file...
[2024/10/10 12:18:36:175]-[INFO]: Begin to export the whole resource bin file.
[2024/10/10 12:18:36:179]-[INFO]: Begin to export images driver code.
[2024/10/10 12:18:36:181]-[INFO]: Begin to build the font library.
[2024/10/10 12:18:36:187]-[INFO]: Begin to exec keil5 cmd to build lib file...
[2024/10/10 12:18:39:164]-[INFO]: 字库lib文件路径: C:\Program Files\GT-HMI Designer\gui-hmi-tools\gui-win\app\build\board.
[2024/10/10 12:18:39:168]-[INFO]: build font lib or static lib by keil5.
[2024/10/10 12:18:39:183]-[INFO]: Begin to compound the font and source bin file.
[2024/10/10 12:18:39:188]-[INFO]: Begin to export the whole resource bin file.
[2024/10/10 12:18:39:189]-[INFO]: Begin to export images driver code.
[2024/10/10 12:18:39:560]-[INFO]: =========== Done ===========
[2024/10/10 12:18:39:762]-[INFO]: 素材bin文件路径: D:\gitee gt-hmi-bulider\GT-HMI-Builder\Serial Port Example\GTC-480272TFT43XP 串口例程\hmi-project\board.
[2024/10/10 12:18:39:765]-[INFO]: 素材bin文件路径: D:\gitee gt-hmi-bulider\GT-HMI-Builder\Serial Port Example\GTC-480272TFT43XP 串口例程\hmi-project\out.
[2024/10/10 12:18:39:862]-[INFO]: 素材数组调用代码路径: D:\gitee gt-hmi-bulider\GT-HMI-Builder\Serial Port Example\GTC-480272TFT43XP 串口例程\hmi-project\sources\ui.
[2024/10/10 12:18:39:863]-[INFO]: 素材flash调用代码路径: D:\gitee gt-hmi-bulider\GT-HMI-Builder\Serial Port Example\GTC-480272TFT43XP 串口例程\hmi-project\screen.
[2024/10/10 13:33:18:866]-[INFO]: =========== Begin ===========
[2024/10/10 13:33:18:867]-[INFO]: 清除历史代码文件
[2024/10/10 13:33:21:88]-[INFO]: generate font config file:
[2024/10/10 13:33:21:89]-[INFO]: the numbers of font is: 4.
[2024/10/10 13:33:21:90]-[INFO]: generate font config done.
[2024/10/10 13:33:21:90]-[INFO]: 开始生成图片资源
[2024/10/10 13:33:21:163]-[INFO]: start copy img files
[2024/10/10 13:33:21:163]-[INFO]: img length:1
[2024/10/10 13:33:21:277]-[INFO]: end copy img files
[2024/10/10 13:33:21:277]-[INFO]: start cvt img files
[2024/10/10 13:33:21:496]-[INFO]: end cvt img files
[2024/10/10 13:33:21:496]-[INFO]: 开始生成代码
[2024/10/10 13:33:21:598]-[INFO]: start create code
[2024/10/10 13:33:21:604]-[INFO]: end create code
[2024/10/10 13:33:21:604]-[INFO]: start create gt_ui.c
[2024/10/10 13:33:21:605]-[INFO]: end create gt_ui.c
[2024/10/10 13:33:21:606]-[INFO]: start create gt_ui.h
[2024/10/10 13:33:21:606]-[INFO]: end create gt_ui.h
[2024/10/10 13:33:21:607]-[INFO]: start create gt_ui.mk
[2024/10/10 13:33:21:608]-[INFO]: end create gt_ui.mk
[2024/10/10 13:33:21:608]-[INFO]: start create gt_conf.h
[2024/10/10 13:33:21:609]-[INFO]: end create gt_conf.h
[2024/10/10 13:33:21:609]-[INFO]: start create code
[2024/10/10 13:33:21:612]-[INFO]: end create code
[2024/10/10 13:33:21:612]-[INFO]: start create gt_ui.c
[2024/10/10 13:33:21:613]-[INFO]: end create gt_ui.c
[2024/10/10 13:33:21:613]-[INFO]: start create gt_ui.h
[2024/10/10 13:33:21:614]-[INFO]: end create gt_ui.h
[2024/10/10 13:33:21:614]-[INFO]: 开始编译
[2024/10/10 13:33:23:41]-[INFO]: "Compiling ./Makefile/../drivers/display/monitor.c"
[2024/10/10 13:33:23:163]-[INFO]: "Compiling ./Makefile/../drivers/display/icon.c"
[2024/10/10 13:33:23:245]-[INFO]: "Compiling ./Makefile/../drivers/indev/keyboard.c"
[2024/10/10 13:33:23:307]-[INFO]: "Compiling ./Makefile/../drivers/indev/mouse.c"
[2024/10/10 13:33:23:398]-[INFO]: "Compiling ./Makefile/../drivers/indev/mousewheel.c"
[2024/10/10 13:33:23:465]-[INFO]: "Compiling ./Makefile/../drivers/indev/evdev.c"
[2024/10/10 13:33:23:574]-[INFO]: "Compiling ./Makefile/../drivers/indev/libinput.c"
[2024/10/10 13:33:23:669]-[INFO]: "Compiling ./Makefile/../drivers/win_drv.c"
[2024/10/10 13:33:23:720]-[INFO]: "Compiling ./Makefile/../ui/gt_ui.c"
[2024/10/10 13:33:23:807]-[INFO]: "Compiling ./Makefile/../ui/gt_init_screen_home.c"
[2024/10/10 13:33:23:859]-[INFO]: "Compiling ./Makefile/../imgs/img_src_0.c"
[2024/10/10 13:33:23:987]-[INFO]: "Compiling ./Makefile/../imgs/gt_src.c"
[2024/10/10 13:33:24:85]-[INFO]: "Compiling ./Makefile/../../GT-HMI-Engine/driver/gt_port_indev.c"
[2024/10/10 13:33:24:139]-[INFO]: "Compiling ./Makefile/../../GT-HMI-Engine/driver/gt_port_disp.c"
[2024/10/10 13:33:24:233]-[INFO]: "Compiling ./Makefile/../../GT-HMI-Engine/driver/gt_port_src.c"
[2024/10/10 13:33:24:301]-[INFO]: "Compiling ./Makefile/../../GT-HMI-Engine/driver/gt_font_config.c"
[2024/10/10 13:33:24:402]-[INFO]: "Compiling ./Makefile/../../GT-HMI-Engine/driver/gt_port_vf.c"
[2024/10/10 13:33:24:567]-[INFO]: "Compiling ./Makefile/../../GT-HMI-Engine/src/core/gt_mem.c"
[2024/10/10 13:33:24:625]-[INFO]: "Compiling ./Makefile/../../GT-HMI-Engine/src/core/gt_handler.c"
[2024/10/10 13:33:24:724]-[INFO]: "Compiling ./Makefile/../../GT-HMI-Engine/src/core/gt_style.c"
[2024/10/10 13:33:24:787]-[INFO]: "Compiling ./Makefile/../../GT-HMI-Engine/src/core/gt_obj_scroll.c"
[2024/10/10 13:33:24:930]-[INFO]: "Compiling ./Makefile/../../GT-HMI-Engine/src/core/gt_draw.c"
[2024/10/10 13:33:25:42]-[INFO]: "Compiling ./Makefile/../../GT-HMI-Engine/src/core/gt_fs.c"
[2024/10/10 13:33:25:93]-[INFO]: "Compiling ./Makefile/../../GT-HMI-Engine/src/core/gt_event.c"
[2024/10/10 13:33:25:212]-[INFO]: "Compiling ./Makefile/../../GT-HMI-Engine/src/core/gt_layout.c"
[2024/10/10 13:33:25:282]-[INFO]: "Compiling ./Makefile/../../GT-HMI-Engine/src/core/gt_graph_base.c"
[2024/10/10 13:33:25:382]-[INFO]: "Compiling ./Makefile/../../GT-HMI-Engine/src/core/gt_obj_pos.c"
[2024/10/10 13:33:25:485]-[INFO]: "Compiling ./Makefile/../../GT-HMI-Engine/src/core/gt_refr.c"
[2024/10/10 13:33:25:558]-[INFO]: "Compiling ./Makefile/../../GT-HMI-Engine/src/core/gt_img_decoder.c"
[2024/10/10 13:33:25:651]-[INFO]: "Compiling ./Makefile/../../GT-HMI-Engine/src/core/gt_indev.c"
[2024/10/10 13:33:25:723]-[INFO]: "Compiling ./Makefile/../../GT-HMI-Engine/src/core/gt_timer.c"
[2024/10/10 13:33:25:830]-[INFO]: "Compiling ./Makefile/../../GT-HMI-Engine/src/core/gt_disp.c"
[2024/10/10 13:33:25:946]-[INFO]: "Compiling ./Makefile/../../GT-HMI-Engine/src/core/gt_scr_stack.c"
[2024/10/10 13:33:25:996]-[INFO]: "Compiling ./Makefile/../../GT-HMI-Engine/src/extra/gt_extra.c"
[2024/10/10 13:33:26:138]-[INFO]: "Compiling ./Makefile/../../GT-HMI-Engine/src/font/gt_font.c"
[2024/10/10 13:33:26:185]-[INFO]: "Compiling ./Makefile/../../GT-HMI-Engine/src/font/gt_symbol.c"
[2024/10/10 13:33:26:303]-[INFO]: "Compiling ./Makefile/../../GT-HMI-Engine/src/hal/gt_hal_fs.c"
[2024/10/10 13:33:26:398]-[INFO]: "Compiling ./Makefile/../../GT-HMI-Engine/src/hal/gt_hal_vf.c"
[2024/10/10 13:33:26:460]-[INFO]: "Compiling ./Makefile/../../GT-HMI-Engine/src/hal/gt_hal_indev.c"
[2024/10/10 13:33:26:554]-[INFO]: "Compiling ./Makefile/../../GT-HMI-Engine/src/hal/gt_hal_disp.c"
[2024/10/10 13:33:26:626]-[INFO]: "Compiling ./Makefile/../../GT-HMI-Engine/src/hal/gt_hal_file_header.c"
[2024/10/10 13:33:26:722]-[INFO]: "Compiling ./Makefile/../../GT-HMI-Engine/src/hal/gt_hal_tick.c"
[2024/10/10 13:33:26:851]-[INFO]: "Compiling ./Makefile/../../GT-HMI-Engine/src/hal/gt_hal_src.c"
[2024/10/10 13:33:26:922]-[INFO]: "Compiling ./Makefile/../../GT-HMI-Engine/src/widgets/gt_input.c"
[2024/10/10 13:33:27:42]-[INFO]: "Compiling ./Makefile/../../GT-HMI-Engine/src/widgets/gt_gif.c"
[2024/10/10 13:33:27:85]-[INFO]: "Compiling ./Makefile/../../GT-HMI-Engine/src/widgets/gt_dialog.c"
[2024/10/10 13:33:27:187]-[INFO]: "Compiling ./Makefile/../../GT-HMI-Engine/src/widgets/gt_obj.c"
[2024/10/10 13:33:27:272]-[INFO]: "Compiling ./Makefile/../../GT-HMI-Engine/src/widgets/gt_barcode.c"
[2024/10/10 13:33:27:338]-[INFO]: "Compiling ./Makefile/../../GT-HMI-Engine/src/widgets/gt_template.c"
[2024/10/10 13:33:27:444]-[INFO]: "Compiling ./Makefile/../../GT-HMI-Engine/src/widgets/gt_rect.c"
[2024/10/10 13:33:27:507]-[INFO]: "Compiling ./Makefile/../../GT-HMI-Engine/src/widgets/gt_wordart.c"
[2024/10/10 13:33:27:634]-[INFO]: "Compiling ./Makefile/../../GT-HMI-Engine/src/widgets/gt_keypad.c"
[2024/10/10 13:33:27:739]-[INFO]: "Compiling ./Makefile/../../GT-HMI-Engine/src/widgets/gt_checkbox.c"
[2024/10/10 13:33:27:794]-[INFO]: "Compiling ./Makefile/../../GT-HMI-Engine/src/widgets/gt_btnmap.c"
[2024/10/10 13:33:27:890]-[INFO]: "Compiling ./Makefile/../../GT-HMI-Engine/src/widgets/gt_chat.c"
[2024/10/10 13:33:27:950]-[INFO]: "Compiling ./Makefile/../../GT-HMI-Engine/src/widgets/gt_player.c"
[2024/10/10 13:33:28:102]-[INFO]: "Compiling ./Makefile/../../GT-HMI-Engine/src/widgets/gt_slider.c"
[2024/10/10 13:33:28:225]-[INFO]: "Compiling ./Makefile/../../GT-HMI-Engine/src/widgets/gt_option.c"
[2024/10/10 13:33:28:290]-[INFO]: "Compiling ./Makefile/../../GT-HMI-Engine/src/widgets/gt_clock.c"
[2024/10/10 13:33:28:384]-[INFO]: "Compiling ./Makefile/../../GT-HMI-Engine/src/widgets/gt_group.c"
[2024/10/10 13:33:28:449]-[INFO]: "Compiling ./Makefile/../../GT-HMI-Engine/src/widgets/gt_progress_bar.c"
[2024/10/10 13:33:28:548]-[INFO]: "Compiling ./Makefile/../../GT-HMI-Engine/src/widgets/gt_img.c"
[2024/10/10 13:33:28:661]-[INFO]: "Compiling ./Makefile/../../GT-HMI-Engine/src/widgets/gt_qrcode.c"
[2024/10/10 13:33:28:730]-[INFO]: "Compiling ./Makefile/../../GT-HMI-Engine/src/widgets/gt_media_player.c"
[2024/10/10 13:33:28:827]-[INFO]: "Compiling ./Makefile/../../GT-HMI-Engine/src/widgets/gt_line.c"
[2024/10/10 13:33:28:900]-[INFO]: "Compiling ./Makefile/../../GT-HMI-Engine/src/widgets/gt_status_bar.c"
[2024/10/10 13:33:29:2]-[INFO]: "Compiling ./Makefile/../../GT-HMI-Engine/src/widgets/gt_roller.c"
[2024/10/10 13:33:29:105]-[INFO]: "Compiling ./Makefile/../../GT-HMI-Engine/src/widgets/gt_view_pager.c"
[2024/10/10 13:33:29:153]-[INFO]: "Compiling ./Makefile/../../GT-HMI-Engine/src/widgets/gt_listview.c"
[2024/10/10 13:33:29:259]-[INFO]: "Compiling ./Makefile/../../GT-HMI-Engine/src/widgets/gt_btn.c"
[2024/10/10 13:33:29:329]-[INFO]: "Compiling ./Makefile/../../GT-HMI-Engine/src/widgets/gt_graphs.c"
[2024/10/10 13:33:29:480]-[INFO]: "Compiling ./Makefile/../../GT-HMI-Engine/src/widgets/gt_switch.c"
[2024/10/10 13:33:29:624]-[INFO]: "Compiling ./Makefile/../../GT-HMI-Engine/src/widgets/gt_radio.c"
[2024/10/10 13:33:29:679]-[INFO]: "Compiling ./Makefile/../../GT-HMI-Engine/src/widgets/gt_obj_class.c"
[2024/10/10 13:33:29:796]-[INFO]: "Compiling ./Makefile/../../GT-HMI-Engine/src/widgets/gt_input_number.c"
[2024/10/10 13:33:29:851]-[INFO]: "Compiling ./Makefile/../../GT-HMI-Engine/src/widgets/gt_textarea.c"
[2024/10/10 13:33:29:996]-[INFO]: "Compiling ./Makefile/../../GT-HMI-Engine/src/widgets/gt_label.c"
[2024/10/10 13:33:30:102]-[INFO]: "Compiling ./Makefile/../../GT-HMI-Engine/src/widgets/gt_imgbtn.c"
[2024/10/10 13:33:30:156]-[INFO]: "Compiling ./Makefile/../../GT-HMI-Engine/src/others/gt_anim.c"
[2024/10/10 13:33:30:267]-[INFO]: "Compiling ./Makefile/../../GT-HMI-Engine/src/others/gt_area.c"
[2024/10/10 13:33:30:334]-[INFO]: "Compiling ./Makefile/../../GT-HMI-Engine/src/others/gt_effects.c"
[2024/10/10 13:33:30:458]-[INFO]: "Compiling ./Makefile/../../GT-HMI-Engine/src/others/gt_math.c"
[2024/10/10 13:33:30:571]-[INFO]: "Compiling ./Makefile/../../GT-HMI-Engine/src/others/gt_txt.c"
[2024/10/10 13:33:30:617]-[INFO]: "Compiling ./Makefile/../../GT-HMI-Engine/src/others/gt_ll.c"
[2024/10/10 13:33:30:775]-[INFO]: "Compiling ./Makefile/../../GT-HMI-Engine/src/others/gt_tlsf.c"
[2024/10/10 13:33:30:822]-[INFO]: "Compiling ./Makefile/../../GT-HMI-Engine/src/others/gt_crc.c"
[2024/10/10 13:33:30:922]-[INFO]: "Compiling ./Makefile/../../GT-HMI-Engine/src/others/gt_color.c"
[2024/10/10 13:33:31:35]-[INFO]: "Compiling ./Makefile/../../GT-HMI-Engine/src/others/gt_gc.c"
[2024/10/10 13:33:31:97]-[INFO]: "Compiling ./Makefile/../../GT-HMI-Engine/src/utils/gt_vector.c"
[2024/10/10 13:33:31:194]-[INFO]: "Compiling ./Makefile/../../GT-HMI-Engine/src/utils/gt_stack.c"
[2024/10/10 13:33:31:257]-[INFO]: "Compiling ./Makefile/../../GT-HMI-Engine/src/extra/draw/gt_draw_blend.c"
[2024/10/10 13:33:31:366]-[INFO]: "Compiling ./Makefile/../../GT-HMI-Engine/src/extra/draw/gt_draw_blend_with_rgb888.c"
[2024/10/10 13:33:31:476]-[INFO]: "Compiling ./Makefile/../../GT-HMI-Engine/src/extra/draw/gt_draw_blend_with_rgb565.c"
[2024/10/10 13:33:31:535]-[INFO]: "Compiling ./Makefile/../../GT-HMI-Engine/src/extra/draw/gt_draw_blend_with_argb888.c"
[2024/10/10 13:33:31:626]-[INFO]: "Compiling ./Makefile/../../GT-HMI-Engine/src/extra/png/gt_png.c"
[2024/10/10 13:33:31:698]-[INFO]: "Compiling ./Makefile/../../GT-HMI-Engine/src/extra/png/lodepng.c"
[2024/10/10 13:33:31:797]-[INFO]: "Compiling ./Makefile/../../GT-HMI-Engine/src/extra/jpeg/gt_sjpg.c"
[2024/10/10 13:33:31:910]-[INFO]: "Compiling ./Makefile/../../GT-HMI-Engine/src/extra/jpeg/tjpgd.c"
[2024/10/10 13:33:31:960]-[INFO]: "Compiling ./Makefile/../../GT-HMI-Engine/src/extra/gif/gifdec.c"
[2024/10/10 13:33:32:92]-[INFO]: "Compiling ./Makefile/../main.c"
[2024/10/10 13:33:33:354]-[INFO]: "Linking app.exe"
[2024/10/10 13:33:33:859]-[INFO]: 编译完成, 正在启动中...
[2024/10/10 13:33:34:896]-[INFO]: 开始运行
[2024/10/10 13:33:35:8]-[INFO]: Added 1020 bytes from img_1_20x17.png, offset: 0
[2024/10/10 13:33:35:9]-[INFO]: Added 1020 bytes from img_2_20x17.png, offset: 1020
[2024/10/10 13:33:35:15]-[INFO]: Total size of binary data: 2040 bytes
[2024/10/10 13:33:35:20]-[INFO]: Begin to compound the font and source bin file.
[2024/10/10 13:33:35:20]-[INFO]: Begin to export the font bin.
[2024/10/10 13:33:35:481]-[INFO]: Begin to create lib source file...
[2024/10/10 13:33:36:172]-[INFO]: Begin to export the whole resource bin file.
[2024/10/10 13:33:36:176]-[INFO]: Begin to export images driver code.
[2024/10/10 13:33:36:182]-[INFO]: Begin to build the font library.
[2024/10/10 13:33:36:190]-[INFO]: Begin to exec keil5 cmd to build lib file...
[2024/10/10 13:33:39:316]-[INFO]: 字库lib文件路径: C:\Program Files\GT-HMI Designer\gui-hmi-tools\gui-win\app\build\board.
[2024/10/10 13:33:39:320]-[INFO]: build font lib or static lib by keil5.
[2024/10/10 13:33:39:336]-[INFO]: Begin to compound the font and source bin file.
[2024/10/10 13:33:39:341]-[INFO]: Begin to export the whole resource bin file.
[2024/10/10 13:33:39:342]-[INFO]: Begin to export images driver code.
[2024/10/10 13:33:39:846]-[INFO]: =========== Done ===========
[2024/10/10 13:33:40:58]-[INFO]: 素材bin文件路径: D:\gitee gt-hmi-bulider\GT-HMI-Builder\Serial Port Example\GTC-480272TFT43XP 串口例程\hmi-project\board.
[2024/10/10 13:33:40:62]-[INFO]: 素材bin文件路径: D:\gitee gt-hmi-bulider\GT-HMI-Builder\Serial Port Example\GTC-480272TFT43XP 串口例程\hmi-project\out.
[2024/10/10 13:33:40:149]-[INFO]: 素材数组调用代码路径: D:\gitee gt-hmi-bulider\GT-HMI-Builder\Serial Port Example\GTC-480272TFT43XP 串口例程\hmi-project\sources\ui.
[2024/10/10 13:33:40:149]-[INFO]: 素材flash调用代码路径: D:\gitee gt-hmi-bulider\GT-HMI-Builder\Serial Port Example\GTC-480272TFT43XP 串口例程\hmi-project\screen.
