


ARM Macro Assembler    Page 1 


    1 00000000         ;*******************************************************
                       ********************************************************
                       ***************************
    2 00000000         ; 文件名称: startup_SWM341.s
    3 00000000         ; 功能说明: SWM341单片机的启动文件
    4 00000000         ; 技术支持: http://www.synwit.com.cn/e/tool/gbook/?b
                       id=1
    5 00000000         ; 注意事项:
    6 00000000         ; 版本日期: V1.1.0  2017年10月25日
    7 00000000         ; 升级记录:
    8 00000000         ;
    9 00000000         ;
   10 00000000         ;*******************************************************
                       ********************************************************
                       ***************************
   11 00000000         ; @attention
   12 00000000         ;
   13 00000000         ; THE PRESENT FIRMWARE WHICH IS FOR GUIDANCE ONLY AIMS A
                       T PROVIDING CUSTOMERS WITH CODING INFORMATION
   14 00000000         ; REGARDING THEIR PRODUCTS IN ORDER FOR THEM TO SAVE TIM
                       E. AS A RESULT, SYNWIT SHALL NOT BE HELD LIABLE
   15 00000000         ; FOR ANY DIRECT, INDIRECT OR CONSEQUENTIAL DAMAGES WITH
                        RESPECT TO ANY CLAIMS ARISING FROM THE CONTENT
   16 00000000         ; OF SUCH FIRMWARE AND/OR THE USE MADE BY CUSTOMERS OF T
                       HE CODING INFORMATION CONTAINED HEREIN IN CONN-
   17 00000000         ; -ECTION WITH THEIR PRODUCTS.
   18 00000000         ;
   19 00000000         ; COPYRIGHT 2012 Synwit Technology
   20 00000000         ;*******************************************************
                       ********************************************************
                       ***************************
   21 00000000         
   22 00000000         ; Amount of memory (in bytes) allocated for Stack
   23 00000000         ; Tailor this value to your application needs
   24 00000000         ; <h> Stack Configuration
   25 00000000         ;   <o> Stack Size (in Bytes) <0x0-0xFFFFFFFF:8>
   26 00000000         ; </h>
   27 00000000         
   28 00000000 00001000 
                       Stack_Size
                               EQU              0x00001000
   29 00000000         
   30 00000000                 AREA             STACK, NOINIT, READWRITE, ALIGN
=3
   31 00000000         Stack_Mem
                               SPACE            Stack_Size
   32 00001000         __initial_sp
   33 00001000         
   34 00001000         
   35 00001000         ; <h> Heap Configuration
   36 00001000         ;   <o>  Heap Size (in Bytes) <0x0-0xFFFFFFFF:8>
   37 00001000         ; </h>
   38 00001000         
   39 00001000 00000000 
                       Heap_Size
                               EQU              0x00000000
   40 00001000         
   41 00001000                 AREA             HEAP, NOINIT, READWRITE, ALIGN=
3



ARM Macro Assembler    Page 2 


   42 00000000         __heap_base
   43 00000000         Heap_Mem
                               SPACE            Heap_Size
   44 00000000         __heap_limit
   45 00000000         
   46 00000000                 PRESERVE8
   47 00000000                 THUMB
   48 00000000         
   49 00000000         
   50 00000000         ; Vector Table Mapped to Address 0 at Reset
   51 00000000                 AREA             RESET, DATA, READONLY
   52 00000000                 EXPORT           __Vectors
   53 00000000                 EXPORT           __Vectors_End
   54 00000000                 EXPORT           __Vectors_Size
   55 00000000         
   56 00000000 00000000 
                       __Vectors
                               DCD              __initial_sp ; Top of Stack
   57 00000004 00000000        DCD              Reset_Handler ; Reset Handler
   58 00000008 00000000        DCD              NMI_Handler ; NMI Handler
   59 0000000C 00000000        DCD              HardFault_Handler ; Hard Fault 
                                                            Handler
   60 00000010 00000000        DCD              MemManage_Handler 
                                                            ; MPU Fault Handler
                                                            
   61 00000014 00000000        DCD              BusFault_Handler 
                                                            ; Bus Fault Handler
                                                            
   62 00000018 00000000        DCD              UsageFault_Handler ; Usage Faul
                                                            t Handler
   63 0000001C 00000000        DCD              0           ; Reserved
   64 00000020 00000000        DCD              0           ; Reserved
   65 00000024 00000000        DCD              0           ; Reserved
   66 00000028 00000000        DCD              0           ; Reserved
   67 0000002C 00000000        DCD              SVC_Handler ; SVCall Handler
   68 00000030 00000000        DCD              DebugMon_Handler ; Debug Monito
                                                            r Handler
   69 00000034 00000000        DCD              0           ; Reserved
   70 00000038 00000000        DCD              PendSV_Handler ; PendSV Handler
                                                            
   71 0000003C 00000000        DCD              SysTick_Handler 
                                                            ; SysTick Handler
   72 00000040         
   73 00000040         ; External Interrupts
   74 00000040 00000000        DCD              UART0_Handler
   75 00000044 00000000        DCD              UART1_Handler
   76 00000048 00000000        DCD              TIMR0_Handler
   77 0000004C 00000000        DCD              TIMR1_Handler
   78 00000050 00000000        DCD              DMA_Handler
   79 00000054 00000000        DCD              SPI0_Handler
   80 00000058 00000000        DCD              PWM0_Handler
   81 0000005C 00000000        DCD              WDT_Handler
   82 00000060 00000000        DCD              UART2_Handler
   83 00000064 00000000        DCD              PWM1_Handler
   84 00000068 00000000        DCD              ADC0_Handler
   85 0000006C 00000000        DCD              BTIMR0_Handler
   86 00000070 00000000        DCD              HALL0_Handler
   87 00000074 00000000        DCD              PWM2_Handler
   88 00000078 00000000        DCD              PWMBRK_Handler



ARM Macro Assembler    Page 3 


   89 0000007C 00000000        DCD              I2C0_Handler
   90 00000080 00000000        DCD              CAN0_Handler
   91 00000084 00000000        DCD              SPI1_Handler
   92 00000088 00000000        DCD              RTC_Handler
   93 0000008C 00000000        DCD              PWM3_Handler
   94 00000090 00000000        DCD              TIMR2_Handler
   95 00000094 00000000        DCD              UART3_Handler
   96 00000098 00000000        DCD              TIMR3_Handler
   97 0000009C 00000000        DCD              ADC1_Handler
   98 000000A0 00000000        DCD              BOD_Handler
   99 000000A4 00000000        DCD              CORDIC_Handler
  100 000000A8 00000000        DCD              BTIMR1_Handler
  101 000000AC 00000000        DCD              PWM4_Handler
  102 000000B0 00000000        DCD              HALL3_Handler
  103 000000B4 00000000        DCD              BTIMR2_Handler
  104 000000B8 00000000        DCD              I2C1_Handler
  105 000000BC 00000000        DCD              BTIMR3_Handler
  106 000000C0 00000000        DCD              ACMP_Handler
  107 000000C4 00000000        DCD              XTALSTOP_Handler
  108 000000C8 00000000        DCD              FSPI_Handler
  109 000000CC 00000000        DCD              GPIOA_Handler
  110 000000D0 00000000        DCD              GPIOB_Handler
  111 000000D4 00000000        DCD              GPIOC_Handler
  112 000000D8 00000000        DCD              GPIOD_Handler
  113 000000DC 00000000        DCD              GPIOM_Handler
  114 000000E0 00000000        DCD              GPION_Handler
  115 000000E4 00000000        DCD              GPIOA0_Handler
  116 000000E8 00000000        DCD              GPIOA1_Handler
  117 000000EC 00000000        DCD              GPIOA5_Handler
  118 000000F0 00000000        DCD              GPIOA6_Handler
  119 000000F4 00000000        DCD              GPIOA10_Handler
  120 000000F8 00000000        DCD              GPIOA11_Handler
  121 000000FC 00000000        DCD              GPIOA12_Handler
  122 00000100 00000000        DCD              GPIOA13_Handler
  123 00000104 00000000        DCD              GPIOB0_Handler
  124 00000108 00000000        DCD              GPIOB1_Handler
  125 0000010C 00000000        DCD              GPIOB2_Handler
  126 00000110 00000000        DCD              GPIOC0_Handler
  127 00000114 00000000        DCD              GPIOC1_Handler
  128 00000118 00000000        DCD              GPIOC2_Handler
  129 0000011C 00000000        DCD              GPIOC3_Handler
  130 00000120 00000000        DCD              GPIOC4_Handler
  131 00000124 00000000        DCD              GPIOD3_Handler
  132 00000128 00000000        DCD              GPIOD4_Handler
  133 0000012C 00000000        DCD              GPIOD5_Handler
  134 00000130 00000000        DCD              GPIOD6_Handler
  135 00000134 00000000        DCD              GPIOD7_Handler
  136 00000138 00000000        DCD              GPIOD8_Handler
  137 0000013C 00000000        DCD              GPIOC9_Handler
  138 00000140 00000000        DCD              GPIOC10_Handler
  139 00000144 00000000        DCD              GPIOC11_Handler
  140 00000148 00000000        DCD              GPIOC12_Handler
  141 0000014C 00000000        DCD              GPIOM0_Handler
  142 00000150 00000000        DCD              GPIOM1_Handler
  143 00000154 00000000        DCD              GPIOM2_Handler
  144 00000158 00000000        DCD              GPIOM3_Handler
  145 0000015C 00000000        DCD              GPIOM4_Handler
  146 00000160 00000000        DCD              DIV_Handler
  147 00000164 00000000        DCD              LCD_Handler



ARM Macro Assembler    Page 4 


  148 00000168 00000000        DCD              GPIOE_Handler
  149 0000016C 00000000        DCD              JPEG_Handler
  150 00000170 00000000        DCD              SDIO_Handler
  151 00000174 00000000        DCD              USB_Handler
  152 00000178 00000000        DCD              CAN1_Handler
  153 0000017C 00000000        DCD              TIMR4_Handler
  154 00000180 00000000        DCD              BTIMR4_Handler
  155 00000184 00000000        DCD              BTIMR5_Handler
  156 00000188 00000000        DCD              BTIMR6_Handler
  157 0000018C 00000000        DCD              BTIMR7_Handler
  158 00000190 00000000        DCD              BTIMR8_Handler
  159 00000194 00000000        DCD              BTIMR9_Handler
  160 00000198 00000000        DCD              BTIMR10_Handler
  161 0000019C 00000000        DCD              BTIMR11_Handler
  162 000001A0 00000000        DCD              DMA2D_Handler
  163 000001A4 00000000        DCD              QEI_Handler
  164 000001A8         
  165 000001A8         __Vectors_End
  166 000001A8         
  167 000001A8 000001A8 
                       __Vectors_Size
                               EQU              __Vectors_End - __Vectors
  168 000001A8         
  169 000001A8         
  170 000001A8         
  171 000001A8                 AREA             |.text|, CODE, READONLY
  172 00000000         
  173 00000000         
  174 00000000         Reset_Handler
                               PROC
  175 00000000                 EXPORT           Reset_Handler             [WEAK
]
  176 00000000                 IMPORT           __main
  177 00000000                 IMPORT           FPU_Enable
  178 00000000 4833            LDR              R0, =FPU_Enable
  179 00000002 4780            BLX              R0
  180 00000004 4833            LDR              R0, =__main
  181 00000006 4700            BX               R0
  182 00000008                 ENDP
  183 00000008         
  184 00000008         ; Dummy Exception Handlers (infinite loops which can be 
                       modified)
  185 00000008         
  186 00000008         NMI_Handler
                               PROC
  187 00000008                 EXPORT           NMI_Handler                [WEA
K]
  188 00000008 E7FE            B                .
  189 0000000A                 ENDP
  190 0000000A         
  191 0000000A         HardFault_Handler
                               PROC
  192 0000000A                 EXPORT           HardFault_Handler          [WEA
K]
  193 0000000A E7FE            B                .
  194 0000000C                 ENDP
  195 0000000C         
  196 0000000C         MemManage_Handler
                               PROC



ARM Macro Assembler    Page 5 


  197 0000000C                 EXPORT           MemManage_Handler          [WEA
K]
  198 0000000C E7FE            B                .
  199 0000000E                 ENDP
  200 0000000E         
  201 0000000E         BusFault_Handler
                               PROC
  202 0000000E                 EXPORT           BusFault_Handler           [WEA
K]
  203 0000000E E7FE            B                .
  204 00000010                 ENDP
  205 00000010         
  206 00000010         UsageFault_Handler
                               PROC
  207 00000010                 EXPORT           UsageFault_Handler         [WEA
K]
  208 00000010 E7FE            B                .
  209 00000012                 ENDP
  210 00000012         
  211 00000012         SVC_Handler
                               PROC
  212 00000012                 EXPORT           SVC_Handler                [WEA
K]
  213 00000012 E7FE            B                .
  214 00000014                 ENDP
  215 00000014         
  216 00000014         DebugMon_Handler
                               PROC
  217 00000014                 EXPORT           DebugMon_Handler           [WEA
K]
  218 00000014 E7FE            B                .
  219 00000016                 ENDP
  220 00000016         
  221 00000016         PendSV_Handler
                               PROC
  222 00000016                 EXPORT           PendSV_Handler             [WEA
K]
  223 00000016 E7FE            B                .
  224 00000018                 ENDP
  225 00000018         
  226 00000018         SysTick_Handler
                               PROC
  227 00000018                 EXPORT           SysTick_Handler            [WEA
K]
  228 00000018 E7FE            B                .
  229 0000001A                 ENDP
  230 0000001A         
  231 0000001A         UART0_Handler
                               PROC
  232 0000001A                 EXPORT           UART0_Handler              [WEA
K]
  233 0000001A E7FE            B                .
  234 0000001C                 ENDP
  235 0000001C         
  236 0000001C         UART1_Handler
                               PROC
  237 0000001C                 EXPORT           UART1_Handler              [WEA
K]
  238 0000001C E7FE            B                .



ARM Macro Assembler    Page 6 


  239 0000001E                 ENDP
  240 0000001E         
  241 0000001E         TIMR0_Handler
                               PROC
  242 0000001E                 EXPORT           TIMR0_Handler              [WEA
K]
  243 0000001E E7FE            B                .
  244 00000020                 ENDP
  245 00000020         
  246 00000020         TIMR1_Handler
                               PROC
  247 00000020                 EXPORT           TIMR1_Handler              [WEA
K]
  248 00000020 E7FE            B                .
  249 00000022                 ENDP
  250 00000022         
  251 00000022         DMA_Handler
                               PROC
  252 00000022                 EXPORT           DMA_Handler                [WEA
K]
  253 00000022 E7FE            B                .
  254 00000024                 ENDP
  255 00000024         
  256 00000024         SPI0_Handler
                               PROC
  257 00000024                 EXPORT           SPI0_Handler               [WEA
K]
  258 00000024 E7FE            B                .
  259 00000026                 ENDP
  260 00000026         
  261 00000026         PWM0_Handler
                               PROC
  262 00000026                 EXPORT           PWM0_Handler               [WEA
K]
  263 00000026 E7FE            B                .
  264 00000028                 ENDP
  265 00000028         
  266 00000028         WDT_Handler
                               PROC
  267 00000028                 EXPORT           WDT_Handler                [WEA
K]
  268 00000028 E7FE            B                .
  269 0000002A                 ENDP
  270 0000002A         
  271 0000002A         UART2_Handler
                               PROC
  272 0000002A                 EXPORT           UART2_Handler              [WEA
K]
  273 0000002A E7FE            B                .
  274 0000002C                 ENDP
  275 0000002C         
  276 0000002C         PWM1_Handler
                               PROC
  277 0000002C                 EXPORT           PWM1_Handler               [WEA
K]
  278 0000002C E7FE            B                .
  279 0000002E                 ENDP
  280 0000002E         
  281 0000002E         ADC0_Handler



ARM Macro Assembler    Page 7 


                               PROC
  282 0000002E                 EXPORT           ADC0_Handler               [WEA
K]
  283 0000002E E7FE            B                .
  284 00000030                 ENDP
  285 00000030         
  286 00000030         BTIMR0_Handler
                               PROC
  287 00000030                 EXPORT           BTIMR0_Handler             [WEA
K]
  288 00000030 E7FE            B                .
  289 00000032                 ENDP
  290 00000032         
  291 00000032         HALL0_Handler
                               PROC
  292 00000032                 EXPORT           HALL0_Handler              [WEA
K]
  293 00000032 E7FE            B                .
  294 00000034                 ENDP
  295 00000034         
  296 00000034         PWM2_Handler
                               PROC
  297 00000034                 EXPORT           PWM2_Handler               [WEA
K]
  298 00000034 E7FE            B                .
  299 00000036                 ENDP
  300 00000036         
  301 00000036         PWMBRK_Handler
                               PROC
  302 00000036                 EXPORT           PWMBRK_Handler             [WEA
K]
  303 00000036 E7FE            B                .
  304 00000038                 ENDP
  305 00000038         
  306 00000038         I2C0_Handler
                               PROC
  307 00000038                 EXPORT           I2C0_Handler               [WEA
K]
  308 00000038 E7FE            B                .
  309 0000003A                 ENDP
  310 0000003A         
  311 0000003A         CAN0_Handler
                               PROC
  312 0000003A                 EXPORT           CAN0_Handler               [WEA
K]
  313 0000003A E7FE            B                .
  314 0000003C                 ENDP
  315 0000003C         
  316 0000003C         SPI1_Handler
                               PROC
  317 0000003C                 EXPORT           SPI1_Handler               [WEA
K]
  318 0000003C E7FE            B                .
  319 0000003E                 ENDP
  320 0000003E         
  321 0000003E         RTC_Handler
                               PROC
  322 0000003E                 EXPORT           RTC_Handler                [WEA
K]



ARM Macro Assembler    Page 8 


  323 0000003E E7FE            B                .
  324 00000040                 ENDP
  325 00000040         
  326 00000040         PWM3_Handler
                               PROC
  327 00000040                 EXPORT           PWM3_Handler               [WEA
K]
  328 00000040 E7FE            B                .
  329 00000042                 ENDP
  330 00000042         
  331 00000042         TIMR2_Handler
                               PROC
  332 00000042                 EXPORT           TIMR2_Handler              [WEA
K]
  333 00000042 E7FE            B                .
  334 00000044                 ENDP
  335 00000044         
  336 00000044         UART3_Handler
                               PROC
  337 00000044                 EXPORT           UART3_Handler              [WEA
K]
  338 00000044 E7FE            B                .
  339 00000046                 ENDP
  340 00000046         
  341 00000046         TIMR3_Handler
                               PROC
  342 00000046                 EXPORT           TIMR3_Handler              [WEA
K]
  343 00000046 E7FE            B                .
  344 00000048                 ENDP
  345 00000048         
  346 00000048         ADC1_Handler
                               PROC
  347 00000048                 EXPORT           ADC1_Handler               [WEA
K]
  348 00000048 E7FE            B                .
  349 0000004A                 ENDP
  350 0000004A         
  351 0000004A         BOD_Handler
                               PROC
  352 0000004A                 EXPORT           BOD_Handler                [WEA
K]
  353 0000004A E7FE            B                .
  354 0000004C                 ENDP
  355 0000004C         
  356 0000004C         CORDIC_Handler
                               PROC
  357 0000004C                 EXPORT           CORDIC_Handler             [WEA
K]
  358 0000004C E7FE            B                .
  359 0000004E                 ENDP
  360 0000004E         
  361 0000004E         BTIMR1_Handler
                               PROC
  362 0000004E                 EXPORT           BTIMR1_Handler             [WEA
K]
  363 0000004E E7FE            B                .
  364 00000050                 ENDP
  365 00000050         



ARM Macro Assembler    Page 9 


  366 00000050         PWM4_Handler
                               PROC
  367 00000050                 EXPORT           PWM4_Handler               [WEA
K]
  368 00000050 E7FE            B                .
  369 00000052                 ENDP
  370 00000052         
  371 00000052         HALL3_Handler
                               PROC
  372 00000052                 EXPORT           HALL3_Handler             [WEAK
]
  373 00000052 E7FE            B                .
  374 00000054                 ENDP
  375 00000054         
  376 00000054         BTIMR2_Handler
                               PROC
  377 00000054                 EXPORT           BTIMR2_Handler             [WEA
K]
  378 00000054 E7FE            B                .
  379 00000056                 ENDP
  380 00000056         
  381 00000056         I2C1_Handler
                               PROC
  382 00000056                 EXPORT           I2C1_Handler               [WEA
K]
  383 00000056 E7FE            B                .
  384 00000058                 ENDP
  385 00000058         
  386 00000058         BTIMR3_Handler
                               PROC
  387 00000058                 EXPORT           BTIMR3_Handler             [WEA
K]
  388 00000058 E7FE            B                .
  389 0000005A                 ENDP
  390 0000005A         
  391 0000005A         ACMP_Handler
                               PROC
  392 0000005A                 EXPORT           ACMP_Handler               [WEA
K]
  393 0000005A E7FE            B                .
  394 0000005C                 ENDP
  395 0000005C         
  396 0000005C         XTALSTOP_Handler
                               PROC
  397 0000005C                 EXPORT           XTALSTOP_Handler           [WEA
K]
  398 0000005C E7FE            B                .
  399 0000005E                 ENDP
  400 0000005E         
  401 0000005E         FSPI_Handler
                               PROC
  402 0000005E                 EXPORT           FSPI_Handler               [WEA
K]
  403 0000005E E7FE            B                .
  404 00000060                 ENDP
  405 00000060         
  406 00000060         GPIOA_Handler
                               PROC
  407 00000060                 EXPORT           GPIOA_Handler              [WEA



ARM Macro Assembler    Page 10 


K]
  408 00000060 E7FE            B                .
  409 00000062                 ENDP
  410 00000062         
  411 00000062         GPIOB_Handler
                               PROC
  412 00000062                 EXPORT           GPIOB_Handler              [WEA
K]
  413 00000062 E7FE            B                .
  414 00000064                 ENDP
  415 00000064         
  416 00000064         GPIOC_Handler
                               PROC
  417 00000064                 EXPORT           GPIOC_Handler              [WEA
K]
  418 00000064 E7FE            B                .
  419 00000066                 ENDP
  420 00000066         
  421 00000066         GPIOD_Handler
                               PROC
  422 00000066                 EXPORT           GPIOD_Handler              [WEA
K]
  423 00000066 E7FE            B                .
  424 00000068                 ENDP
  425 00000068         
  426 00000068         GPIOM_Handler
                               PROC
  427 00000068                 EXPORT           GPIOM_Handler              [WEA
K]
  428 00000068 E7FE            B                .
  429 0000006A                 ENDP
  430 0000006A         
  431 0000006A         GPION_Handler
                               PROC
  432 0000006A                 EXPORT           GPION_Handler              [WEA
K]
  433 0000006A E7FE            B                .
  434 0000006C                 ENDP
  435 0000006C         
  436 0000006C         GPIOA0_Handler
                               PROC
  437 0000006C                 EXPORT           GPIOA0_Handler             [WEA
K]
  438 0000006C E7FE            B                .
  439 0000006E                 ENDP
  440 0000006E         
  441 0000006E         GPIOA1_Handler
                               PROC
  442 0000006E                 EXPORT           GPIOA1_Handler             [WEA
K]
  443 0000006E E7FE            B                .
  444 00000070                 ENDP
  445 00000070         
  446 00000070         GPIOA5_Handler
                               PROC
  447 00000070                 EXPORT           GPIOA5_Handler             [WEA
K]
  448 00000070 E7FE            B                .
  449 00000072                 ENDP



ARM Macro Assembler    Page 11 


  450 00000072         
  451 00000072         GPIOA6_Handler
                               PROC
  452 00000072                 EXPORT           GPIOA6_Handler             [WEA
K]
  453 00000072 E7FE            B                .
  454 00000074                 ENDP
  455 00000074         
  456 00000074         GPIOA10_Handler
                               PROC
  457 00000074                 EXPORT           GPIOA10_Handler            [WEA
K]
  458 00000074 E7FE            B                .
  459 00000076                 ENDP
  460 00000076         
  461 00000076         GPIOA11_Handler
                               PROC
  462 00000076                 EXPORT           GPIOA11_Handler            [WEA
K]
  463 00000076 E7FE            B                .
  464 00000078                 ENDP
  465 00000078         
  466 00000078         GPIOA12_Handler
                               PROC
  467 00000078                 EXPORT           GPIOA12_Handler            [WEA
K]
  468 00000078 E7FE            B                .
  469 0000007A                 ENDP
  470 0000007A         
  471 0000007A         GPIOA13_Handler
                               PROC
  472 0000007A                 EXPORT           GPIOA13_Handler            [WEA
K]
  473 0000007A E7FE            B                .
  474 0000007C                 ENDP
  475 0000007C         
  476 0000007C         GPIOB0_Handler
                               PROC
  477 0000007C                 EXPORT           GPIOB0_Handler             [WEA
K]
  478 0000007C E7FE            B                .
  479 0000007E                 ENDP
  480 0000007E         
  481 0000007E         GPIOB1_Handler
                               PROC
  482 0000007E                 EXPORT           GPIOB1_Handler             [WEA
K]
  483 0000007E E7FE            B                .
  484 00000080                 ENDP
  485 00000080         
  486 00000080         GPIOB2_Handler
                               PROC
  487 00000080                 EXPORT           GPIOB2_Handler             [WEA
K]
  488 00000080 E7FE            B                .
  489 00000082                 ENDP
  490 00000082         
  491 00000082         GPIOC0_Handler
                               PROC



ARM Macro Assembler    Page 12 


  492 00000082                 EXPORT           GPIOC0_Handler             [WEA
K]
  493 00000082 E7FE            B                .
  494 00000084                 ENDP
  495 00000084         
  496 00000084         GPIOC1_Handler
                               PROC
  497 00000084                 EXPORT           GPIOC1_Handler             [WEA
K]
  498 00000084 E7FE            B                .
  499 00000086                 ENDP
  500 00000086         
  501 00000086         GPIOC2_Handler
                               PROC
  502 00000086                 EXPORT           GPIOC2_Handler             [WEA
K]
  503 00000086 E7FE            B                .
  504 00000088                 ENDP
  505 00000088         
  506 00000088         GPIOC3_Handler
                               PROC
  507 00000088                 EXPORT           GPIOC3_Handler             [WEA
K]
  508 00000088 E7FE            B                .
  509 0000008A                 ENDP
  510 0000008A         
  511 0000008A         GPIOC4_Handler
                               PROC
  512 0000008A                 EXPORT           GPIOC4_Handler             [WEA
K]
  513 0000008A E7FE            B                .
  514 0000008C                 ENDP
  515 0000008C         
  516 0000008C         GPIOD3_Handler
                               PROC
  517 0000008C                 EXPORT           GPIOD3_Handler             [WEA
K]
  518 0000008C E7FE            B                .
  519 0000008E                 ENDP
  520 0000008E         
  521 0000008E         GPIOD4_Handler
                               PROC
  522 0000008E                 EXPORT           GPIOD4_Handler             [WEA
K]
  523 0000008E E7FE            B                .
  524 00000090                 ENDP
  525 00000090         
  526 00000090         GPIOD5_Handler
                               PROC
  527 00000090                 EXPORT           GPIOD5_Handler             [WEA
K]
  528 00000090 E7FE            B                .
  529 00000092                 ENDP
  530 00000092         
  531 00000092         GPIOD6_Handler
                               PROC
  532 00000092                 EXPORT           GPIOD6_Handler             [WEA
K]
  533 00000092 E7FE            B                .



ARM Macro Assembler    Page 13 


  534 00000094                 ENDP
  535 00000094         
  536 00000094         GPIOD7_Handler
                               PROC
  537 00000094                 EXPORT           GPIOD7_Handler             [WEA
K]
  538 00000094 E7FE            B                .
  539 00000096                 ENDP
  540 00000096         
  541 00000096         GPIOD8_Handler
                               PROC
  542 00000096                 EXPORT           GPIOD8_Handler             [WEA
K]
  543 00000096 E7FE            B                .
  544 00000098                 ENDP
  545 00000098         
  546 00000098         GPIOC9_Handler
                               PROC
  547 00000098                 EXPORT           GPIOC9_Handler             [WEA
K]
  548 00000098 E7FE            B                .
  549 0000009A                 ENDP
  550 0000009A         
  551 0000009A         GPIOC10_Handler
                               PROC
  552 0000009A                 EXPORT           GPIOC10_Handler            [WEA
K]
  553 0000009A E7FE            B                .
  554 0000009C                 ENDP
  555 0000009C         
  556 0000009C         GPIOC11_Handler
                               PROC
  557 0000009C                 EXPORT           GPIOC11_Handler            [WEA
K]
  558 0000009C E7FE            B                .
  559 0000009E                 ENDP
  560 0000009E         
  561 0000009E         GPIOC12_Handler
                               PROC
  562 0000009E                 EXPORT           GPIOC12_Handler            [WEA
K]
  563 0000009E E7FE            B                .
  564 000000A0                 ENDP
  565 000000A0         
  566 000000A0         GPIOM0_Handler
                               PROC
  567 000000A0                 EXPORT           GPIOM0_Handler             [WEA
K]
  568 000000A0 E7FE            B                .
  569 000000A2                 ENDP
  570 000000A2         
  571 000000A2         GPIOM1_Handler
                               PROC
  572 000000A2                 EXPORT           GPIOM1_Handler             [WEA
K]
  573 000000A2 E7FE            B                .
  574 000000A4                 ENDP
  575 000000A4         
  576 000000A4         GPIOM2_Handler



ARM Macro Assembler    Page 14 


                               PROC
  577 000000A4                 EXPORT           GPIOM2_Handler             [WEA
K]
  578 000000A4 E7FE            B                .
  579 000000A6                 ENDP
  580 000000A6         
  581 000000A6         GPIOM3_Handler
                               PROC
  582 000000A6                 EXPORT           GPIOM3_Handler             [WEA
K]
  583 000000A6 E7FE            B                .
  584 000000A8                 ENDP
  585 000000A8         
  586 000000A8         GPIOM4_Handler
                               PROC
  587 000000A8                 EXPORT           GPIOM4_Handler             [WEA
K]
  588 000000A8 E7FE            B                .
  589 000000AA                 ENDP
  590 000000AA         
  591 000000AA         DIV_Handler
                               PROC
  592 000000AA                 EXPORT           DIV_Handler                [WEA
K]
  593 000000AA E7FE            B                .
  594 000000AC                 ENDP
  595 000000AC         
  596 000000AC         LCD_Handler
                               PROC
  597 000000AC                 EXPORT           LCD_Handler                [WEA
K]
  598 000000AC E7FE            B                .
  599 000000AE                 ENDP
  600 000000AE         
  601 000000AE         GPIOE_Handler
                               PROC
  602 000000AE                 EXPORT           GPIOE_Handler              [WEA
K]
  603 000000AE E7FE            B                .
  604 000000B0                 ENDP
  605 000000B0         
  606 000000B0         JPEG_Handler
                               PROC
  607 000000B0                 EXPORT           JPEG_Handler               [WEA
K]
  608 000000B0 E7FE            B                .
  609 000000B2                 ENDP
  610 000000B2         
  611 000000B2         SDIO_Handler
                               PROC
  612 000000B2                 EXPORT           SDIO_Handler               [WEA
K]
  613 000000B2 E7FE            B                .
  614 000000B4                 ENDP
  615 000000B4         
  616 000000B4         USB_Handler
                               PROC
  617 000000B4                 EXPORT           USB_Handler                [WEA
K]



ARM Macro Assembler    Page 15 


  618 000000B4 E7FE            B                .
  619 000000B6                 ENDP
  620 000000B6         
  621 000000B6         CAN1_Handler
                               PROC
  622 000000B6                 EXPORT           CAN1_Handler               [WEA
K]
  623 000000B6 E7FE            B                .
  624 000000B8                 ENDP
  625 000000B8         
  626 000000B8         TIMR4_Handler
                               PROC
  627 000000B8                 EXPORT           TIMR4_Handler              [WEA
K]
  628 000000B8 E7FE            B                .
  629 000000BA                 ENDP
  630 000000BA         
  631 000000BA         BTIMR4_Handler
                               PROC
  632 000000BA                 EXPORT           BTIMR4_Handler             [WEA
K]
  633 000000BA E7FE            B                .
  634 000000BC                 ENDP
  635 000000BC         
  636 000000BC         BTIMR5_Handler
                               PROC
  637 000000BC                 EXPORT           BTIMR5_Handler             [WEA
K]
  638 000000BC E7FE            B                .
  639 000000BE                 ENDP
  640 000000BE         
  641 000000BE         BTIMR6_Handler
                               PROC
  642 000000BE                 EXPORT           BTIMR6_Handler             [WEA
K]
  643 000000BE E7FE            B                .
  644 000000C0                 ENDP
  645 000000C0         
  646 000000C0         BTIMR7_Handler
                               PROC
  647 000000C0                 EXPORT           BTIMR7_Handler             [WEA
K]
  648 000000C0 E7FE            B                .
  649 000000C2                 ENDP
  650 000000C2         
  651 000000C2         BTIMR8_Handler
                               PROC
  652 000000C2                 EXPORT           BTIMR8_Handler             [WEA
K]
  653 000000C2 E7FE            B                .
  654 000000C4                 ENDP
  655 000000C4         
  656 000000C4         BTIMR9_Handler
                               PROC
  657 000000C4                 EXPORT           BTIMR9_Handler             [WEA
K]
  658 000000C4 E7FE            B                .
  659 000000C6                 ENDP
  660 000000C6         



ARM Macro Assembler    Page 16 


  661 000000C6         BTIMR10_Handler
                               PROC
  662 000000C6                 EXPORT           BTIMR10_Handler            [WEA
K]
  663 000000C6 E7FE            B                .
  664 000000C8                 ENDP
  665 000000C8         
  666 000000C8         BTIMR11_Handler
                               PROC
  667 000000C8                 EXPORT           BTIMR11_Handler            [WEA
K]
  668 000000C8 E7FE            B                .
  669 000000CA                 ENDP
  670 000000CA         
  671 000000CA         DMA2D_Handler
                               PROC
  672 000000CA                 EXPORT           DMA2D_Handler              [WEA
K]
  673 000000CA E7FE            B                .
  674 000000CC                 ENDP
  675 000000CC         
  676 000000CC         QEI_Handler
                               PROC
  677 000000CC                 EXPORT           QEI_Handler                [WEA
K]
  678 000000CC E7FE            B                .
  679 000000CE                 ENDP
  680 000000CE         
  681 000000CE 00 00           ALIGN
  682 000000D0         
  683 000000D0         
  684 000000D0         ;*******************************************************
                       ************************
  685 000000D0         ; User Stack and Heap initialization
  686 000000D0         ;*******************************************************
                       ************************
  687 000000D0                 IF               :DEF:__MICROLIB
  688 000000D0         
  689 000000D0                 EXPORT           __initial_sp
  690 000000D0                 EXPORT           __heap_base
  691 000000D0                 EXPORT           __heap_limit
  692 000000D0         
  693 000000D0                 ELSE
  708                          ENDIF
  709 000000D0         
  710 000000D0                 END
              00000000 
              00000000 
Command Line: --debug --xref --diag_suppress=9931 --cpu=Cortex-M33 --fpu=SoftVF
P --depend=.\out\startup_swm341.d -o.\out\startup_swm341.o -IC:\Users\Z\AppData
\Local\Arm\Packs\Synwit\SWM32_DFP\1.20.8\CSL\SWM341\CMSIS\DeviceSupport --prede
fine="__MICROLIB SETA 1" --predefine="__UVISION_VERSION SETA 534" --list=.\out\
startup_swm341.lst CSL\CMSIS\DeviceSupport\startup\arm\startup_SWM341.s



ARM Macro Assembler    Page 1 Alphabetic symbol ordering
Relocatable symbols

STACK 00000000

Symbol: STACK
   Definitions
      At line 30 in file CSL\CMSIS\DeviceSupport\startup\arm\startup_SWM341.s
   Uses
      None
Comment: STACK unused
Stack_Mem 00000000

Symbol: Stack_Mem
   Definitions
      At line 31 in file CSL\CMSIS\DeviceSupport\startup\arm\startup_SWM341.s
   Uses
      None
Comment: Stack_Mem unused
__initial_sp 00001000

Symbol: __initial_sp
   Definitions
      At line 32 in file CSL\CMSIS\DeviceSupport\startup\arm\startup_SWM341.s
   Uses
      At line 56 in file CSL\CMSIS\DeviceSupport\startup\arm\startup_SWM341.s
      At line 689 in file CSL\CMSIS\DeviceSupport\startup\arm\startup_SWM341.s

3 symbols



ARM Macro Assembler    Page 1 Alphabetic symbol ordering
Relocatable symbols

HEAP 00000000

Symbol: HEAP
   Definitions
      At line 41 in file CSL\CMSIS\DeviceSupport\startup\arm\startup_SWM341.s
   Uses
      None
Comment: HEAP unused
Heap_Mem 00000000

Symbol: Heap_Mem
   Definitions
      At line 43 in file CSL\CMSIS\DeviceSupport\startup\arm\startup_SWM341.s
   Uses
      None
Comment: Heap_Mem unused
__heap_base 00000000

Symbol: __heap_base
   Definitions
      At line 42 in file CSL\CMSIS\DeviceSupport\startup\arm\startup_SWM341.s
   Uses
      At line 690 in file CSL\CMSIS\DeviceSupport\startup\arm\startup_SWM341.s
Comment: __heap_base used once
__heap_limit 00000000

Symbol: __heap_limit
   Definitions
      At line 44 in file CSL\CMSIS\DeviceSupport\startup\arm\startup_SWM341.s
   Uses
      At line 691 in file CSL\CMSIS\DeviceSupport\startup\arm\startup_SWM341.s
Comment: __heap_limit used once
4 symbols



ARM Macro Assembler    Page 1 Alphabetic symbol ordering
Relocatable symbols

RESET 00000000

Symbol: RESET
   Definitions
      At line 51 in file CSL\CMSIS\DeviceSupport\startup\arm\startup_SWM341.s
   Uses
      None
Comment: RESET unused
__Vectors 00000000

Symbol: __Vectors
   Definitions
      At line 56 in file CSL\CMSIS\DeviceSupport\startup\arm\startup_SWM341.s
   Uses
      At line 52 in file CSL\CMSIS\DeviceSupport\startup\arm\startup_SWM341.s
      At line 167 in file CSL\CMSIS\DeviceSupport\startup\arm\startup_SWM341.s

__Vectors_End 000001A8

Symbol: __Vectors_End
   Definitions
      At line 165 in file CSL\CMSIS\DeviceSupport\startup\arm\startup_SWM341.s
   Uses
      At line 53 in file CSL\CMSIS\DeviceSupport\startup\arm\startup_SWM341.s
      At line 167 in file CSL\CMSIS\DeviceSupport\startup\arm\startup_SWM341.s

3 symbols



ARM Macro Assembler    Page 1 Alphabetic symbol ordering
Relocatable symbols

.text 00000000

Symbol: .text
   Definitions
      At line 171 in file CSL\CMSIS\DeviceSupport\startup\arm\startup_SWM341.s
   Uses
      None
Comment: .text unused
ACMP_Handler 0000005A

Symbol: ACMP_Handler
   Definitions
      At line 391 in file CSL\CMSIS\DeviceSupport\startup\arm\startup_SWM341.s
   Uses
      At line 106 in file CSL\CMSIS\DeviceSupport\startup\arm\startup_SWM341.s
      At line 392 in file CSL\CMSIS\DeviceSupport\startup\arm\startup_SWM341.s

ADC0_Handler 0000002E

Symbol: ADC0_Handler
   Definitions
      At line 281 in file CSL\CMSIS\DeviceSupport\startup\arm\startup_SWM341.s
   Uses
      At line 84 in file CSL\CMSIS\DeviceSupport\startup\arm\startup_SWM341.s
      At line 282 in file CSL\CMSIS\DeviceSupport\startup\arm\startup_SWM341.s

ADC1_Handler 00000048

Symbol: ADC1_Handler
   Definitions
      At line 346 in file CSL\CMSIS\DeviceSupport\startup\arm\startup_SWM341.s
   Uses
      At line 97 in file CSL\CMSIS\DeviceSupport\startup\arm\startup_SWM341.s
      At line 347 in file CSL\CMSIS\DeviceSupport\startup\arm\startup_SWM341.s

BOD_Handler 0000004A

Symbol: BOD_Handler
   Definitions
      At line 351 in file CSL\CMSIS\DeviceSupport\startup\arm\startup_SWM341.s
   Uses
      At line 98 in file CSL\CMSIS\DeviceSupport\startup\arm\startup_SWM341.s
      At line 352 in file CSL\CMSIS\DeviceSupport\startup\arm\startup_SWM341.s

BTIMR0_Handler 00000030

Symbol: BTIMR0_Handler
   Definitions
      At line 286 in file CSL\CMSIS\DeviceSupport\startup\arm\startup_SWM341.s
   Uses
      At line 85 in file CSL\CMSIS\DeviceSupport\startup\arm\startup_SWM341.s
      At line 287 in file CSL\CMSIS\DeviceSupport\startup\arm\startup_SWM341.s

BTIMR10_Handler 000000C6

Symbol: BTIMR10_Handler
   Definitions
      At line 661 in file CSL\CMSIS\DeviceSupport\startup\arm\startup_SWM341.s
   Uses



ARM Macro Assembler    Page 2 Alphabetic symbol ordering
Relocatable symbols

      At line 160 in file CSL\CMSIS\DeviceSupport\startup\arm\startup_SWM341.s
      At line 662 in file CSL\CMSIS\DeviceSupport\startup\arm\startup_SWM341.s

BTIMR11_Handler 000000C8

Symbol: BTIMR11_Handler
   Definitions
      At line 666 in file CSL\CMSIS\DeviceSupport\startup\arm\startup_SWM341.s
   Uses
      At line 161 in file CSL\CMSIS\DeviceSupport\startup\arm\startup_SWM341.s
      At line 667 in file CSL\CMSIS\DeviceSupport\startup\arm\startup_SWM341.s

BTIMR1_Handler 0000004E

Symbol: BTIMR1_Handler
   Definitions
      At line 361 in file CSL\CMSIS\DeviceSupport\startup\arm\startup_SWM341.s
   Uses
      At line 100 in file CSL\CMSIS\DeviceSupport\startup\arm\startup_SWM341.s
      At line 362 in file CSL\CMSIS\DeviceSupport\startup\arm\startup_SWM341.s

BTIMR2_Handler 00000054

Symbol: BTIMR2_Handler
   Definitions
      At line 376 in file CSL\CMSIS\DeviceSupport\startup\arm\startup_SWM341.s
   Uses
      At line 103 in file CSL\CMSIS\DeviceSupport\startup\arm\startup_SWM341.s
      At line 377 in file CSL\CMSIS\DeviceSupport\startup\arm\startup_SWM341.s

BTIMR3_Handler 00000058

Symbol: BTIMR3_Handler
   Definitions
      At line 386 in file CSL\CMSIS\DeviceSupport\startup\arm\startup_SWM341.s
   Uses
      At line 105 in file CSL\CMSIS\DeviceSupport\startup\arm\startup_SWM341.s
      At line 387 in file CSL\CMSIS\DeviceSupport\startup\arm\startup_SWM341.s

BTIMR4_Handler 000000BA

Symbol: BTIMR4_Handler
   Definitions
      At line 631 in file CSL\CMSIS\DeviceSupport\startup\arm\startup_SWM341.s
   Uses
      At line 154 in file CSL\CMSIS\DeviceSupport\startup\arm\startup_SWM341.s
      At line 632 in file CSL\CMSIS\DeviceSupport\startup\arm\startup_SWM341.s

BTIMR5_Handler 000000BC

Symbol: BTIMR5_Handler
   Definitions
      At line 636 in file CSL\CMSIS\DeviceSupport\startup\arm\startup_SWM341.s
   Uses
      At line 155 in file CSL\CMSIS\DeviceSupport\startup\arm\startup_SWM341.s
      At line 637 in file CSL\CMSIS\DeviceSupport\startup\arm\startup_SWM341.s

BTIMR6_Handler 000000BE




ARM Macro Assembler    Page 3 Alphabetic symbol ordering
Relocatable symbols

Symbol: BTIMR6_Handler
   Definitions
      At line 641 in file CSL\CMSIS\DeviceSupport\startup\arm\startup_SWM341.s
   Uses
      At line 156 in file CSL\CMSIS\DeviceSupport\startup\arm\startup_SWM341.s
      At line 642 in file CSL\CMSIS\DeviceSupport\startup\arm\startup_SWM341.s

BTIMR7_Handler 000000C0

Symbol: BTIMR7_Handler
   Definitions
      At line 646 in file CSL\CMSIS\DeviceSupport\startup\arm\startup_SWM341.s
   Uses
      At line 157 in file CSL\CMSIS\DeviceSupport\startup\arm\startup_SWM341.s
      At line 647 in file CSL\CMSIS\DeviceSupport\startup\arm\startup_SWM341.s

BTIMR8_Handler 000000C2

Symbol: BTIMR8_Handler
   Definitions
      At line 651 in file CSL\CMSIS\DeviceSupport\startup\arm\startup_SWM341.s
   Uses
      At line 158 in file CSL\CMSIS\DeviceSupport\startup\arm\startup_SWM341.s
      At line 652 in file CSL\CMSIS\DeviceSupport\startup\arm\startup_SWM341.s

BTIMR9_Handler 000000C4

Symbol: BTIMR9_Handler
   Definitions
      At line 656 in file CSL\CMSIS\DeviceSupport\startup\arm\startup_SWM341.s
   Uses
      At line 159 in file CSL\CMSIS\DeviceSupport\startup\arm\startup_SWM341.s
      At line 657 in file CSL\CMSIS\DeviceSupport\startup\arm\startup_SWM341.s

BusFault_Handler 0000000E

Symbol: BusFault_Handler
   Definitions
      At line 201 in file CSL\CMSIS\DeviceSupport\startup\arm\startup_SWM341.s
   Uses
      At line 61 in file CSL\CMSIS\DeviceSupport\startup\arm\startup_SWM341.s
      At line 202 in file CSL\CMSIS\DeviceSupport\startup\arm\startup_SWM341.s

CAN0_Handler 0000003A

Symbol: CAN0_Handler
   Definitions
      At line 311 in file CSL\CMSIS\DeviceSupport\startup\arm\startup_SWM341.s
   Uses
      At line 90 in file CSL\CMSIS\DeviceSupport\startup\arm\startup_SWM341.s
      At line 312 in file CSL\CMSIS\DeviceSupport\startup\arm\startup_SWM341.s

CAN1_Handler 000000B6

Symbol: CAN1_Handler
   Definitions
      At line 621 in file CSL\CMSIS\DeviceSupport\startup\arm\startup_SWM341.s
   Uses
      At line 152 in file CSL\CMSIS\DeviceSupport\startup\arm\startup_SWM341.s



ARM Macro Assembler    Page 4 Alphabetic symbol ordering
Relocatable symbols

      At line 622 in file CSL\CMSIS\DeviceSupport\startup\arm\startup_SWM341.s

CORDIC_Handler 0000004C

Symbol: CORDIC_Handler
   Definitions
      At line 356 in file CSL\CMSIS\DeviceSupport\startup\arm\startup_SWM341.s
   Uses
      At line 99 in file CSL\CMSIS\DeviceSupport\startup\arm\startup_SWM341.s
      At line 357 in file CSL\CMSIS\DeviceSupport\startup\arm\startup_SWM341.s

DIV_Handler 000000AA

Symbol: DIV_Handler
   Definitions
      At line 591 in file CSL\CMSIS\DeviceSupport\startup\arm\startup_SWM341.s
   Uses
      At line 146 in file CSL\CMSIS\DeviceSupport\startup\arm\startup_SWM341.s
      At line 592 in file CSL\CMSIS\DeviceSupport\startup\arm\startup_SWM341.s

DMA2D_Handler 000000CA

Symbol: DMA2D_Handler
   Definitions
      At line 671 in file CSL\CMSIS\DeviceSupport\startup\arm\startup_SWM341.s
   Uses
      At line 162 in file CSL\CMSIS\DeviceSupport\startup\arm\startup_SWM341.s
      At line 672 in file CSL\CMSIS\DeviceSupport\startup\arm\startup_SWM341.s

DMA_Handler 00000022

Symbol: DMA_Handler
   Definitions
      At line 251 in file CSL\CMSIS\DeviceSupport\startup\arm\startup_SWM341.s
   Uses
      At line 78 in file CSL\CMSIS\DeviceSupport\startup\arm\startup_SWM341.s
      At line 252 in file CSL\CMSIS\DeviceSupport\startup\arm\startup_SWM341.s

DebugMon_Handler 00000014

Symbol: DebugMon_Handler
   Definitions
      At line 216 in file CSL\CMSIS\DeviceSupport\startup\arm\startup_SWM341.s
   Uses
      At line 68 in file CSL\CMSIS\DeviceSupport\startup\arm\startup_SWM341.s
      At line 217 in file CSL\CMSIS\DeviceSupport\startup\arm\startup_SWM341.s

FSPI_Handler 0000005E

Symbol: FSPI_Handler
   Definitions
      At line 401 in file CSL\CMSIS\DeviceSupport\startup\arm\startup_SWM341.s
   Uses
      At line 108 in file CSL\CMSIS\DeviceSupport\startup\arm\startup_SWM341.s
      At line 402 in file CSL\CMSIS\DeviceSupport\startup\arm\startup_SWM341.s

GPIOA0_Handler 0000006C

Symbol: GPIOA0_Handler



ARM Macro Assembler    Page 5 Alphabetic symbol ordering
Relocatable symbols

   Definitions
      At line 436 in file CSL\CMSIS\DeviceSupport\startup\arm\startup_SWM341.s
   Uses
      At line 115 in file CSL\CMSIS\DeviceSupport\startup\arm\startup_SWM341.s
      At line 437 in file CSL\CMSIS\DeviceSupport\startup\arm\startup_SWM341.s

GPIOA10_Handler 00000074

Symbol: GPIOA10_Handler
   Definitions
      At line 456 in file CSL\CMSIS\DeviceSupport\startup\arm\startup_SWM341.s
   Uses
      At line 119 in file CSL\CMSIS\DeviceSupport\startup\arm\startup_SWM341.s
      At line 457 in file CSL\CMSIS\DeviceSupport\startup\arm\startup_SWM341.s

GPIOA11_Handler 00000076

Symbol: GPIOA11_Handler
   Definitions
      At line 461 in file CSL\CMSIS\DeviceSupport\startup\arm\startup_SWM341.s
   Uses
      At line 120 in file CSL\CMSIS\DeviceSupport\startup\arm\startup_SWM341.s
      At line 462 in file CSL\CMSIS\DeviceSupport\startup\arm\startup_SWM341.s

GPIOA12_Handler 00000078

Symbol: GPIOA12_Handler
   Definitions
      At line 466 in file CSL\CMSIS\DeviceSupport\startup\arm\startup_SWM341.s
   Uses
      At line 121 in file CSL\CMSIS\DeviceSupport\startup\arm\startup_SWM341.s
      At line 467 in file CSL\CMSIS\DeviceSupport\startup\arm\startup_SWM341.s

GPIOA13_Handler 0000007A

Symbol: GPIOA13_Handler
   Definitions
      At line 471 in file CSL\CMSIS\DeviceSupport\startup\arm\startup_SWM341.s
   Uses
      At line 122 in file CSL\CMSIS\DeviceSupport\startup\arm\startup_SWM341.s
      At line 472 in file CSL\CMSIS\DeviceSupport\startup\arm\startup_SWM341.s

GPIOA1_Handler 0000006E

Symbol: GPIOA1_Handler
   Definitions
      At line 441 in file CSL\CMSIS\DeviceSupport\startup\arm\startup_SWM341.s
   Uses
      At line 116 in file CSL\CMSIS\DeviceSupport\startup\arm\startup_SWM341.s
      At line 442 in file CSL\CMSIS\DeviceSupport\startup\arm\startup_SWM341.s

GPIOA5_Handler 00000070

Symbol: GPIOA5_Handler
   Definitions
      At line 446 in file CSL\CMSIS\DeviceSupport\startup\arm\startup_SWM341.s
   Uses
      At line 117 in file CSL\CMSIS\DeviceSupport\startup\arm\startup_SWM341.s
      At line 447 in file CSL\CMSIS\DeviceSupport\startup\arm\startup_SWM341.s



ARM Macro Assembler    Page 6 Alphabetic symbol ordering
Relocatable symbols


GPIOA6_Handler 00000072

Symbol: GPIOA6_Handler
   Definitions
      At line 451 in file CSL\CMSIS\DeviceSupport\startup\arm\startup_SWM341.s
   Uses
      At line 118 in file CSL\CMSIS\DeviceSupport\startup\arm\startup_SWM341.s
      At line 452 in file CSL\CMSIS\DeviceSupport\startup\arm\startup_SWM341.s

GPIOA_Handler 00000060

Symbol: GPIOA_Handler
   Definitions
      At line 406 in file CSL\CMSIS\DeviceSupport\startup\arm\startup_SWM341.s
   Uses
      At line 109 in file CSL\CMSIS\DeviceSupport\startup\arm\startup_SWM341.s
      At line 407 in file CSL\CMSIS\DeviceSupport\startup\arm\startup_SWM341.s

GPIOB0_Handler 0000007C

Symbol: GPIOB0_Handler
   Definitions
      At line 476 in file CSL\CMSIS\DeviceSupport\startup\arm\startup_SWM341.s
   Uses
      At line 123 in file CSL\CMSIS\DeviceSupport\startup\arm\startup_SWM341.s
      At line 477 in file CSL\CMSIS\DeviceSupport\startup\arm\startup_SWM341.s

GPIOB1_Handler 0000007E

Symbol: GPIOB1_Handler
   Definitions
      At line 481 in file CSL\CMSIS\DeviceSupport\startup\arm\startup_SWM341.s
   Uses
      At line 124 in file CSL\CMSIS\DeviceSupport\startup\arm\startup_SWM341.s
      At line 482 in file CSL\CMSIS\DeviceSupport\startup\arm\startup_SWM341.s

GPIOB2_Handler 00000080

Symbol: GPIOB2_Handler
   Definitions
      At line 486 in file CSL\CMSIS\DeviceSupport\startup\arm\startup_SWM341.s
   Uses
      At line 125 in file CSL\CMSIS\DeviceSupport\startup\arm\startup_SWM341.s
      At line 487 in file CSL\CMSIS\DeviceSupport\startup\arm\startup_SWM341.s

GPIOB_Handler 00000062

Symbol: GPIOB_Handler
   Definitions
      At line 411 in file CSL\CMSIS\DeviceSupport\startup\arm\startup_SWM341.s
   Uses
      At line 110 in file CSL\CMSIS\DeviceSupport\startup\arm\startup_SWM341.s
      At line 412 in file CSL\CMSIS\DeviceSupport\startup\arm\startup_SWM341.s

GPIOC0_Handler 00000082

Symbol: GPIOC0_Handler
   Definitions



ARM Macro Assembler    Page 7 Alphabetic symbol ordering
Relocatable symbols

      At line 491 in file CSL\CMSIS\DeviceSupport\startup\arm\startup_SWM341.s
   Uses
      At line 126 in file CSL\CMSIS\DeviceSupport\startup\arm\startup_SWM341.s
      At line 492 in file CSL\CMSIS\DeviceSupport\startup\arm\startup_SWM341.s

GPIOC10_Handler 0000009A

Symbol: GPIOC10_Handler
   Definitions
      At line 551 in file CSL\CMSIS\DeviceSupport\startup\arm\startup_SWM341.s
   Uses
      At line 138 in file CSL\CMSIS\DeviceSupport\startup\arm\startup_SWM341.s
      At line 552 in file CSL\CMSIS\DeviceSupport\startup\arm\startup_SWM341.s

GPIOC11_Handler 0000009C

Symbol: GPIOC11_Handler
   Definitions
      At line 556 in file CSL\CMSIS\DeviceSupport\startup\arm\startup_SWM341.s
   Uses
      At line 139 in file CSL\CMSIS\DeviceSupport\startup\arm\startup_SWM341.s
      At line 557 in file CSL\CMSIS\DeviceSupport\startup\arm\startup_SWM341.s

GPIOC12_Handler 0000009E

Symbol: GPIOC12_Handler
   Definitions
      At line 561 in file CSL\CMSIS\DeviceSupport\startup\arm\startup_SWM341.s
   Uses
      At line 140 in file CSL\CMSIS\DeviceSupport\startup\arm\startup_SWM341.s
      At line 562 in file CSL\CMSIS\DeviceSupport\startup\arm\startup_SWM341.s

GPIOC1_Handler 00000084

Symbol: GPIOC1_Handler
   Definitions
      At line 496 in file CSL\CMSIS\DeviceSupport\startup\arm\startup_SWM341.s
   Uses
      At line 127 in file CSL\CMSIS\DeviceSupport\startup\arm\startup_SWM341.s
      At line 497 in file CSL\CMSIS\DeviceSupport\startup\arm\startup_SWM341.s

GPIOC2_Handler 00000086

Symbol: GPIOC2_Handler
   Definitions
      At line 501 in file CSL\CMSIS\DeviceSupport\startup\arm\startup_SWM341.s
   Uses
      At line 128 in file CSL\CMSIS\DeviceSupport\startup\arm\startup_SWM341.s
      At line 502 in file CSL\CMSIS\DeviceSupport\startup\arm\startup_SWM341.s

GPIOC3_Handler 00000088

Symbol: GPIOC3_Handler
   Definitions
      At line 506 in file CSL\CMSIS\DeviceSupport\startup\arm\startup_SWM341.s
   Uses
      At line 129 in file CSL\CMSIS\DeviceSupport\startup\arm\startup_SWM341.s
      At line 507 in file CSL\CMSIS\DeviceSupport\startup\arm\startup_SWM341.s




ARM Macro Assembler    Page 8 Alphabetic symbol ordering
Relocatable symbols

GPIOC4_Handler 0000008A

Symbol: GPIOC4_Handler
   Definitions
      At line 511 in file CSL\CMSIS\DeviceSupport\startup\arm\startup_SWM341.s
   Uses
      At line 130 in file CSL\CMSIS\DeviceSupport\startup\arm\startup_SWM341.s
      At line 512 in file CSL\CMSIS\DeviceSupport\startup\arm\startup_SWM341.s

GPIOC9_Handler 00000098

Symbol: GPIOC9_Handler
   Definitions
      At line 546 in file CSL\CMSIS\DeviceSupport\startup\arm\startup_SWM341.s
   Uses
      At line 137 in file CSL\CMSIS\DeviceSupport\startup\arm\startup_SWM341.s
      At line 547 in file CSL\CMSIS\DeviceSupport\startup\arm\startup_SWM341.s

GPIOC_Handler 00000064

Symbol: GPIOC_Handler
   Definitions
      At line 416 in file CSL\CMSIS\DeviceSupport\startup\arm\startup_SWM341.s
   Uses
      At line 111 in file CSL\CMSIS\DeviceSupport\startup\arm\startup_SWM341.s
      At line 417 in file CSL\CMSIS\DeviceSupport\startup\arm\startup_SWM341.s

GPIOD3_Handler 0000008C

Symbol: GPIOD3_Handler
   Definitions
      At line 516 in file CSL\CMSIS\DeviceSupport\startup\arm\startup_SWM341.s
   Uses
      At line 131 in file CSL\CMSIS\DeviceSupport\startup\arm\startup_SWM341.s
      At line 517 in file CSL\CMSIS\DeviceSupport\startup\arm\startup_SWM341.s

GPIOD4_Handler 0000008E

Symbol: GPIOD4_Handler
   Definitions
      At line 521 in file CSL\CMSIS\DeviceSupport\startup\arm\startup_SWM341.s
   Uses
      At line 132 in file CSL\CMSIS\DeviceSupport\startup\arm\startup_SWM341.s
      At line 522 in file CSL\CMSIS\DeviceSupport\startup\arm\startup_SWM341.s

GPIOD5_Handler 00000090

Symbol: GPIOD5_Handler
   Definitions
      At line 526 in file CSL\CMSIS\DeviceSupport\startup\arm\startup_SWM341.s
   Uses
      At line 133 in file CSL\CMSIS\DeviceSupport\startup\arm\startup_SWM341.s
      At line 527 in file CSL\CMSIS\DeviceSupport\startup\arm\startup_SWM341.s

GPIOD6_Handler 00000092

Symbol: GPIOD6_Handler
   Definitions
      At line 531 in file CSL\CMSIS\DeviceSupport\startup\arm\startup_SWM341.s



ARM Macro Assembler    Page 9 Alphabetic symbol ordering
Relocatable symbols

   Uses
      At line 134 in file CSL\CMSIS\DeviceSupport\startup\arm\startup_SWM341.s
      At line 532 in file CSL\CMSIS\DeviceSupport\startup\arm\startup_SWM341.s

GPIOD7_Handler 00000094

Symbol: GPIOD7_Handler
   Definitions
      At line 536 in file CSL\CMSIS\DeviceSupport\startup\arm\startup_SWM341.s
   Uses
      At line 135 in file CSL\CMSIS\DeviceSupport\startup\arm\startup_SWM341.s
      At line 537 in file CSL\CMSIS\DeviceSupport\startup\arm\startup_SWM341.s

GPIOD8_Handler 00000096

Symbol: GPIOD8_Handler
   Definitions
      At line 541 in file CSL\CMSIS\DeviceSupport\startup\arm\startup_SWM341.s
   Uses
      At line 136 in file CSL\CMSIS\DeviceSupport\startup\arm\startup_SWM341.s
      At line 542 in file CSL\CMSIS\DeviceSupport\startup\arm\startup_SWM341.s

GPIOD_Handler 00000066

Symbol: GPIOD_Handler
   Definitions
      At line 421 in file CSL\CMSIS\DeviceSupport\startup\arm\startup_SWM341.s
   Uses
      At line 112 in file CSL\CMSIS\DeviceSupport\startup\arm\startup_SWM341.s
      At line 422 in file CSL\CMSIS\DeviceSupport\startup\arm\startup_SWM341.s

GPIOE_Handler 000000AE

Symbol: GPIOE_Handler
   Definitions
      At line 601 in file CSL\CMSIS\DeviceSupport\startup\arm\startup_SWM341.s
   Uses
      At line 148 in file CSL\CMSIS\DeviceSupport\startup\arm\startup_SWM341.s
      At line 602 in file CSL\CMSIS\DeviceSupport\startup\arm\startup_SWM341.s

GPIOM0_Handler 000000A0

Symbol: GPIOM0_Handler
   Definitions
      At line 566 in file CSL\CMSIS\DeviceSupport\startup\arm\startup_SWM341.s
   Uses
      At line 141 in file CSL\CMSIS\DeviceSupport\startup\arm\startup_SWM341.s
      At line 567 in file CSL\CMSIS\DeviceSupport\startup\arm\startup_SWM341.s

GPIOM1_Handler 000000A2

Symbol: GPIOM1_Handler
   Definitions
      At line 571 in file CSL\CMSIS\DeviceSupport\startup\arm\startup_SWM341.s
   Uses
      At line 142 in file CSL\CMSIS\DeviceSupport\startup\arm\startup_SWM341.s
      At line 572 in file CSL\CMSIS\DeviceSupport\startup\arm\startup_SWM341.s

GPIOM2_Handler 000000A4



ARM Macro Assembler    Page 10 Alphabetic symbol ordering
Relocatable symbols


Symbol: GPIOM2_Handler
   Definitions
      At line 576 in file CSL\CMSIS\DeviceSupport\startup\arm\startup_SWM341.s
   Uses
      At line 143 in file CSL\CMSIS\DeviceSupport\startup\arm\startup_SWM341.s
      At line 577 in file CSL\CMSIS\DeviceSupport\startup\arm\startup_SWM341.s

GPIOM3_Handler 000000A6

Symbol: GPIOM3_Handler
   Definitions
      At line 581 in file CSL\CMSIS\DeviceSupport\startup\arm\startup_SWM341.s
   Uses
      At line 144 in file CSL\CMSIS\DeviceSupport\startup\arm\startup_SWM341.s
      At line 582 in file CSL\CMSIS\DeviceSupport\startup\arm\startup_SWM341.s

GPIOM4_Handler 000000A8

Symbol: GPIOM4_Handler
   Definitions
      At line 586 in file CSL\CMSIS\DeviceSupport\startup\arm\startup_SWM341.s
   Uses
      At line 145 in file CSL\CMSIS\DeviceSupport\startup\arm\startup_SWM341.s
      At line 587 in file CSL\CMSIS\DeviceSupport\startup\arm\startup_SWM341.s

GPIOM_Handler 00000068

Symbol: GPIOM_Handler
   Definitions
      At line 426 in file CSL\CMSIS\DeviceSupport\startup\arm\startup_SWM341.s
   Uses
      At line 113 in file CSL\CMSIS\DeviceSupport\startup\arm\startup_SWM341.s
      At line 427 in file CSL\CMSIS\DeviceSupport\startup\arm\startup_SWM341.s

GPION_Handler 0000006A

Symbol: GPION_Handler
   Definitions
      At line 431 in file CSL\CMSIS\DeviceSupport\startup\arm\startup_SWM341.s
   Uses
      At line 114 in file CSL\CMSIS\DeviceSupport\startup\arm\startup_SWM341.s
      At line 432 in file CSL\CMSIS\DeviceSupport\startup\arm\startup_SWM341.s

HALL0_Handler 00000032

Symbol: HALL0_Handler
   Definitions
      At line 291 in file CSL\CMSIS\DeviceSupport\startup\arm\startup_SWM341.s
   Uses
      At line 86 in file CSL\CMSIS\DeviceSupport\startup\arm\startup_SWM341.s
      At line 292 in file CSL\CMSIS\DeviceSupport\startup\arm\startup_SWM341.s

HALL3_Handler 00000052

Symbol: HALL3_Handler
   Definitions
      At line 371 in file CSL\CMSIS\DeviceSupport\startup\arm\startup_SWM341.s
   Uses



ARM Macro Assembler    Page 11 Alphabetic symbol ordering
Relocatable symbols

      At line 102 in file CSL\CMSIS\DeviceSupport\startup\arm\startup_SWM341.s
      At line 372 in file CSL\CMSIS\DeviceSupport\startup\arm\startup_SWM341.s

HardFault_Handler 0000000A

Symbol: HardFault_Handler
   Definitions
      At line 191 in file CSL\CMSIS\DeviceSupport\startup\arm\startup_SWM341.s
   Uses
      At line 59 in file CSL\CMSIS\DeviceSupport\startup\arm\startup_SWM341.s
      At line 192 in file CSL\CMSIS\DeviceSupport\startup\arm\startup_SWM341.s

I2C0_Handler 00000038

Symbol: I2C0_Handler
   Definitions
      At line 306 in file CSL\CMSIS\DeviceSupport\startup\arm\startup_SWM341.s
   Uses
      At line 89 in file CSL\CMSIS\DeviceSupport\startup\arm\startup_SWM341.s
      At line 307 in file CSL\CMSIS\DeviceSupport\startup\arm\startup_SWM341.s

I2C1_Handler 00000056

Symbol: I2C1_Handler
   Definitions
      At line 381 in file CSL\CMSIS\DeviceSupport\startup\arm\startup_SWM341.s
   Uses
      At line 104 in file CSL\CMSIS\DeviceSupport\startup\arm\startup_SWM341.s
      At line 382 in file CSL\CMSIS\DeviceSupport\startup\arm\startup_SWM341.s

JPEG_Handler 000000B0

Symbol: JPEG_Handler
   Definitions
      At line 606 in file CSL\CMSIS\DeviceSupport\startup\arm\startup_SWM341.s
   Uses
      At line 149 in file CSL\CMSIS\DeviceSupport\startup\arm\startup_SWM341.s
      At line 607 in file CSL\CMSIS\DeviceSupport\startup\arm\startup_SWM341.s

LCD_Handler 000000AC

Symbol: LCD_Handler
   Definitions
      At line 596 in file CSL\CMSIS\DeviceSupport\startup\arm\startup_SWM341.s
   Uses
      At line 147 in file CSL\CMSIS\DeviceSupport\startup\arm\startup_SWM341.s
      At line 597 in file CSL\CMSIS\DeviceSupport\startup\arm\startup_SWM341.s

MemManage_Handler 0000000C

Symbol: MemManage_Handler
   Definitions
      At line 196 in file CSL\CMSIS\DeviceSupport\startup\arm\startup_SWM341.s
   Uses
      At line 60 in file CSL\CMSIS\DeviceSupport\startup\arm\startup_SWM341.s
      At line 197 in file CSL\CMSIS\DeviceSupport\startup\arm\startup_SWM341.s

NMI_Handler 00000008




ARM Macro Assembler    Page 12 Alphabetic symbol ordering
Relocatable symbols

Symbol: NMI_Handler
   Definitions
      At line 186 in file CSL\CMSIS\DeviceSupport\startup\arm\startup_SWM341.s
   Uses
      At line 58 in file CSL\CMSIS\DeviceSupport\startup\arm\startup_SWM341.s
      At line 187 in file CSL\CMSIS\DeviceSupport\startup\arm\startup_SWM341.s

PWM0_Handler 00000026

Symbol: PWM0_Handler
   Definitions
      At line 261 in file CSL\CMSIS\DeviceSupport\startup\arm\startup_SWM341.s
   Uses
      At line 80 in file CSL\CMSIS\DeviceSupport\startup\arm\startup_SWM341.s
      At line 262 in file CSL\CMSIS\DeviceSupport\startup\arm\startup_SWM341.s

PWM1_Handler 0000002C

Symbol: PWM1_Handler
   Definitions
      At line 276 in file CSL\CMSIS\DeviceSupport\startup\arm\startup_SWM341.s
   Uses
      At line 83 in file CSL\CMSIS\DeviceSupport\startup\arm\startup_SWM341.s
      At line 277 in file CSL\CMSIS\DeviceSupport\startup\arm\startup_SWM341.s

PWM2_Handler 00000034

Symbol: PWM2_Handler
   Definitions
      At line 296 in file CSL\CMSIS\DeviceSupport\startup\arm\startup_SWM341.s
   Uses
      At line 87 in file CSL\CMSIS\DeviceSupport\startup\arm\startup_SWM341.s
      At line 297 in file CSL\CMSIS\DeviceSupport\startup\arm\startup_SWM341.s

PWM3_Handler 00000040

Symbol: PWM3_Handler
   Definitions
      At line 326 in file CSL\CMSIS\DeviceSupport\startup\arm\startup_SWM341.s
   Uses
      At line 93 in file CSL\CMSIS\DeviceSupport\startup\arm\startup_SWM341.s
      At line 327 in file CSL\CMSIS\DeviceSupport\startup\arm\startup_SWM341.s

PWM4_Handler 00000050

Symbol: PWM4_Handler
   Definitions
      At line 366 in file CSL\CMSIS\DeviceSupport\startup\arm\startup_SWM341.s
   Uses
      At line 101 in file CSL\CMSIS\DeviceSupport\startup\arm\startup_SWM341.s
      At line 367 in file CSL\CMSIS\DeviceSupport\startup\arm\startup_SWM341.s

PWMBRK_Handler 00000036

Symbol: PWMBRK_Handler
   Definitions
      At line 301 in file CSL\CMSIS\DeviceSupport\startup\arm\startup_SWM341.s
   Uses
      At line 88 in file CSL\CMSIS\DeviceSupport\startup\arm\startup_SWM341.s



ARM Macro Assembler    Page 13 Alphabetic symbol ordering
Relocatable symbols

      At line 302 in file CSL\CMSIS\DeviceSupport\startup\arm\startup_SWM341.s

PendSV_Handler 00000016

Symbol: PendSV_Handler
   Definitions
      At line 221 in file CSL\CMSIS\DeviceSupport\startup\arm\startup_SWM341.s
   Uses
      At line 70 in file CSL\CMSIS\DeviceSupport\startup\arm\startup_SWM341.s
      At line 222 in file CSL\CMSIS\DeviceSupport\startup\arm\startup_SWM341.s

QEI_Handler 000000CC

Symbol: QEI_Handler
   Definitions
      At line 676 in file CSL\CMSIS\DeviceSupport\startup\arm\startup_SWM341.s
   Uses
      At line 163 in file CSL\CMSIS\DeviceSupport\startup\arm\startup_SWM341.s
      At line 677 in file CSL\CMSIS\DeviceSupport\startup\arm\startup_SWM341.s

RTC_Handler 0000003E

Symbol: RTC_Handler
   Definitions
      At line 321 in file CSL\CMSIS\DeviceSupport\startup\arm\startup_SWM341.s
   Uses
      At line 92 in file CSL\CMSIS\DeviceSupport\startup\arm\startup_SWM341.s
      At line 322 in file CSL\CMSIS\DeviceSupport\startup\arm\startup_SWM341.s

Reset_Handler 00000000

Symbol: Reset_Handler
   Definitions
      At line 174 in file CSL\CMSIS\DeviceSupport\startup\arm\startup_SWM341.s
   Uses
      At line 57 in file CSL\CMSIS\DeviceSupport\startup\arm\startup_SWM341.s
      At line 175 in file CSL\CMSIS\DeviceSupport\startup\arm\startup_SWM341.s

SDIO_Handler 000000B2

Symbol: SDIO_Handler
   Definitions
      At line 611 in file CSL\CMSIS\DeviceSupport\startup\arm\startup_SWM341.s
   Uses
      At line 150 in file CSL\CMSIS\DeviceSupport\startup\arm\startup_SWM341.s
      At line 612 in file CSL\CMSIS\DeviceSupport\startup\arm\startup_SWM341.s

SPI0_Handler 00000024

Symbol: SPI0_Handler
   Definitions
      At line 256 in file CSL\CMSIS\DeviceSupport\startup\arm\startup_SWM341.s
   Uses
      At line 79 in file CSL\CMSIS\DeviceSupport\startup\arm\startup_SWM341.s
      At line 257 in file CSL\CMSIS\DeviceSupport\startup\arm\startup_SWM341.s

SPI1_Handler 0000003C

Symbol: SPI1_Handler



ARM Macro Assembler    Page 14 Alphabetic symbol ordering
Relocatable symbols

   Definitions
      At line 316 in file CSL\CMSIS\DeviceSupport\startup\arm\startup_SWM341.s
   Uses
      At line 91 in file CSL\CMSIS\DeviceSupport\startup\arm\startup_SWM341.s
      At line 317 in file CSL\CMSIS\DeviceSupport\startup\arm\startup_SWM341.s

SVC_Handler 00000012

Symbol: SVC_Handler
   Definitions
      At line 211 in file CSL\CMSIS\DeviceSupport\startup\arm\startup_SWM341.s
   Uses
      At line 67 in file CSL\CMSIS\DeviceSupport\startup\arm\startup_SWM341.s
      At line 212 in file CSL\CMSIS\DeviceSupport\startup\arm\startup_SWM341.s

SysTick_Handler 00000018

Symbol: SysTick_Handler
   Definitions
      At line 226 in file CSL\CMSIS\DeviceSupport\startup\arm\startup_SWM341.s
   Uses
      At line 71 in file CSL\CMSIS\DeviceSupport\startup\arm\startup_SWM341.s
      At line 227 in file CSL\CMSIS\DeviceSupport\startup\arm\startup_SWM341.s

TIMR0_Handler 0000001E

Symbol: TIMR0_Handler
   Definitions
      At line 241 in file CSL\CMSIS\DeviceSupport\startup\arm\startup_SWM341.s
   Uses
      At line 76 in file CSL\CMSIS\DeviceSupport\startup\arm\startup_SWM341.s
      At line 242 in file CSL\CMSIS\DeviceSupport\startup\arm\startup_SWM341.s

TIMR1_Handler 00000020

Symbol: TIMR1_Handler
   Definitions
      At line 246 in file CSL\CMSIS\DeviceSupport\startup\arm\startup_SWM341.s
   Uses
      At line 77 in file CSL\CMSIS\DeviceSupport\startup\arm\startup_SWM341.s
      At line 247 in file CSL\CMSIS\DeviceSupport\startup\arm\startup_SWM341.s

TIMR2_Handler 00000042

Symbol: TIMR2_Handler
   Definitions
      At line 331 in file CSL\CMSIS\DeviceSupport\startup\arm\startup_SWM341.s
   Uses
      At line 94 in file CSL\CMSIS\DeviceSupport\startup\arm\startup_SWM341.s
      At line 332 in file CSL\CMSIS\DeviceSupport\startup\arm\startup_SWM341.s

TIMR3_Handler 00000046

Symbol: TIMR3_Handler
   Definitions
      At line 341 in file CSL\CMSIS\DeviceSupport\startup\arm\startup_SWM341.s
   Uses
      At line 96 in file CSL\CMSIS\DeviceSupport\startup\arm\startup_SWM341.s
      At line 342 in file CSL\CMSIS\DeviceSupport\startup\arm\startup_SWM341.s



ARM Macro Assembler    Page 15 Alphabetic symbol ordering
Relocatable symbols


TIMR4_Handler 000000B8

Symbol: TIMR4_Handler
   Definitions
      At line 626 in file CSL\CMSIS\DeviceSupport\startup\arm\startup_SWM341.s
   Uses
      At line 153 in file CSL\CMSIS\DeviceSupport\startup\arm\startup_SWM341.s
      At line 627 in file CSL\CMSIS\DeviceSupport\startup\arm\startup_SWM341.s

UART0_Handler 0000001A

Symbol: UART0_Handler
   Definitions
      At line 231 in file CSL\CMSIS\DeviceSupport\startup\arm\startup_SWM341.s
   Uses
      At line 74 in file CSL\CMSIS\DeviceSupport\startup\arm\startup_SWM341.s
      At line 232 in file CSL\CMSIS\DeviceSupport\startup\arm\startup_SWM341.s

UART1_Handler 0000001C

Symbol: UART1_Handler
   Definitions
      At line 236 in file CSL\CMSIS\DeviceSupport\startup\arm\startup_SWM341.s
   Uses
      At line 75 in file CSL\CMSIS\DeviceSupport\startup\arm\startup_SWM341.s
      At line 237 in file CSL\CMSIS\DeviceSupport\startup\arm\startup_SWM341.s

UART2_Handler 0000002A

Symbol: UART2_Handler
   Definitions
      At line 271 in file CSL\CMSIS\DeviceSupport\startup\arm\startup_SWM341.s
   Uses
      At line 82 in file CSL\CMSIS\DeviceSupport\startup\arm\startup_SWM341.s
      At line 272 in file CSL\CMSIS\DeviceSupport\startup\arm\startup_SWM341.s

UART3_Handler 00000044

Symbol: UART3_Handler
   Definitions
      At line 336 in file CSL\CMSIS\DeviceSupport\startup\arm\startup_SWM341.s
   Uses
      At line 95 in file CSL\CMSIS\DeviceSupport\startup\arm\startup_SWM341.s
      At line 337 in file CSL\CMSIS\DeviceSupport\startup\arm\startup_SWM341.s

USB_Handler 000000B4

Symbol: USB_Handler
   Definitions
      At line 616 in file CSL\CMSIS\DeviceSupport\startup\arm\startup_SWM341.s
   Uses
      At line 151 in file CSL\CMSIS\DeviceSupport\startup\arm\startup_SWM341.s
      At line 617 in file CSL\CMSIS\DeviceSupport\startup\arm\startup_SWM341.s

UsageFault_Handler 00000010

Symbol: UsageFault_Handler
   Definitions



ARM Macro Assembler    Page 16 Alphabetic symbol ordering
Relocatable symbols

      At line 206 in file CSL\CMSIS\DeviceSupport\startup\arm\startup_SWM341.s
   Uses
      At line 62 in file CSL\CMSIS\DeviceSupport\startup\arm\startup_SWM341.s
      At line 207 in file CSL\CMSIS\DeviceSupport\startup\arm\startup_SWM341.s

WDT_Handler 00000028

Symbol: WDT_Handler
   Definitions
      At line 266 in file CSL\CMSIS\DeviceSupport\startup\arm\startup_SWM341.s
   Uses
      At line 81 in file CSL\CMSIS\DeviceSupport\startup\arm\startup_SWM341.s
      At line 267 in file CSL\CMSIS\DeviceSupport\startup\arm\startup_SWM341.s

XTALSTOP_Handler 0000005C

Symbol: XTALSTOP_Handler
   Definitions
      At line 396 in file CSL\CMSIS\DeviceSupport\startup\arm\startup_SWM341.s
   Uses
      At line 107 in file CSL\CMSIS\DeviceSupport\startup\arm\startup_SWM341.s
      At line 397 in file CSL\CMSIS\DeviceSupport\startup\arm\startup_SWM341.s

101 symbols



ARM Macro Assembler    Page 1 Alphabetic symbol ordering
Absolute symbols

Heap_Size 00000000

Symbol: Heap_Size
   Definitions
      At line 39 in file CSL\CMSIS\DeviceSupport\startup\arm\startup_SWM341.s
   Uses
      At line 43 in file CSL\CMSIS\DeviceSupport\startup\arm\startup_SWM341.s
Comment: Heap_Size used once
Stack_Size 00001000

Symbol: Stack_Size
   Definitions
      At line 28 in file CSL\CMSIS\DeviceSupport\startup\arm\startup_SWM341.s
   Uses
      At line 31 in file CSL\CMSIS\DeviceSupport\startup\arm\startup_SWM341.s
Comment: Stack_Size used once
__Vectors_Size 000001A8

Symbol: __Vectors_Size
   Definitions
      At line 167 in file CSL\CMSIS\DeviceSupport\startup\arm\startup_SWM341.s
   Uses
      At line 54 in file CSL\CMSIS\DeviceSupport\startup\arm\startup_SWM341.s
Comment: __Vectors_Size used once
3 symbols



ARM Macro Assembler    Page 1 Alphabetic symbol ordering
External symbols

FPU_Enable 00000000

Symbol: FPU_Enable
   Definitions
      At line 177 in file CSL\CMSIS\DeviceSupport\startup\arm\startup_SWM341.s
   Uses
      At line 178 in file CSL\CMSIS\DeviceSupport\startup\arm\startup_SWM341.s
Comment: FPU_Enable used once
__main 00000000

Symbol: __main
   Definitions
      At line 176 in file CSL\CMSIS\DeviceSupport\startup\arm\startup_SWM341.s
   Uses
      At line 180 in file CSL\CMSIS\DeviceSupport\startup\arm\startup_SWM341.s
Comment: __main used once
2 symbols
450 symbols in table
