[2024/7/3 18:58:42:38]-[INFO]: =========== Begin ===========
[2024/7/3 18:58:42:38]-[INFO]: 清除历史代码文件
[2024/7/3 18:58:44:320]-[INFO]: generate font config file:
[2024/7/3 18:58:44:322]-[INFO]: the numbers of font is: 2.
[2024/7/3 18:58:44:322]-[INFO]: generate font config done.
[2024/7/3 18:58:44:323]-[INFO]: 开始生成图片资源
[2024/7/3 18:58:44:385]-[INFO]: start copy img files
[2024/7/3 18:58:44:385]-[INFO]: img length:8
[2024/7/3 18:58:44:457]-[INFO]: end copy img files
[2024/7/3 18:58:44:458]-[INFO]: start cvt img files
[2024/7/3 18:58:45:371]-[INFO]: 转码图片资源中, 请稍后...
[2024/7/3 18:58:46:412]-[INFO]: end cvt img files
[2024/7/3 18:58:46:413]-[INFO]: 开始生成代码
[2024/7/3 18:58:46:523]-[INFO]: start create code
[2024/7/3 18:58:46:560]-[INFO]: end create code
[2024/7/3 18:58:46:560]-[INFO]: start create gt_ui.c
[2024/7/3 18:58:46:561]-[INFO]: end create gt_ui.c
[2024/7/3 18:58:46:561]-[INFO]: start create gt_ui.h
[2024/7/3 18:58:46:562]-[INFO]: end create gt_ui.h
[2024/7/3 18:58:46:563]-[INFO]: start create gt_ui.mk
[2024/7/3 18:58:46:563]-[INFO]: end create gt_ui.mk
[2024/7/3 18:58:46:564]-[INFO]: start create gt_conf.h
[2024/7/3 18:58:46:564]-[INFO]: end create gt_conf.h
[2024/7/3 18:58:46:565]-[INFO]: start create code
[2024/7/3 18:58:46:575]-[INFO]: end create code
[2024/7/3 18:58:46:575]-[INFO]: start create gt_ui.c
[2024/7/3 18:58:46:576]-[INFO]: end create gt_ui.c
[2024/7/3 18:58:46:576]-[INFO]: start create gt_ui.h
[2024/7/3 18:58:46:577]-[INFO]: end create gt_ui.h
[2024/7/3 18:58:46:577]-[INFO]: 开始编译
[2024/7/3 18:58:48:297]-[INFO]: "Compiling ./Makefile/../drivers/display/monitor.c"
[2024/7/3 18:58:48:671]-[INFO]: "Compiling ./Makefile/../drivers/display/icon.c"
[2024/7/3 18:58:48:792]-[INFO]: "Compiling ./Makefile/../drivers/indev/keyboard.c"
[2024/7/3 18:58:48:989]-[INFO]: "Compiling ./Makefile/../drivers/indev/mouse.c"
[2024/7/3 18:58:49:207]-[INFO]: "Compiling ./Makefile/../drivers/indev/mousewheel.c"
[2024/7/3 18:58:49:391]-[INFO]: "Compiling ./Makefile/../drivers/indev/evdev.c"
[2024/7/3 18:58:49:510]-[INFO]: "Compiling ./Makefile/../drivers/indev/libinput.c"
[2024/7/3 18:58:49:694]-[INFO]: "Compiling ./Makefile/../drivers/win_drv.c"
[2024/7/3 18:58:49:800]-[INFO]: "Compiling ./Makefile/../../GT-HMI-Engine/driver/gt_port_disp.c"
[2024/7/3 18:58:49:900]-[INFO]: "Compiling ./Makefile/../../GT-HMI-Engine/driver/gt_port_indev.c"
[2024/7/3 18:58:50:108]-[INFO]: "Compiling ./Makefile/../../GT-HMI-Engine/driver/gt_port_src.c"
[2024/7/3 18:58:50:222]-[INFO]: "Compiling ./Makefile/../../GT-HMI-Engine/driver/gt_port_vf.c"
[2024/7/3 18:58:50:531]-[INFO]: "Compiling ./Makefile/../../GT-HMI-Engine/src/core/gt_draw.c"
[2024/7/3 18:58:50:749]-[INFO]: "Compiling ./Makefile/../../GT-HMI-Engine/src/core/gt_disp.c"
[2024/7/3 18:58:50:927]-[INFO]: "Compiling ./Makefile/../../GT-HMI-Engine/src/core/gt_event.c"
[2024/7/3 18:58:51:133]-[INFO]: "Compiling ./Makefile/../../GT-HMI-Engine/src/core/gt_fs.c"
[2024/7/3 18:58:51:337]-[INFO]: "Compiling ./Makefile/../../GT-HMI-Engine/src/core/gt_graph_base.c"
[2024/7/3 18:58:51:541]-[INFO]: "Compiling ./Makefile/../../GT-HMI-Engine/src/core/gt_handler.c"
[2024/7/3 18:58:51:755]-[INFO]: "Compiling ./Makefile/../../GT-HMI-Engine/src/core/gt_img_decoder.c"
[2024/7/3 18:58:52:63]-[INFO]: "Compiling ./Makefile/../../GT-HMI-Engine/src/core/gt_indev.c"
[2024/7/3 18:58:52:365]-[INFO]: "Compiling ./Makefile/../../GT-HMI-Engine/src/core/gt_layout.c"
[2024/7/3 18:58:52:671]-[INFO]: "Compiling ./Makefile/../../GT-HMI-Engine/src/core/gt_mem.c"
[2024/7/3 18:58:52:880]-[INFO]: "Compiling ./Makefile/../../GT-HMI-Engine/src/core/gt_obj_pos.c"
[2024/7/3 18:58:53:77]-[INFO]: "Compiling ./Makefile/../../GT-HMI-Engine/src/core/gt_obj_scroll.c"
[2024/7/3 18:58:53:290]-[INFO]: "Compiling ./Makefile/../../GT-HMI-Engine/src/core/gt_refr.c"
[2024/7/3 18:58:53:612]-[INFO]: "Compiling ./Makefile/../../GT-HMI-Engine/src/core/gt_scr_stack.c"
[2024/7/3 18:58:53:811]-[INFO]: "Compiling ./Makefile/../../GT-HMI-Engine/src/core/gt_style.c"
[2024/7/3 18:58:54:113]-[INFO]: "Compiling ./Makefile/../../GT-HMI-Engine/src/core/gt_timer.c"
[2024/7/3 18:58:54:315]-[INFO]: "Compiling ./Makefile/../../GT-HMI-Engine/src/extra/gt_extra.c"
[2024/7/3 18:58:54:618]-[INFO]: "Compiling ./Makefile/../../GT-HMI-Engine/src/font/gt_font.c"
[2024/7/3 18:58:54:934]-[INFO]: "Compiling ./Makefile/../../GT-HMI-Engine/src/font/gt_symbol.c"
[2024/7/3 18:58:55:243]-[INFO]: "Compiling ./Makefile/../../GT-HMI-Engine/src/hal/gt_hal_disp.c"
[2024/7/3 18:58:55:533]-[INFO]: "Compiling ./Makefile/../../GT-HMI-Engine/src/hal/gt_hal_file_header.c"
[2024/7/3 18:58:55:777]-[INFO]: "Compiling ./Makefile/../../GT-HMI-Engine/src/hal/gt_hal_fs.c"
[2024/7/3 18:58:56:162]-[INFO]: "Compiling ./Makefile/../../GT-HMI-Engine/src/hal/gt_hal_indev.c"
[2024/7/3 18:58:56:363]-[INFO]: "Compiling ./Makefile/../../GT-HMI-Engine/src/hal/gt_hal_src.c"
[2024/7/3 18:58:56:558]-[INFO]: "Compiling ./Makefile/../../GT-HMI-Engine/src/hal/gt_hal_tick.c"
[2024/7/3 18:58:56:779]-[INFO]: "Compiling ./Makefile/../../GT-HMI-Engine/src/hal/gt_hal_vf.c"
[2024/7/3 18:58:57:125]-[INFO]: "Compiling ./Makefile/../../GT-HMI-Engine/src/widgets/gt_barcode.c"
[2024/7/3 18:58:57:307]-[INFO]: "Compiling ./Makefile/../../GT-HMI-Engine/src/widgets/gt_btn.c"
[2024/7/3 18:58:57:581]-[INFO]: "Compiling ./Makefile/../../GT-HMI-Engine/src/widgets/gt_btnmap.c"
[2024/7/3 18:58:57:808]-[INFO]: "Compiling ./Makefile/../../GT-HMI-Engine/src/widgets/gt_chat.c"
[2024/7/3 18:58:57:994]-[INFO]: "Compiling ./Makefile/../../GT-HMI-Engine/src/widgets/gt_checkbox.c"
[2024/7/3 18:58:58:210]-[INFO]: "Compiling ./Makefile/../../GT-HMI-Engine/src/widgets/gt_clock.c"
[2024/7/3 18:58:58:405]-[INFO]: "Compiling ./Makefile/../../GT-HMI-Engine/src/widgets/gt_dialog.c"
[2024/7/3 18:58:58:611]-[INFO]: "Compiling ./Makefile/../../GT-HMI-Engine/src/widgets/gt_gif.c"
[2024/7/3 18:58:58:817]-[INFO]: "Compiling ./Makefile/../../GT-HMI-Engine/src/widgets/gt_group.c"
[2024/7/3 18:58:59:18]-[INFO]: "Compiling ./Makefile/../../GT-HMI-Engine/src/widgets/gt_img.c"
[2024/7/3 18:58:59:231]-[INFO]: "Compiling ./Makefile/../../GT-HMI-Engine/src/widgets/gt_imgbtn.c"
[2024/7/3 18:58:59:553]-[INFO]: "Compiling ./Makefile/../../GT-HMI-Engine/src/widgets/gt_input_number.c"
[2024/7/3 18:58:59:736]-[INFO]: "Compiling ./Makefile/../../GT-HMI-Engine/src/widgets/gt_input.c"
[2024/7/3 18:58:59:948]-[INFO]: "Compiling ./Makefile/../../GT-HMI-Engine/src/widgets/gt_keypad.c"
[2024/7/3 18:59:0:164]-[INFO]: "Compiling ./Makefile/../../GT-HMI-Engine/src/widgets/gt_label.c"
[2024/7/3 18:59:0:348]-[INFO]: "Compiling ./Makefile/../../GT-HMI-Engine/src/widgets/gt_line.c"
[2024/7/3 18:59:0:454]-[INFO]: "Compiling ./Makefile/../../GT-HMI-Engine/src/widgets/gt_listview.c"
[2024/7/3 18:59:0:664]-[INFO]: "Compiling ./Makefile/../../GT-HMI-Engine/src/widgets/gt_obj_class.c"
[2024/7/3 18:59:0:859]-[INFO]: "Compiling ./Makefile/../../GT-HMI-Engine/src/widgets/gt_obj.c"
[2024/7/3 18:59:1:64]-[INFO]: "Compiling ./Makefile/../../GT-HMI-Engine/src/widgets/gt_option.c"
[2024/7/3 18:59:1:168]-[INFO]: "Compiling ./Makefile/../../GT-HMI-Engine/src/widgets/gt_player.c"
[2024/7/3 18:59:1:374]-[INFO]: "Compiling ./Makefile/../../GT-HMI-Engine/src/widgets/gt_progress_bar.c"
[2024/7/3 18:59:1:474]-[INFO]: "Compiling ./Makefile/../../GT-HMI-Engine/src/widgets/gt_qrcode.c"
[2024/7/3 18:59:1:694]-[INFO]: "Compiling ./Makefile/../../GT-HMI-Engine/src/widgets/gt_radio.c"
[2024/7/3 18:59:1:902]-[INFO]: "Compiling ./Makefile/../../GT-HMI-Engine/src/widgets/gt_rect.c"
[2024/7/3 18:59:2:94]-[INFO]: "Compiling ./Makefile/../../GT-HMI-Engine/src/widgets/gt_roller.c"
[2024/7/3 18:59:2:308]-[INFO]: "Compiling ./Makefile/../../GT-HMI-Engine/src/widgets/gt_slider.c"
[2024/7/3 18:59:2:505]-[INFO]: "Compiling ./Makefile/../../GT-HMI-Engine/src/widgets/gt_status_bar.c"
[2024/7/3 18:59:2:714]-[INFO]: "Compiling ./Makefile/../../GT-HMI-Engine/src/widgets/gt_switch.c"
[2024/7/3 18:59:2:917]-[INFO]: "Compiling ./Makefile/../../GT-HMI-Engine/src/widgets/gt_template.c"
[2024/7/3 18:59:3:235]-[INFO]: "Compiling ./Makefile/../../GT-HMI-Engine/src/widgets/gt_textarea.c"
[2024/7/3 18:59:3:445]-[INFO]: "Compiling ./Makefile/../../GT-HMI-Engine/src/widgets/gt_wordart.c"
[2024/7/3 18:59:3:728]-[INFO]: "Compiling ./Makefile/../../GT-HMI-Engine/src/widgets/gt_view_pager.c"
[2024/7/3 18:59:3:936]-[INFO]: "Compiling ./Makefile/../../GT-HMI-Engine/src/others/gt_anim.c"
[2024/7/3 18:59:4:253]-[INFO]: "Compiling ./Makefile/../../GT-HMI-Engine/src/others/gt_area.c"
[2024/7/3 18:59:4:451]-[INFO]: "Compiling ./Makefile/../../GT-HMI-Engine/src/others/gt_color.c"
[2024/7/3 18:59:4:651]-[INFO]: "Compiling ./Makefile/../../GT-HMI-Engine/src/others/gt_effects.c"
[2024/7/3 18:59:4:751]-[INFO]: "Compiling ./Makefile/../../GT-HMI-Engine/src/others/gt_gc.c"
[2024/7/3 18:59:4:953]-[INFO]: "Compiling ./Makefile/../../GT-HMI-Engine/src/others/gt_ll.c"
[2024/7/3 18:59:5:182]-[INFO]: "Compiling ./Makefile/../../GT-HMI-Engine/src/others/gt_math.c"
[2024/7/3 18:59:5:362]-[INFO]: "Compiling ./Makefile/../../GT-HMI-Engine/src/others/gt_tlsf.c"
[2024/7/3 18:59:5:492]-[INFO]: "Compiling ./Makefile/../../GT-HMI-Engine/src/others/gt_txt.c"
[2024/7/3 18:59:5:777]-[INFO]: "Compiling ./Makefile/../../GT-HMI-Engine/src/utils/gt_stack.c"
[2024/7/3 18:59:5:997]-[INFO]: "Compiling ./Makefile/../../GT-HMI-Engine/src/utils/gt_vector.c"
[2024/7/3 18:59:6:182]-[INFO]: "Compiling ./Makefile/../../GT-HMI-Engine/src/extra/draw/gt_draw_blend_with_argb888.c"
[2024/7/3 18:59:6:314]-[INFO]: "Compiling ./Makefile/../../GT-HMI-Engine/src/extra/draw/gt_draw_blend_with_rgb565.c"
[2024/7/3 18:59:6:499]-[INFO]: "Compiling ./Makefile/../../GT-HMI-Engine/src/extra/draw/gt_draw_blend_with_rgb888.c"
[2024/7/3 18:59:6:809]-[INFO]: "Compiling ./Makefile/../../GT-HMI-Engine/src/extra/draw/gt_draw_blend.c"
[2024/7/3 18:59:7:16]-[INFO]: "Compiling ./Makefile/../../GT-HMI-Engine/src/extra/png/gt_png.c"
[2024/7/3 18:59:7:321]-[INFO]: "Compiling ./Makefile/../../GT-HMI-Engine/src/extra/png/lodepng.c"
[2024/7/3 18:59:7:521]-[INFO]: "Compiling ./Makefile/../../GT-HMI-Engine/src/extra/jpeg/gt_sjpg.c"
[2024/7/3 18:59:7:729]-[INFO]: "Compiling ./Makefile/../../GT-HMI-Engine/src/extra/jpeg/tjpgd.c"
[2024/7/3 18:59:8:32]-[INFO]: "Compiling ./Makefile/../../GT-HMI-Engine/src/extra/gif/gifdec.c"
[2024/7/3 18:59:8:335]-[INFO]: "Compiling ./Makefile/../../app/ui/gt_init_screen_1.c"
[2024/7/3 18:59:8:654]-[INFO]: "Compiling ./Makefile/../../app/ui/gt_init_screen_6.c"
[2024/7/3 18:59:8:961]-[INFO]: "Compiling ./Makefile/../../app/ui/gt_ui.c"
[2024/7/3 18:59:9:271]-[INFO]: "Compiling ./Makefile/../../app/ui/gt_init_screen_5.c"
[2024/7/3 18:59:9:587]-[INFO]: "Compiling ./Makefile/../../app/ui/gt_init_screen_4.c"
[2024/7/3 18:59:9:772]-[INFO]: "Compiling ./Makefile/../../app/ui/gt_init_screen_3.c"
[2024/7/3 18:59:9:885]-[INFO]: "Compiling ./Makefile/../../app/ui/gt_init_screen_2.c"
[2024/7/3 18:59:10:79]-[INFO]: "Compiling ./Makefile/../../app/ui/gt_init_screen_7.c"
[2024/7/3 18:59:10:295]-[INFO]: "Compiling ./Makefile/../../app/ui/gt_init_screen_home.c"
[2024/7/3 18:59:10:490]-[INFO]: "Compiling ./Makefile/../../app/imgs/img_src_0.c"
[2024/7/3 18:59:10:716]-[INFO]: "Compiling ./Makefile/../../app/imgs/img_src_10.c"
[2024/7/3 18:59:10:898]-[INFO]: "Compiling ./Makefile/../../app/imgs/gt_src.c"
[2024/7/3 18:59:11:216]-[INFO]: "Compiling ./Makefile/../../app/imgs/img_src_20.c"
[2024/7/3 18:59:11:511]-[INFO]: "Compiling ./Makefile/../main.c"
[2024/7/3 18:59:28:633]-[INFO]: "Linking app.exe"
[2024/7/3 18:59:29:297]-[INFO]: 编译完成, 正在启动中...
[2024/7/3 18:59:29:962]-[INFO]: 开始运行
[2024/7/3 18:59:30:905]-[INFO]: Added 13104 bytes from img_104x42_614.png, offset: 0
[2024/7/3 18:59:30:906]-[INFO]: Added 13104 bytes from img_104x42_615.png, offset: 13104
[2024/7/3 18:59:30:906]-[INFO]: Added 13104 bytes from img_104x42_616.png, offset: 26208
[2024/7/3 18:59:30:906]-[INFO]: Added 13104 bytes from img_104x42_617.png, offset: 39312
[2024/7/3 18:59:30:907]-[INFO]: Added 13104 bytes from img_104x42_618.png, offset: 52416
[2024/7/3 18:59:30:907]-[INFO]: Added 13104 bytes from img_104x42_619.png, offset: 65520
[2024/7/3 18:59:30:907]-[INFO]: Added 1170 bytes from img_15x26_187.png, offset: 78624
[2024/7/3 18:59:30:908]-[INFO]: Added 68544 bytes from img_204x112_267.png, offset: 79794
[2024/7/3 18:59:30:909]-[INFO]: Added 68544 bytes from img_204x112_268.png, offset: 148338
[2024/7/3 18:59:30:909]-[INFO]: Added 68544 bytes from img_204x112_269.png, offset: 216882
[2024/7/3 18:59:30:910]-[INFO]: Added 68544 bytes from img_204x112_270.png, offset: 285426
[2024/7/3 18:59:30:910]-[INFO]: Added 250563 bytes from img_289x289_400.png, offset: 353970
[2024/7/3 18:59:30:910]-[INFO]: Added 250563 bytes from img_289x289_403.png, offset: 604533
[2024/7/3 18:59:30:911]-[INFO]: Added 250563 bytes from img_289x289_404.png, offset: 855096
[2024/7/3 18:59:30:911]-[INFO]: Added 691200 bytes from img_480x480_1.png, offset: 1105659
[2024/7/3 18:59:30:911]-[INFO]: Added 691200 bytes from img_480x480_317.png, offset: 1796859
[2024/7/3 18:59:30:912]-[INFO]: Added 691200 bytes from img_480x480_318.png, offset: 2488059
[2024/7/3 18:59:30:912]-[INFO]: Added 691200 bytes from img_480x480_566.png, offset: 3179259
[2024/7/3 18:59:30:913]-[INFO]: Added 691200 bytes from img_480x480_567.png, offset: 3870459
[2024/7/3 18:59:30:913]-[INFO]: Added 691200 bytes from img_480x480_bj.png, offset: 4561659
[2024/7/3 18:59:30:914]-[INFO]: Added 10800 bytes from img_60x60_304.png, offset: 5252859
[2024/7/3 18:59:30:914]-[INFO]: Added 10800 bytes from img_60x60_310.png, offset: 5263659
[2024/7/3 18:59:30:915]-[INFO]: Added 10800 bytes from img_60x60_311.png, offset: 5274459
[2024/7/3 18:59:30:915]-[INFO]: Added 10800 bytes from img_60x60_312.png, offset: 5285259
[2024/7/3 18:59:30:915]-[INFO]: Added 10800 bytes from img_60x60_609.png, offset: 5296059
[2024/7/3 18:59:30:916]-[INFO]: Added 10800 bytes from img_60x60_610.png, offset: 5306859
[2024/7/3 18:59:30:916]-[INFO]: Added 10800 bytes from img_60x60_611.png, offset: 5317659
[2024/7/3 18:59:30:916]-[INFO]: Added 10800 bytes from img_60x60_612.png, offset: 5328459
[2024/7/3 18:59:30:920]-[INFO]: Total size of binary data: 5339259 bytes
[2024/7/3 18:59:30:924]-[INFO]: Begin to compound the font and source bin file.
[2024/7/3 18:59:30:925]-[INFO]: Begin to export the font bin.
[2024/7/3 18:59:31:181]-[INFO]: Begin to create lib source file...
[2024/7/3 18:59:32:101]-[INFO]: Begin to export the whole resource bin file.
[2024/7/3 18:59:32:107]-[INFO]: Begin to export images driver code.
[2024/7/3 18:59:32:108]-[INFO]: Begin to build the font library.
[2024/7/3 18:59:32:114]-[INFO]: Begin to exec keil5 cmd to build lib file...
[2024/7/3 18:59:35:521]-[INFO]: 字库lib文件路径: C:\Program Files\GT-HMI Designer\gui-hmi-tools\gui-win\app\build\board.
[2024/7/3 18:59:35:525]-[INFO]: build font lib or static lib by keil5.
[2024/7/3 18:59:35:540]-[INFO]: Begin to compound the font and source bin file.
[2024/7/3 18:59:35:544]-[INFO]: Begin to export the whole resource bin file.
[2024/7/3 18:59:35:547]-[INFO]: Begin to export images driver code.
[2024/7/3 18:59:35:904]-[INFO]: =========== Done ===========
[2024/7/3 18:59:36:105]-[INFO]: 素材bin文件路径: C:\Users\Z\Desktop\HMI 测试文件\4c_smart_home\board.
[2024/7/3 18:59:36:109]-[INFO]: 素材bin文件路径: C:\Users\Z\Desktop\HMI 测试文件\4c_smart_home\out.
[2024/7/3 18:59:36:206]-[INFO]: 素材数组调用代码路径: C:\Users\Z\Desktop\HMI 测试文件\4c_smart_home\sources\ui.
[2024/7/3 18:59:36:207]-[INFO]: 素材flash调用代码路径: C:\Users\Z\Desktop\HMI 测试文件\4c_smart_home\screen.
[2024/7/3 19:1:29:828]-[INFO]: =========== Begin ===========
[2024/7/3 19:1:29:828]-[INFO]: 清除历史代码文件
[2024/7/3 19:1:32:316]-[INFO]: generate font config file:
[2024/7/3 19:1:32:317]-[INFO]: the numbers of font is: 2.
[2024/7/3 19:1:32:318]-[INFO]: generate font config done.
[2024/7/3 19:1:32:318]-[INFO]: 开始生成图片资源
[2024/7/3 19:1:32:390]-[INFO]: start copy img files
[2024/7/3 19:1:32:391]-[INFO]: img length:8
[2024/7/3 19:1:32:474]-[INFO]: end copy img files
[2024/7/3 19:1:32:474]-[INFO]: start cvt img files
[2024/7/3 19:1:33:399]-[INFO]: 转码图片资源中, 请稍后...
[2024/7/3 19:1:34:554]-[INFO]: end cvt img files
[2024/7/3 19:1:34:554]-[INFO]: 开始生成代码
[2024/7/3 19:1:34:668]-[INFO]: start create code
[2024/7/3 19:1:34:689]-[INFO]: end create code
[2024/7/3 19:1:34:689]-[INFO]: start create gt_ui.c
[2024/7/3 19:1:34:690]-[INFO]: end create gt_ui.c
[2024/7/3 19:1:34:690]-[INFO]: start create gt_ui.h
[2024/7/3 19:1:34:691]-[INFO]: end create gt_ui.h
[2024/7/3 19:1:34:692]-[INFO]: start create gt_ui.mk
[2024/7/3 19:1:34:692]-[INFO]: end create gt_ui.mk
[2024/7/3 19:1:34:693]-[INFO]: start create gt_conf.h
[2024/7/3 19:1:34:693]-[INFO]: end create gt_conf.h
[2024/7/3 19:1:34:694]-[INFO]: start create code
[2024/7/3 19:1:34:704]-[INFO]: end create code
[2024/7/3 19:1:34:704]-[INFO]: start create gt_ui.c
[2024/7/3 19:1:34:705]-[INFO]: end create gt_ui.c
[2024/7/3 19:1:34:705]-[INFO]: start create gt_ui.h
[2024/7/3 19:1:34:706]-[INFO]: end create gt_ui.h
[2024/7/3 19:1:34:706]-[INFO]: 开始编译
[2024/7/3 19:1:36:626]-[INFO]: "Compiling ./Makefile/../drivers/display/monitor.c"
[2024/7/3 19:1:37:256]-[INFO]: "Compiling ./Makefile/../drivers/display/icon.c"
[2024/7/3 19:1:37:555]-[INFO]: "Compiling ./Makefile/../drivers/indev/keyboard.c"
[2024/7/3 19:1:37:848]-[INFO]: "Compiling ./Makefile/../drivers/indev/mouse.c"
[2024/7/3 19:1:38:168]-[INFO]: "Compiling ./Makefile/../drivers/indev/mousewheel.c"
[2024/7/3 19:1:38:462]-[INFO]: "Compiling ./Makefile/../drivers/indev/evdev.c"
[2024/7/3 19:1:38:669]-[INFO]: "Compiling ./Makefile/../drivers/indev/libinput.c"
[2024/7/3 19:1:38:982]-[INFO]: "Compiling ./Makefile/../drivers/win_drv.c"
[2024/7/3 19:1:39:290]-[INFO]: "Compiling ./Makefile/../../GT-HMI-Engine/driver/gt_port_disp.c"
[2024/7/3 19:1:39:477]-[INFO]: "Compiling ./Makefile/../../GT-HMI-Engine/driver/gt_port_indev.c"
[2024/7/3 19:1:39:585]-[INFO]: "Compiling ./Makefile/../../GT-HMI-Engine/driver/gt_port_src.c"
[2024/7/3 19:1:39:786]-[INFO]: "Compiling ./Makefile/../../GT-HMI-Engine/driver/gt_port_vf.c"
[2024/7/3 19:1:39:895]-[INFO]: "Compiling ./Makefile/../../GT-HMI-Engine/src/core/gt_draw.c"
[2024/7/3 19:1:40:210]-[INFO]: "Compiling ./Makefile/../../GT-HMI-Engine/src/core/gt_disp.c"
[2024/7/3 19:1:40:405]-[INFO]: "Compiling ./Makefile/../../GT-HMI-Engine/src/core/gt_event.c"
[2024/7/3 19:1:40:509]-[INFO]: "Compiling ./Makefile/../../GT-HMI-Engine/src/core/gt_fs.c"
[2024/7/3 19:1:40:709]-[INFO]: "Compiling ./Makefile/../../GT-HMI-Engine/src/core/gt_graph_base.c"
[2024/7/3 19:1:40:908]-[INFO]: "Compiling ./Makefile/../../GT-HMI-Engine/src/core/gt_handler.c"
[2024/7/3 19:1:41:234]-[INFO]: "Compiling ./Makefile/../../GT-HMI-Engine/src/core/gt_img_decoder.c"
[2024/7/3 19:1:41:433]-[INFO]: "Compiling ./Makefile/../../GT-HMI-Engine/src/core/gt_indev.c"
[2024/7/3 19:1:41:646]-[INFO]: "Compiling ./Makefile/../../GT-HMI-Engine/src/core/gt_layout.c"
[2024/7/3 19:1:41:833]-[INFO]: "Compiling ./Makefile/../../GT-HMI-Engine/src/core/gt_mem.c"
[2024/7/3 19:1:41:948]-[INFO]: "Compiling ./Makefile/../../GT-HMI-Engine/src/core/gt_obj_pos.c"
[2024/7/3 19:1:42:249]-[INFO]: "Compiling ./Makefile/../../GT-HMI-Engine/src/core/gt_obj_scroll.c"
[2024/7/3 19:1:42:466]-[INFO]: "Compiling ./Makefile/../../GT-HMI-Engine/src/core/gt_refr.c"
[2024/7/3 19:1:42:861]-[INFO]: "Compiling ./Makefile/../../GT-HMI-Engine/src/core/gt_scr_stack.c"
[2024/7/3 19:1:43:83]-[INFO]: "Compiling ./Makefile/../../GT-HMI-Engine/src/core/gt_style.c"
[2024/7/3 19:1:43:374]-[INFO]: "Compiling ./Makefile/../../GT-HMI-Engine/src/core/gt_timer.c"
[2024/7/3 19:1:43:577]-[INFO]: "Compiling ./Makefile/../../GT-HMI-Engine/src/extra/gt_extra.c"
[2024/7/3 19:1:43:906]-[INFO]: "Compiling ./Makefile/../../GT-HMI-Engine/src/font/gt_font.c"
[2024/7/3 19:1:44:87]-[INFO]: "Compiling ./Makefile/../../GT-HMI-Engine/src/font/gt_symbol.c"
[2024/7/3 19:1:44:291]-[INFO]: "Compiling ./Makefile/../../GT-HMI-Engine/src/hal/gt_hal_disp.c"
[2024/7/3 19:1:44:509]-[INFO]: "Compiling ./Makefile/../../GT-HMI-Engine/src/hal/gt_hal_file_header.c"
[2024/7/3 19:1:44:712]-[INFO]: "Compiling ./Makefile/../../GT-HMI-Engine/src/hal/gt_hal_fs.c"
[2024/7/3 19:1:45:8]-[INFO]: "Compiling ./Makefile/../../GT-HMI-Engine/src/hal/gt_hal_indev.c"
[2024/7/3 19:1:45:109]-[INFO]: "Compiling ./Makefile/../../GT-HMI-Engine/src/hal/gt_hal_src.c"
[2024/7/3 19:1:45:312]-[INFO]: "Compiling ./Makefile/../../GT-HMI-Engine/src/hal/gt_hal_tick.c"
[2024/7/3 19:1:45:421]-[INFO]: "Compiling ./Makefile/../../GT-HMI-Engine/src/hal/gt_hal_vf.c"
[2024/7/3 19:1:45:622]-[INFO]: "Compiling ./Makefile/../../GT-HMI-Engine/src/widgets/gt_barcode.c"
[2024/7/3 19:1:45:822]-[INFO]: "Compiling ./Makefile/../../GT-HMI-Engine/src/widgets/gt_btn.c"
[2024/7/3 19:1:45:937]-[INFO]: "Compiling ./Makefile/../../GT-HMI-Engine/src/widgets/gt_btnmap.c"
[2024/7/3 19:1:46:145]-[INFO]: "Compiling ./Makefile/../../GT-HMI-Engine/src/widgets/gt_chat.c"
[2024/7/3 19:1:46:371]-[INFO]: "Compiling ./Makefile/../../GT-HMI-Engine/src/widgets/gt_checkbox.c"
[2024/7/3 19:1:46:551]-[INFO]: "Compiling ./Makefile/../../GT-HMI-Engine/src/widgets/gt_clock.c"
[2024/7/3 19:1:46:872]-[INFO]: "Compiling ./Makefile/../../GT-HMI-Engine/src/widgets/gt_dialog.c"
[2024/7/3 19:1:47:886]-[INFO]: "Compiling ./Makefile/../../GT-HMI-Engine/src/widgets/gt_gif.c"
[2024/7/3 19:1:48:199]-[INFO]: "Compiling ./Makefile/../../GT-HMI-Engine/src/widgets/gt_group.c"
[2024/7/3 19:1:48:386]-[INFO]: "Compiling ./Makefile/../../GT-HMI-Engine/src/widgets/gt_img.c"
[2024/7/3 19:1:48:709]-[INFO]: "Compiling ./Makefile/../../GT-HMI-Engine/src/widgets/gt_imgbtn.c"
[2024/7/3 19:1:49:104]-[INFO]: "Compiling ./Makefile/../../GT-HMI-Engine/src/widgets/gt_input_number.c"
[2024/7/3 19:1:49:407]-[INFO]: "Compiling ./Makefile/../../GT-HMI-Engine/src/widgets/gt_input.c"
[2024/7/3 19:1:49:635]-[INFO]: "Compiling ./Makefile/../../GT-HMI-Engine/src/widgets/gt_keypad.c"
[2024/7/3 19:1:49:824]-[INFO]: "Compiling ./Makefile/../../GT-HMI-Engine/src/widgets/gt_label.c"
[2024/7/3 19:1:50:145]-[INFO]: "Compiling ./Makefile/../../GT-HMI-Engine/src/widgets/gt_line.c"
[2024/7/3 19:1:50:551]-[INFO]: "Compiling ./Makefile/../../GT-HMI-Engine/src/widgets/gt_listview.c"
[2024/7/3 19:1:50:755]-[INFO]: "Compiling ./Makefile/../../GT-HMI-Engine/src/widgets/gt_obj_class.c"
[2024/7/3 19:1:51:62]-[INFO]: "Compiling ./Makefile/../../GT-HMI-Engine/src/widgets/gt_obj.c"
[2024/7/3 19:1:51:367]-[INFO]: "Compiling ./Makefile/../../GT-HMI-Engine/src/widgets/gt_option.c"
[2024/7/3 19:1:51:661]-[INFO]: "Compiling ./Makefile/../../GT-HMI-Engine/src/widgets/gt_player.c"
[2024/7/3 19:1:51:890]-[INFO]: "Compiling ./Makefile/../../GT-HMI-Engine/src/widgets/gt_progress_bar.c"
[2024/7/3 19:1:52:177]-[INFO]: "Compiling ./Makefile/../../GT-HMI-Engine/src/widgets/gt_qrcode.c"
[2024/7/3 19:1:52:490]-[INFO]: "Compiling ./Makefile/../../GT-HMI-Engine/src/widgets/gt_radio.c"
[2024/7/3 19:1:52:691]-[INFO]: "Compiling ./Makefile/../../GT-HMI-Engine/src/widgets/gt_rect.c"
[2024/7/3 19:1:53:8]-[INFO]: "Compiling ./Makefile/../../GT-HMI-Engine/src/widgets/gt_roller.c"
[2024/7/3 19:1:53:316]-[INFO]: "Compiling ./Makefile/../../GT-HMI-Engine/src/widgets/gt_slider.c"
[2024/7/3 19:1:53:611]-[INFO]: "Compiling ./Makefile/../../GT-HMI-Engine/src/widgets/gt_status_bar.c"
[2024/7/3 19:1:53:821]-[INFO]: "Compiling ./Makefile/../../GT-HMI-Engine/src/widgets/gt_switch.c"
[2024/7/3 19:1:54:38]-[INFO]: "Compiling ./Makefile/../../GT-HMI-Engine/src/widgets/gt_template.c"
[2024/7/3 19:1:54:342]-[INFO]: "Compiling ./Makefile/../../GT-HMI-Engine/src/widgets/gt_textarea.c"
[2024/7/3 19:1:54:646]-[INFO]: "Compiling ./Makefile/../../GT-HMI-Engine/src/widgets/gt_wordart.c"
[2024/7/3 19:1:54:958]-[INFO]: "Compiling ./Makefile/../../GT-HMI-Engine/src/widgets/gt_view_pager.c"
[2024/7/3 19:1:55:272]-[INFO]: "Compiling ./Makefile/../../GT-HMI-Engine/src/others/gt_anim.c"
[2024/7/3 19:1:55:560]-[INFO]: "Compiling ./Makefile/../../GT-HMI-Engine/src/others/gt_area.c"
[2024/7/3 19:1:56:83]-[INFO]: "Compiling ./Makefile/../../GT-HMI-Engine/src/others/gt_color.c"
[2024/7/3 19:1:56:392]-[INFO]: "Compiling ./Makefile/../../GT-HMI-Engine/src/others/gt_effects.c"
[2024/7/3 19:1:56:697]-[INFO]: "Compiling ./Makefile/../../GT-HMI-Engine/src/others/gt_gc.c"
[2024/7/3 19:1:56:987]-[INFO]: "Compiling ./Makefile/../../GT-HMI-Engine/src/others/gt_ll.c"
[2024/7/3 19:1:57:210]-[INFO]: "Compiling ./Makefile/../../GT-HMI-Engine/src/others/gt_math.c"
[2024/7/3 19:1:57:516]-[INFO]: "Compiling ./Makefile/../../GT-HMI-Engine/src/others/gt_tlsf.c"
[2024/7/3 19:1:57:820]-[INFO]: "Compiling ./Makefile/../../GT-HMI-Engine/src/others/gt_txt.c"
[2024/7/3 19:1:58:110]-[INFO]: "Compiling ./Makefile/../../GT-HMI-Engine/src/utils/gt_stack.c"
[2024/7/3 19:1:58:226]-[INFO]: "Compiling ./Makefile/../../GT-HMI-Engine/src/utils/gt_vector.c"
[2024/7/3 19:1:58:444]-[INFO]: "Compiling ./Makefile/../../GT-HMI-Engine/src/extra/draw/gt_draw_blend_with_argb888.c"
[2024/7/3 19:1:58:633]-[INFO]: "Compiling ./Makefile/../../GT-HMI-Engine/src/extra/draw/gt_draw_blend_with_rgb565.c"
[2024/7/3 19:1:58:947]-[INFO]: "Compiling ./Makefile/../../GT-HMI-Engine/src/extra/draw/gt_draw_blend_with_rgb888.c"
[2024/7/3 19:1:59:245]-[INFO]: "Compiling ./Makefile/../../GT-HMI-Engine/src/extra/draw/gt_draw_blend.c"
[2024/7/3 19:1:59:471]-[INFO]: "Compiling ./Makefile/../../GT-HMI-Engine/src/extra/png/gt_png.c"
[2024/7/3 19:1:59:654]-[INFO]: "Compiling ./Makefile/../../GT-HMI-Engine/src/extra/png/lodepng.c"
[2024/7/3 19:1:59:862]-[INFO]: "Compiling ./Makefile/../../GT-HMI-Engine/src/extra/jpeg/gt_sjpg.c"
[2024/7/3 19:2:0:64]-[INFO]: "Compiling ./Makefile/../../GT-HMI-Engine/src/extra/jpeg/tjpgd.c"
[2024/7/3 19:2:0:369]-[INFO]: "Compiling ./Makefile/../../GT-HMI-Engine/src/extra/gif/gifdec.c"
[2024/7/3 19:2:0:681]-[INFO]: "Compiling ./Makefile/../../app/ui/gt_init_screen_1.c"
[2024/7/3 19:2:0:991]-[INFO]: "Compiling ./Makefile/../../app/ui/gt_init_screen_6.c"
[2024/7/3 19:2:1:293]-[INFO]: "Compiling ./Makefile/../../app/ui/gt_ui.c"
[2024/7/3 19:2:1:630]-[INFO]: "Compiling ./Makefile/../../app/ui/gt_init_screen_5.c"
[2024/7/3 19:2:1:918]-[INFO]: "Compiling ./Makefile/../../app/ui/gt_init_screen_4.c"
[2024/7/3 19:2:2:228]-[INFO]: "Compiling ./Makefile/../../app/ui/gt_init_screen_3.c"
[2024/7/3 19:2:2:420]-[INFO]: "Compiling ./Makefile/../../app/ui/gt_init_screen_2.c"
[2024/7/3 19:2:2:622]-[INFO]: "Compiling ./Makefile/../../app/ui/gt_init_screen_7.c"
[2024/7/3 19:2:2:844]-[INFO]: "Compiling ./Makefile/../../app/ui/gt_init_screen_home.c"
[2024/7/3 19:2:3:28]-[INFO]: "Compiling ./Makefile/../../app/imgs/img_src_0.c"
[2024/7/3 19:2:3:341]-[INFO]: "Compiling ./Makefile/../../app/imgs/img_src_10.c"
[2024/7/3 19:2:3:545]-[INFO]: "Compiling ./Makefile/../../app/imgs/gt_src.c"
[2024/7/3 19:2:3:862]-[INFO]: "Compiling ./Makefile/../../app/imgs/img_src_20.c"
[2024/7/3 19:2:4:59]-[INFO]: "Compiling ./Makefile/../main.c"
[2024/7/3 19:2:21:356]-[INFO]: "Linking app.exe"
[2024/7/3 19:2:21:992]-[INFO]: 编译完成, 正在启动中...
[2024/7/3 19:2:22:635]-[INFO]: 开始运行
[2024/7/3 19:2:23:464]-[INFO]: Added 13104 bytes from img_104x42_614.png, offset: 0
[2024/7/3 19:2:23:465]-[INFO]: Added 13104 bytes from img_104x42_615.png, offset: 13104
[2024/7/3 19:2:23:465]-[INFO]: Added 13104 bytes from img_104x42_616.png, offset: 26208
[2024/7/3 19:2:23:466]-[INFO]: Added 13104 bytes from img_104x42_617.png, offset: 39312
[2024/7/3 19:2:23:466]-[INFO]: Added 13104 bytes from img_104x42_618.png, offset: 52416
[2024/7/3 19:2:23:466]-[INFO]: Added 13104 bytes from img_104x42_619.png, offset: 65520
[2024/7/3 19:2:23:466]-[INFO]: Added 1170 bytes from img_15x26_187.png, offset: 78624
[2024/7/3 19:2:23:467]-[INFO]: Added 68544 bytes from img_204x112_267.png, offset: 79794
[2024/7/3 19:2:23:467]-[INFO]: Added 68544 bytes from img_204x112_268.png, offset: 148338
[2024/7/3 19:2:23:467]-[INFO]: Added 68544 bytes from img_204x112_269.png, offset: 216882
[2024/7/3 19:2:23:467]-[INFO]: Added 68544 bytes from img_204x112_270.png, offset: 285426
[2024/7/3 19:2:23:468]-[INFO]: Added 250563 bytes from img_289x289_400.png, offset: 353970
[2024/7/3 19:2:23:468]-[INFO]: Added 250563 bytes from img_289x289_403.png, offset: 604533
[2024/7/3 19:2:23:468]-[INFO]: Added 250563 bytes from img_289x289_404.png, offset: 855096
[2024/7/3 19:2:23:469]-[INFO]: Added 691200 bytes from img_480x480_1.png, offset: 1105659
[2024/7/3 19:2:23:469]-[INFO]: Added 691200 bytes from img_480x480_317.png, offset: 1796859
[2024/7/3 19:2:23:470]-[INFO]: Added 691200 bytes from img_480x480_318.png, offset: 2488059
[2024/7/3 19:2:23:470]-[INFO]: Added 691200 bytes from img_480x480_566.png, offset: 3179259
[2024/7/3 19:2:23:470]-[INFO]: Added 691200 bytes from img_480x480_567.png, offset: 3870459
[2024/7/3 19:2:23:471]-[INFO]: Added 691200 bytes from img_480x480_bj.png, offset: 4561659
[2024/7/3 19:2:23:471]-[INFO]: Added 10800 bytes from img_60x60_304.png, offset: 5252859
[2024/7/3 19:2:23:471]-[INFO]: Added 10800 bytes from img_60x60_310.png, offset: 5263659
[2024/7/3 19:2:23:471]-[INFO]: Added 10800 bytes from img_60x60_311.png, offset: 5274459
[2024/7/3 19:2:23:472]-[INFO]: Added 10800 bytes from img_60x60_312.png, offset: 5285259
[2024/7/3 19:2:23:472]-[INFO]: Added 10800 bytes from img_60x60_609.png, offset: 5296059
[2024/7/3 19:2:23:472]-[INFO]: Added 10800 bytes from img_60x60_610.png, offset: 5306859
[2024/7/3 19:2:23:472]-[INFO]: Added 10800 bytes from img_60x60_611.png, offset: 5317659
[2024/7/3 19:2:23:473]-[INFO]: Added 10800 bytes from img_60x60_612.png, offset: 5328459
[2024/7/3 19:2:23:475]-[INFO]: Total size of binary data: 5339259 bytes
[2024/7/3 19:2:23:478]-[INFO]: Begin to compound the font and source bin file.
[2024/7/3 19:2:23:478]-[INFO]: Begin to export the font bin.
[2024/7/3 19:2:23:719]-[INFO]: Begin to create lib source file...
[2024/7/3 19:2:24:114]-[INFO]: Begin to export the whole resource bin file.
[2024/7/3 19:2:24:118]-[INFO]: Begin to export images driver code.
[2024/7/3 19:2:24:120]-[INFO]: Begin to build the font library.
[2024/7/3 19:2:24:126]-[INFO]: Begin to exec keil5 cmd to build lib file...
[2024/7/3 19:2:27:263]-[INFO]: 字库lib文件路径: C:\Program Files\GT-HMI Designer\gui-hmi-tools\gui-win\app\build\board.
[2024/7/3 19:2:27:267]-[INFO]: build font lib or static lib by keil5.
[2024/7/3 19:2:27:281]-[INFO]: Begin to compound the font and source bin file.
[2024/7/3 19:2:27:285]-[INFO]: Begin to export the whole resource bin file.
[2024/7/3 19:2:27:288]-[INFO]: Begin to export images driver code.
[2024/7/3 19:2:27:653]-[INFO]: =========== Done ===========
[2024/7/3 19:2:27:858]-[INFO]: 素材bin文件路径: C:\Users\Z\Desktop\HMI 测试文件\4c_smart_home\board.
[2024/7/3 19:2:27:870]-[INFO]: 素材bin文件路径: C:\Users\Z\Desktop\HMI 测试文件\4c_smart_home\out.
[2024/7/3 19:2:27:954]-[INFO]: 素材数组调用代码路径: C:\Users\Z\Desktop\HMI 测试文件\4c_smart_home\sources\ui.
[2024/7/3 19:2:27:955]-[INFO]: 素材flash调用代码路径: C:\Users\Z\Desktop\HMI 测试文件\4c_smart_home\screen.
