[2024/7/3 19:13:2:830]-[INFO]: =========== Begin ===========
[2024/7/3 19:13:2:830]-[INFO]: 清除历史代码文件
[2024/7/3 19:13:5:239]-[INFO]: generate font config file:
[2024/7/3 19:13:5:241]-[INFO]: the numbers of font is: 4.
[2024/7/3 19:13:5:242]-[INFO]: generate font config done.
[2024/7/3 19:13:5:242]-[INFO]: 开始生成图片资源
[2024/7/3 19:13:5:294]-[INFO]: start copy img files
[2024/7/3 19:13:5:296]-[INFO]: img length:1
[2024/7/3 19:13:5:304]-[INFO]: end copy img files
[2024/7/3 19:13:5:305]-[INFO]: start cvt img files
[2024/7/3 19:13:5:594]-[INFO]: end cvt img files
[2024/7/3 19:13:5:595]-[INFO]: 开始生成代码
[2024/7/3 19:13:5:703]-[INFO]: start create code
[2024/7/3 19:13:5:709]-[INFO]: end create code
[2024/7/3 19:13:5:710]-[INFO]: start create gt_ui.c
[2024/7/3 19:13:5:711]-[INFO]: end create gt_ui.c
[2024/7/3 19:13:5:711]-[INFO]: start create gt_ui.h
[2024/7/3 19:13:5:712]-[INFO]: end create gt_ui.h
[2024/7/3 19:13:5:712]-[INFO]: start create gt_ui.mk
[2024/7/3 19:13:5:713]-[INFO]: end create gt_ui.mk
[2024/7/3 19:13:5:713]-[INFO]: start create gt_conf.h
[2024/7/3 19:13:5:714]-[INFO]: end create gt_conf.h
[2024/7/3 19:13:5:714]-[INFO]: start create code
[2024/7/3 19:13:5:717]-[INFO]: end create code
[2024/7/3 19:13:5:717]-[INFO]: start create gt_ui.c
[2024/7/3 19:13:5:718]-[INFO]: end create gt_ui.c
[2024/7/3 19:13:5:718]-[INFO]: start create gt_ui.h
[2024/7/3 19:13:5:719]-[INFO]: end create gt_ui.h
[2024/7/3 19:13:5:719]-[INFO]: 开始编译
[2024/7/3 19:13:7:524]-[INFO]: "Compiling ./Makefile/../drivers/display/monitor.c"
[2024/7/3 19:13:8:17]-[INFO]: "Compiling ./Makefile/../drivers/display/icon.c"
[2024/7/3 19:13:8:232]-[INFO]: "Compiling ./Makefile/../drivers/indev/keyboard.c"
[2024/7/3 19:13:8:542]-[INFO]: "Compiling ./Makefile/../drivers/indev/mouse.c"
[2024/7/3 19:13:8:855]-[INFO]: "Compiling ./Makefile/../drivers/indev/mousewheel.c"
[2024/7/3 19:13:9:158]-[INFO]: "Compiling ./Makefile/../drivers/indev/evdev.c"
[2024/7/3 19:13:9:472]-[INFO]: "Compiling ./Makefile/../drivers/indev/libinput.c"
[2024/7/3 19:13:9:664]-[INFO]: "Compiling ./Makefile/../drivers/win_drv.c"
[2024/7/3 19:13:9:881]-[INFO]: "Compiling ./Makefile/../../GT-HMI-Engine/driver/gt_port_disp.c"
[2024/7/3 19:13:10:72]-[INFO]: "Compiling ./Makefile/../../GT-HMI-Engine/driver/gt_port_indev.c"
[2024/7/3 19:13:10:172]-[INFO]: "Compiling ./Makefile/../../GT-HMI-Engine/driver/gt_port_src.c"
[2024/7/3 19:13:10:371]-[INFO]: "Compiling ./Makefile/../../GT-HMI-Engine/driver/gt_port_vf.c"
[2024/7/3 19:13:10:601]-[INFO]: "Compiling ./Makefile/../../GT-HMI-Engine/src/core/gt_draw.c"
[2024/7/3 19:13:10:791]-[INFO]: "Compiling ./Makefile/../../GT-HMI-Engine/src/core/gt_disp.c"
[2024/7/3 19:13:11:105]-[INFO]: "Compiling ./Makefile/../../GT-HMI-Engine/src/core/gt_event.c"
[2024/7/3 19:13:11:402]-[INFO]: "Compiling ./Makefile/../../GT-HMI-Engine/src/core/gt_fs.c"
[2024/7/3 19:13:11:504]-[INFO]: "Compiling ./Makefile/../../GT-HMI-Engine/src/core/gt_graph_base.c"
[2024/7/3 19:13:11:825]-[INFO]: "Compiling ./Makefile/../../GT-HMI-Engine/src/core/gt_handler.c"
[2024/7/3 19:13:12:23]-[INFO]: "Compiling ./Makefile/../../GT-HMI-Engine/src/core/gt_img_decoder.c"
[2024/7/3 19:13:12:218]-[INFO]: "Compiling ./Makefile/../../GT-HMI-Engine/src/core/gt_indev.c"
[2024/7/3 19:13:12:320]-[INFO]: "Compiling ./Makefile/../../GT-HMI-Engine/src/core/gt_layout.c"
[2024/7/3 19:13:12:420]-[INFO]: "Compiling ./Makefile/../../GT-HMI-Engine/src/core/gt_mem.c"
[2024/7/3 19:13:12:744]-[INFO]: "Compiling ./Makefile/../../GT-HMI-Engine/src/core/gt_obj_pos.c"
[2024/7/3 19:13:12:945]-[INFO]: "Compiling ./Makefile/../../GT-HMI-Engine/src/core/gt_obj_scroll.c"
[2024/7/3 19:13:13:140]-[INFO]: "Compiling ./Makefile/../../GT-HMI-Engine/src/core/gt_refr.c"
[2024/7/3 19:13:13:457]-[INFO]: "Compiling ./Makefile/../../GT-HMI-Engine/src/core/gt_scr_stack.c"
[2024/7/3 19:13:13:796]-[INFO]: "Compiling ./Makefile/../../GT-HMI-Engine/src/core/gt_style.c"
[2024/7/3 19:13:14:77]-[INFO]: "Compiling ./Makefile/../../GT-HMI-Engine/src/core/gt_timer.c"
[2024/7/3 19:13:14:373]-[INFO]: "Compiling ./Makefile/../../GT-HMI-Engine/src/extra/gt_extra.c"
[2024/7/3 19:13:14:589]-[INFO]: "Compiling ./Makefile/../../GT-HMI-Engine/src/font/gt_font.c"
[2024/7/3 19:13:14:785]-[INFO]: "Compiling ./Makefile/../../GT-HMI-Engine/src/font/gt_symbol.c"
[2024/7/3 19:13:15:196]-[INFO]: "Compiling ./Makefile/../../GT-HMI-Engine/src/hal/gt_hal_disp.c"
[2024/7/3 19:13:15:492]-[INFO]: "Compiling ./Makefile/../../GT-HMI-Engine/src/hal/gt_hal_file_header.c"
[2024/7/3 19:13:15:724]-[INFO]: "Compiling ./Makefile/../../GT-HMI-Engine/src/hal/gt_hal_fs.c"
[2024/7/3 19:13:16:25]-[INFO]: "Compiling ./Makefile/../../GT-HMI-Engine/src/hal/gt_hal_indev.c"
[2024/7/3 19:13:16:209]-[INFO]: "Compiling ./Makefile/../../GT-HMI-Engine/src/hal/gt_hal_src.c"
[2024/7/3 19:13:16:320]-[INFO]: "Compiling ./Makefile/../../GT-HMI-Engine/src/hal/gt_hal_tick.c"
[2024/7/3 19:13:16:621]-[INFO]: "Compiling ./Makefile/../../GT-HMI-Engine/src/hal/gt_hal_vf.c"
[2024/7/3 19:13:16:840]-[INFO]: "Compiling ./Makefile/../../GT-HMI-Engine/src/widgets/gt_barcode.c"
[2024/7/3 19:13:17:143]-[INFO]: "Compiling ./Makefile/../../GT-HMI-Engine/src/widgets/gt_btn.c"
[2024/7/3 19:13:17:447]-[INFO]: "Compiling ./Makefile/../../GT-HMI-Engine/src/widgets/gt_btnmap.c"
[2024/7/3 19:13:17:653]-[INFO]: "Compiling ./Makefile/../../GT-HMI-Engine/src/widgets/gt_chat.c"
[2024/7/3 19:13:17:957]-[INFO]: "Compiling ./Makefile/../../GT-HMI-Engine/src/widgets/gt_checkbox.c"
[2024/7/3 19:13:18:257]-[INFO]: "Compiling ./Makefile/../../GT-HMI-Engine/src/widgets/gt_clock.c"
[2024/7/3 19:13:18:369]-[INFO]: "Compiling ./Makefile/../../GT-HMI-Engine/src/widgets/gt_dialog.c"
[2024/7/3 19:13:18:669]-[INFO]: "Compiling ./Makefile/../../GT-HMI-Engine/src/widgets/gt_gif.c"
[2024/7/3 19:13:18:784]-[INFO]: "Compiling ./Makefile/../../GT-HMI-Engine/src/widgets/gt_group.c"
[2024/7/3 19:13:19:90]-[INFO]: "Compiling ./Makefile/../../GT-HMI-Engine/src/widgets/gt_img.c"
[2024/7/3 19:13:19:399]-[INFO]: "Compiling ./Makefile/../../GT-HMI-Engine/src/widgets/gt_imgbtn.c"
[2024/7/3 19:13:19:591]-[INFO]: "Compiling ./Makefile/../../GT-HMI-Engine/src/widgets/gt_input_number.c"
[2024/7/3 19:13:19:814]-[INFO]: "Compiling ./Makefile/../../GT-HMI-Engine/src/widgets/gt_input.c"
[2024/7/3 19:13:20:100]-[INFO]: "Compiling ./Makefile/../../GT-HMI-Engine/src/widgets/gt_keypad.c"
[2024/7/3 19:13:20:223]-[INFO]: "Compiling ./Makefile/../../GT-HMI-Engine/src/widgets/gt_label.c"
[2024/7/3 19:13:20:416]-[INFO]: "Compiling ./Makefile/../../GT-HMI-Engine/src/widgets/gt_line.c"
[2024/7/3 19:13:20:738]-[INFO]: "Compiling ./Makefile/../../GT-HMI-Engine/src/widgets/gt_listview.c"
[2024/7/3 19:13:21:37]-[INFO]: "Compiling ./Makefile/../../GT-HMI-Engine/src/widgets/gt_obj_class.c"
[2024/7/3 19:13:21:343]-[INFO]: "Compiling ./Makefile/../../GT-HMI-Engine/src/widgets/gt_obj.c"
[2024/7/3 19:13:21:637]-[INFO]: "Compiling ./Makefile/../../GT-HMI-Engine/src/widgets/gt_option.c"
[2024/7/3 19:13:21:753]-[INFO]: "Compiling ./Makefile/../../GT-HMI-Engine/src/widgets/gt_player.c"
[2024/7/3 19:13:22:52]-[INFO]: "Compiling ./Makefile/../../GT-HMI-Engine/src/widgets/gt_progress_bar.c"
[2024/7/3 19:13:22:269]-[INFO]: "Compiling ./Makefile/../../GT-HMI-Engine/src/widgets/gt_qrcode.c"
[2024/7/3 19:13:22:574]-[INFO]: "Compiling ./Makefile/../../GT-HMI-Engine/src/widgets/gt_radio.c"
[2024/7/3 19:13:22:775]-[INFO]: "Compiling ./Makefile/../../GT-HMI-Engine/src/widgets/gt_rect.c"
[2024/7/3 19:13:22:985]-[INFO]: "Compiling ./Makefile/../../GT-HMI-Engine/src/widgets/gt_roller.c"
[2024/7/3 19:13:23:276]-[INFO]: "Compiling ./Makefile/../../GT-HMI-Engine/src/widgets/gt_slider.c"
[2024/7/3 19:13:23:581]-[INFO]: "Compiling ./Makefile/../../GT-HMI-Engine/src/widgets/gt_status_bar.c"
[2024/7/3 19:13:23:694]-[INFO]: "Compiling ./Makefile/../../GT-HMI-Engine/src/widgets/gt_switch.c"
[2024/7/3 19:13:23:996]-[INFO]: "Compiling ./Makefile/../../GT-HMI-Engine/src/widgets/gt_template.c"
[2024/7/3 19:13:24:105]-[INFO]: "Compiling ./Makefile/../../GT-HMI-Engine/src/widgets/gt_textarea.c"
[2024/7/3 19:13:24:409]-[INFO]: "Compiling ./Makefile/../../GT-HMI-Engine/src/widgets/gt_wordart.c"
[2024/7/3 19:13:24:518]-[INFO]: "Compiling ./Makefile/../../GT-HMI-Engine/src/widgets/gt_view_pager.c"
[2024/7/3 19:13:24:815]-[INFO]: "Compiling ./Makefile/../../GT-HMI-Engine/src/others/gt_anim.c"
[2024/7/3 19:13:25:30]-[INFO]: "Compiling ./Makefile/../../GT-HMI-Engine/src/others/gt_area.c"
[2024/7/3 19:13:25:332]-[INFO]: "Compiling ./Makefile/../../GT-HMI-Engine/src/others/gt_color.c"
[2024/7/3 19:13:25:644]-[INFO]: "Compiling ./Makefile/../../GT-HMI-Engine/src/others/gt_effects.c"
[2024/7/3 19:13:25:840]-[INFO]: "Compiling ./Makefile/../../GT-HMI-Engine/src/others/gt_gc.c"
[2024/7/3 19:13:26:151]-[INFO]: "Compiling ./Makefile/../../GT-HMI-Engine/src/others/gt_ll.c"
[2024/7/3 19:13:26:480]-[INFO]: "Compiling ./Makefile/../../GT-HMI-Engine/src/others/gt_math.c"
[2024/7/3 19:13:26:668]-[INFO]: "Compiling ./Makefile/../../GT-HMI-Engine/src/others/gt_tlsf.c"
[2024/7/3 19:13:26:862]-[INFO]: "Compiling ./Makefile/../../GT-HMI-Engine/src/others/gt_txt.c"
[2024/7/3 19:13:26:964]-[INFO]: "Compiling ./Makefile/../../GT-HMI-Engine/src/utils/gt_stack.c"
[2024/7/3 19:13:27:281]-[INFO]: "Compiling ./Makefile/../../GT-HMI-Engine/src/utils/gt_vector.c"
[2024/7/3 19:13:27:585]-[INFO]: "Compiling ./Makefile/../../GT-HMI-Engine/src/extra/draw/gt_draw_blend_with_argb888.c"
[2024/7/3 19:13:27:786]-[INFO]: "Compiling ./Makefile/../../GT-HMI-Engine/src/extra/draw/gt_draw_blend_with_rgb565.c"
[2024/7/3 19:13:28:0]-[INFO]: "Compiling ./Makefile/../../GT-HMI-Engine/src/extra/draw/gt_draw_blend_with_rgb888.c"
[2024/7/3 19:13:28:195]-[INFO]: "Compiling ./Makefile/../../GT-HMI-Engine/src/extra/draw/gt_draw_blend.c"
[2024/7/3 19:13:28:513]-[INFO]: "Compiling ./Makefile/../../GT-HMI-Engine/src/extra/png/gt_png.c"
[2024/7/3 19:13:28:806]-[INFO]: "Compiling ./Makefile/../../GT-HMI-Engine/src/extra/png/lodepng.c"
[2024/7/3 19:13:29:31]-[INFO]: "Compiling ./Makefile/../../GT-HMI-Engine/src/extra/jpeg/gt_sjpg.c"
[2024/7/3 19:13:29:330]-[INFO]: "Compiling ./Makefile/../../GT-HMI-Engine/src/extra/jpeg/tjpgd.c"
[2024/7/3 19:13:29:632]-[INFO]: "Compiling ./Makefile/../../GT-HMI-Engine/src/extra/gif/gifdec.c"
[2024/7/3 19:13:29:840]-[INFO]: "Compiling ./Makefile/../../app/ui/gt_ui.c"
[2024/7/3 19:13:30:42]-[INFO]: "Compiling ./Makefile/../../app/ui/gt_init_screen_home.c"
[2024/7/3 19:13:30:242]-[INFO]: "Compiling ./Makefile/../../app/imgs/img_src_0.c"
[2024/7/3 19:13:30:454]-[INFO]: "Compiling ./Makefile/../../app/imgs/gt_src.c"
[2024/7/3 19:13:30:768]-[INFO]: "Compiling ./Makefile/../main.c"
[2024/7/3 19:13:31:488]-[INFO]: "Linking app.exe"
[2024/7/3 19:13:31:977]-[INFO]: 编译完成, 正在启动中...
[2024/7/3 19:13:32:587]-[INFO]: 开始运行
[2024/7/3 19:13:32:689]-[INFO]: Added 21384 bytes from img_72x99_1.png, offset: 0
[2024/7/3 19:13:32:689]-[INFO]: Added 21384 bytes from img_72x99_2.png, offset: 21384
[2024/7/3 19:13:32:690]-[INFO]: Added 21384 bytes from img_72x99_3.png, offset: 42768
[2024/7/3 19:13:32:690]-[INFO]: Added 11286 bytes from img_99x38_8.png, offset: 64152
[2024/7/3 19:13:32:691]-[INFO]: Added 11286 bytes from img_99x38_9.png, offset: 75438
[2024/7/3 19:13:32:693]-[INFO]: Total size of binary data: 86724 bytes
[2024/7/3 19:13:32:696]-[INFO]: Begin to compound the font and source bin file.
[2024/7/3 19:13:32:696]-[INFO]: Begin to export the font bin.
[2024/7/3 19:13:32:933]-[INFO]: Begin to create lib source file...
[2024/7/3 19:13:33:339]-[INFO]: Begin to export the whole resource bin file.
[2024/7/3 19:13:33:342]-[INFO]: Begin to export images driver code.
[2024/7/3 19:13:33:344]-[INFO]: Begin to build the font library.
[2024/7/3 19:13:33:350]-[INFO]: Begin to exec keil5 cmd to build lib file...
[2024/7/3 19:13:36:260]-[INFO]: 字库lib文件路径: C:\Program Files\GT-HMI Designer\gui-hmi-tools\gui-win\app\build\board.
[2024/7/3 19:13:36:264]-[INFO]: build font lib or static lib by keil5.
[2024/7/3 19:13:36:277]-[INFO]: Begin to compound the font and source bin file.
[2024/7/3 19:13:36:281]-[INFO]: Begin to export the whole resource bin file.
[2024/7/3 19:13:36:282]-[INFO]: Begin to export images driver code.
[2024/7/3 19:13:36:685]-[INFO]: =========== Done ===========
[2024/7/3 19:13:36:886]-[INFO]: 素材bin文件路径: C:\Users\Z\Desktop\HMI 测试文件\2_8c_microwave_oven\board.
[2024/7/3 19:13:36:891]-[INFO]: 素材bin文件路径: C:\Users\Z\Desktop\HMI 测试文件\2_8c_microwave_oven\out.
[2024/7/3 19:13:36:987]-[INFO]: 素材数组调用代码路径: C:\Users\Z\Desktop\HMI 测试文件\2_8c_microwave_oven\sources\ui.
[2024/7/3 19:13:36:988]-[INFO]: 素材flash调用代码路径: C:\Users\Z\Desktop\HMI 测试文件\2_8c_microwave_oven\screen.
